Using pre-set license
Built from '2021.2/staging' branch; Version is '2021.2.19f1 (602ecdbb2fb0) revision 6303437'; Using compiler version '192829333'; Build Type 'Release'
OS: 'Windows 10  (10.0.19043) 64bit Professional' Language: 'en' Physical Memory: 32694 MB
BatchMode: 1, IsHumanControllingUs: 0, StartBugReporterOnCrash: 0, Is64bit: 1, IsPro: 1

COMMAND LINE ARGUMENTS:
C:\Program Files\Unity\Hub\Editor\2021.2.19f1\Editor\Unity.exe
-adb2
-batchMode
-noUpm
-name
AssetImportWorker8
-projectPath
C:/Users/Benjy/Documents/Unity/Suburb
-logFile
Logs/AssetImportWorker8.log
-srvPort
62827
Successfully changed project path to: C:/Users/Benjy/Documents/Unity/Suburb
C:/Users/Benjy/Documents/Unity/Suburb
[UnityMemory] Configuration Parameters - Can be set up in boot.config
    "memorysetup-bucket-allocator-granularity=16"
    "memorysetup-bucket-allocator-bucket-count=8"
    "memorysetup-bucket-allocator-block-size=33554432"
    "memorysetup-bucket-allocator-block-count=8"
    "memorysetup-main-allocator-block-size=16777216"
    "memorysetup-thread-allocator-block-size=16777216"
    "memorysetup-gfx-main-allocator-block-size=16777216"
    "memorysetup-gfx-thread-allocator-block-size=16777216"
    "memorysetup-cache-allocator-block-size=4194304"
    "memorysetup-typetree-allocator-block-size=2097152"
    "memorysetup-profiler-bucket-allocator-granularity=16"
    "memorysetup-profiler-bucket-allocator-bucket-count=8"
    "memorysetup-profiler-bucket-allocator-block-size=33554432"
    "memorysetup-profiler-bucket-allocator-block-count=8"
    "memorysetup-profiler-allocator-block-size=16777216"
    "memorysetup-profiler-editor-allocator-block-size=1048576"
    "memorysetup-temp-allocator-size-main=16777216"
    "memorysetup-job-temp-allocator-block-size=2097152"
    "memorysetup-job-temp-allocator-block-size-background=1048576"
    "memorysetup-job-temp-allocator-reduction-small-platforms=262144"
    "memorysetup-temp-allocator-size-background-worker=32768"
    "memorysetup-temp-allocator-size-job-worker=262144"
    "memorysetup-temp-allocator-size-preload-manager=33554432"
    "memorysetup-temp-allocator-size-nav-mesh-worker=65536"
    "memorysetup-temp-allocator-size-audio-worker=65536"
    "memorysetup-temp-allocator-size-cloud-worker=32768"
    "memorysetup-temp-allocator-size-gi-baking-worker=262144"
    "memorysetup-temp-allocator-size-gfx=262144"
Refreshing native plugins compatible for Editor in 63.32 ms, found 3 plugins.
Preloading 0 native plugins for Editor in 0.00 ms.
Initialize engine version: 2021.2.19f1 (602ecdbb2fb0)
[Subsystems] Discovering subsystems at path C:/Program Files/Unity/Hub/Editor/2021.2.19f1/Editor/Data/Resources/UnitySubsystems
[Subsystems] Discovering subsystems at path C:/Users/Benjy/Documents/Unity/Suburb/Assets
GfxDevice: creating device client; threaded=0; jobified=0
Direct3D:
    Version:  Direct3D 11.0 [level 11.1]
    Renderer: NVIDIA GeForce RTX 3060 (ID=0x2487)
    Vendor:   NVIDIA
    VRAM:     12137 MB
    Driver:   31.0.15.1659
Initialize mono
Mono path[0] = 'C:/Program Files/Unity/Hub/Editor/2021.2.19f1/Editor/Data/Managed'
Mono path[1] = 'C:/Program Files/Unity/Hub/Editor/2021.2.19f1/Editor/Data/MonoBleedingEdge/lib/mono/unityjit-win32'
Mono config path = 'C:/Program Files/Unity/Hub/Editor/2021.2.19f1/Editor/Data/MonoBleedingEdge/etc'
Using monoOptions --debugger-agent=transport=dt_socket,embedding=1,server=y,suspend=n,address=127.0.0.1:56676
Begin MonoManager ReloadAssembly
Registering precompiled unity dll's ...
Register platform support module: C:/Program Files/Unity/Hub/Editor/2021.2.19f1/Editor/Data/PlaybackEngines/WebGLSupport/UnityEditor.WebGL.Extensions.dll
Register platform support module: C:/Program Files/Unity/Hub/Editor/2021.2.19f1/Editor/Data/PlaybackEngines/AndroidPlayer/UnityEditor.Android.Extensions.dll
Register platform support module: C:/Program Files/Unity/Hub/Editor/2021.2.19f1/Editor/Data/PlaybackEngines/WindowsStandaloneSupport/UnityEditor.WindowsStandalone.Extensions.dll
Register platform support module: C:/Program Files/Unity/Hub/Editor/2021.2.19f1/Editor/Data/PlaybackEngines/MetroSupport/UnityEditor.UWP.Extensions.dll
Registered in 0.007748 seconds.
Native extension for UWP target not found
Native extension for WindowsStandalone target not found
Native extension for Android target not found
Native extension for WebGL target not found
Refreshing native plugins compatible for Editor in 63.76 ms, found 3 plugins.
Preloading 0 native plugins for Editor in 0.00 ms.
Mono: successfully reloaded assembly
- Completed reload, in  0.470 seconds
Domain Reload Profiling:
	ReloadAssembly (470ms)
		BeginReloadAssembly (53ms)
			ExecutionOrderSort (0ms)
			DisableScriptedObjects (0ms)
			BackupInstance (0ms)
			ReleaseScriptingObjects (0ms)
			CreateAndSetChildDomain (1ms)
		EndReloadAssembly (336ms)
			LoadAssemblies (51ms)
			RebuildTransferFunctionScriptingTraits (0ms)
			SetupTypeCache (72ms)
			ReleaseScriptCaches (0ms)
			RebuildScriptCaches (18ms)
			SetupLoadedEditorAssemblies (209ms)
				LogAssemblyErrors (0ms)
				InitializePlatformSupportModulesInManaged (43ms)
				SetLoadedEditorAssemblies (0ms)
				RefreshPlugins (64ms)
				BeforeProcessingInitializeOnLoad (1ms)
				ProcessInitializeOnLoadAttributes (70ms)
				ProcessInitializeOnLoadMethodAttributes (30ms)
				AfterProcessingInitializeOnLoad (0ms)
				EditorAssembliesLoaded (0ms)
			ExecutionOrderSort2 (0ms)
			AwakeInstancesAfterBackupRestoration (0ms)
Platform modules already initialized, skipping
Registering precompiled user dll's ...
Registered in 0.004453 seconds.
Android Extension - Scanning For ADB Devices 639 ms
Begin MonoManager ReloadAssembly
Symbol file LoadedFromMemory doesn't match image C:\Users\Benjy\Documents\Unity\Suburb\Library\PackageCache\com.unity.visualscripting@1.7.6\Editor\VisualScripting.Core\Dependencies\YamlDotNet\Unity.VisualScripting.YamlDotNet.dll
Symbol file LoadedFromMemory is not a mono symbol file
Symbol file LoadedFromMemory doesn't match image C:\Users\Benjy\Documents\Unity\Suburb\Library\PackageCache\com.unity.visualscripting@1.7.6\Editor\VisualScripting.Core\Dependencies\DotNetZip\Unity.VisualScripting.IonicZip.dll
Native extension for UWP target not found
Native extension for WindowsStandalone target not found
Native extension for Android target not found
Native extension for WebGL target not found
Refreshing native plugins compatible for Editor in 0.58 ms, found 3 plugins.
Preloading 0 native plugins for Editor in 0.00 ms.
Mono: successfully reloaded assembly
- Completed reload, in  0.708 seconds
Domain Reload Profiling:
	ReloadAssembly (709ms)
		BeginReloadAssembly (80ms)
			ExecutionOrderSort (0ms)
			DisableScriptedObjects (5ms)
			BackupInstance (0ms)
			ReleaseScriptingObjects (0ms)
			CreateAndSetChildDomain (15ms)
		EndReloadAssembly (548ms)
			LoadAssemblies (61ms)
			RebuildTransferFunctionScriptingTraits (0ms)
			SetupTypeCache (165ms)
			ReleaseScriptCaches (0ms)
			RebuildScriptCaches (34ms)
			SetupLoadedEditorAssemblies (261ms)
				LogAssemblyErrors (0ms)
				InitializePlatformSupportModulesInManaged (13ms)
				SetLoadedEditorAssemblies (0ms)
				RefreshPlugins (1ms)
				BeforeProcessingInitializeOnLoad (64ms)
				ProcessInitializeOnLoadAttributes (161ms)
				ProcessInitializeOnLoadMethodAttributes (16ms)
				AfterProcessingInitializeOnLoad (7ms)
				EditorAssembliesLoaded (0ms)
			ExecutionOrderSort2 (0ms)
			AwakeInstancesAfterBackupRestoration (4ms)
Platform modules already initialized, skipping
========================================================================
Worker process is ready to serve import requests
Launched and connected shader compiler UnityShaderCompiler.exe after 0.03 seconds
Refreshing native plugins compatible for Editor in 0.60 ms, found 3 plugins.
Preloading 0 native plugins for Editor in 0.00 ms.
Unloading 3253 Unused Serialized files (Serialized files now loaded: 0)
Unloading 23 unused Assets / (113.9 KB). Loaded Objects now: 3750.
Memory consumption went from 135.5 MB to 135.4 MB.
Total: 2.204600 ms (FindLiveObjects: 0.172000 ms CreateObjectMapping: 0.069600 ms MarkObjects: 1.871500 ms  DeleteObjects: 0.090900 ms)

AssetImportParameters requested are different than current active one (requested -> active):
  custom:video-decoder-ogg-theora: a1e56fd34408186e4bbccfd4996cb3dc -> 
  custom:container-muxer-webm: aa71ff27fc2769a1b78a27578f13a17b -> 
  custom:container-demuxer-webm: 4f35f7cbe854078d1ac9338744f61a02 -> 
  custom:video-encoder-webm-vp8: eb34c28f22e8b96e1ab97ce403110664 -> 
  custom:video-codec-MediaFoundation-h265: 746d11721c4dcdbdad8f713fa42b33f4 -> 
  custom:audio-encoder-webm-vorbis: bf7c407c2cedff20999df2af8eb42d56 -> 
  custom:framework-win-MediaFoundation: 216162199b28c13a410421893ffa2e32 -> 
  custom:container-demuxer-ogg: 62fdf1f143b41e24485cea50d1cbac27 -> 
  custom:video-decoder-webm-vp8: 9c59270c3fd7afecdb556c50c9e8de78 -> 
  custom:audio-decoder-ogg-vorbis: bf7c407c2cedff20999df2af8eb42d56 -> 
========================================================================
Received Prepare
Registering precompiled user dll's ...
Registered in 0.003438 seconds.
Begin MonoManager ReloadAssembly
Symbol file LoadedFromMemory doesn't match image C:\Users\Benjy\Documents\Unity\Suburb\Library\PackageCache\com.unity.visualscripting@1.7.6\Editor\VisualScripting.Core\Dependencies\YamlDotNet\Unity.VisualScripting.YamlDotNet.dll
Symbol file LoadedFromMemory is not a mono symbol file
Symbol file LoadedFromMemory doesn't match image C:\Users\Benjy\Documents\Unity\Suburb\Library\PackageCache\com.unity.visualscripting@1.7.6\Editor\VisualScripting.Core\Dependencies\DotNetZip\Unity.VisualScripting.IonicZip.dll
Native extension for UWP target not found
Native extension for WindowsStandalone target not found
Native extension for Android target not found
Native extension for WebGL target not found
Refreshing native plugins compatible for Editor in 0.92 ms, found 3 plugins.
Preloading 0 native plugins for Editor in 0.00 ms.
Mono: successfully reloaded assembly
- Completed reload, in  0.805 seconds
Domain Reload Profiling:
	ReloadAssembly (806ms)
		BeginReloadAssembly (109ms)
			ExecutionOrderSort (0ms)
			DisableScriptedObjects (4ms)
			BackupInstance (0ms)
			ReleaseScriptingObjects (0ms)
			CreateAndSetChildDomain (29ms)
		EndReloadAssembly (622ms)
			LoadAssemblies (72ms)
			RebuildTransferFunctionScriptingTraits (0ms)
			SetupTypeCache (200ms)
			ReleaseScriptCaches (1ms)
			RebuildScriptCaches (32ms)
			SetupLoadedEditorAssemblies (278ms)
				LogAssemblyErrors (0ms)
				InitializePlatformSupportModulesInManaged (22ms)
				SetLoadedEditorAssemblies (0ms)
				RefreshPlugins (1ms)
				BeforeProcessingInitializeOnLoad (59ms)
				ProcessInitializeOnLoadAttributes (168ms)
				ProcessInitializeOnLoadMethodAttributes (19ms)
				AfterProcessingInitializeOnLoad (9ms)
				EditorAssembliesLoaded (0ms)
			ExecutionOrderSort2 (0ms)
			AwakeInstancesAfterBackupRestoration (4ms)
Platform modules already initialized, skipping
Refreshing native plugins compatible for Editor in 1.80 ms, found 3 plugins.
Preloading 0 native plugins for Editor in 0.00 ms.
Unloading 3235 Unused Serialized files (Serialized files now loaded: 0)
Unloading 16 unused Assets / (82.5 KB). Loaded Objects now: 3753.
Memory consumption went from 134.1 MB to 134.0 MB.
Total: 2.627400 ms (FindLiveObjects: 0.199600 ms CreateObjectMapping: 0.074300 ms MarkObjects: 2.266100 ms  DeleteObjects: 0.086700 ms)

AssetImportParameters requested are different than current active one (requested -> active):
  custom:video-decoder-ogg-theora: a1e56fd34408186e4bbccfd4996cb3dc -> 
  custom:container-muxer-webm: aa71ff27fc2769a1b78a27578f13a17b -> 
  custom:container-demuxer-webm: 4f35f7cbe854078d1ac9338744f61a02 -> 
  custom:video-encoder-webm-vp8: eb34c28f22e8b96e1ab97ce403110664 -> 
  custom:video-codec-MediaFoundation-h265: 746d11721c4dcdbdad8f713fa42b33f4 -> 
  custom:audio-encoder-webm-vorbis: bf7c407c2cedff20999df2af8eb42d56 -> 
  custom:framework-win-MediaFoundation: 216162199b28c13a410421893ffa2e32 -> 
  custom:container-demuxer-ogg: 62fdf1f143b41e24485cea50d1cbac27 -> 
  custom:video-decoder-webm-vp8: 9c59270c3fd7afecdb556c50c9e8de78 -> 
  custom:audio-decoder-ogg-vorbis: bf7c407c2cedff20999df2af8eb42d56 -> 
========================================================================
Received Import Request.
  Time since last request: 1052823.238545 seconds.
  path: Assets/Imported Mats/[2K]Wood08/Wood08_nrm.jpg
  artifactKey: Guid(a6d4e7406ed377c4b9548be81d047b23) Importer(815301076,1909f56bfc062723c751e8b465ee728b)
Start importing Assets/Imported Mats/[2K]Wood08/Wood08_nrm.jpg using Guid(a6d4e7406ed377c4b9548be81d047b23) Importer(815301076,1909f56bfc062723c751e8b465ee728b)  -> (artifact id: '466440323cecf7f994e193e6ee47d98a') in 0.071010 seconds 
========================================================================
Received Import Request.
  Time since last request: 7.564098 seconds.
  path: Assets/Imported Mats/Metal012_2K-JPG/Metal012_2K_Metalness.jpg
  artifactKey: Guid(e5239ba26a0bf564c92574d1f84faf7a) Importer(815301076,1909f56bfc062723c751e8b465ee728b)
Start importing Assets/Imported Mats/Metal012_2K-JPG/Metal012_2K_Metalness.jpg using Guid(e5239ba26a0bf564c92574d1f84faf7a) Importer(815301076,1909f56bfc062723c751e8b465ee728b)  -> (artifact id: '9f4d76e3e6309a313453b8a1c1fb13dc') in 0.006843 seconds 
========================================================================
Received Import Request.
  Time since last request: 0.000016 seconds.
  path: Assets/Imported Mats/Metal012_2K-JPG/Metal012_2K_Roughness.jpg
  artifactKey: Guid(2aa93a4842700f94f89be86c13502fb3) Importer(815301076,1909f56bfc062723c751e8b465ee728b)
Start importing Assets/Imported Mats/Metal012_2K-JPG/Metal012_2K_Roughness.jpg using Guid(2aa93a4842700f94f89be86c13502fb3) Importer(815301076,1909f56bfc062723c751e8b465ee728b)  -> (artifact id: '6c297cb654e9f7713d8bb39bd201a7c3') in 0.008041 seconds 
========================================================================
Received Import Request.
  Time since last request: 8.510530 seconds.
  path: Assets/Imported Mats/Ground037_2K-JPG/Ground037_2K_Color.jpg
  artifactKey: Guid(647b3f972416749408ced7ebf31d74d1) Importer(815301076,1909f56bfc062723c751e8b465ee728b)
Start importing Assets/Imported Mats/Ground037_2K-JPG/Ground037_2K_Color.jpg using Guid(647b3f972416749408ced7ebf31d74d1) Importer(815301076,1909f56bfc062723c751e8b465ee728b)  -> (artifact id: '00bbc844216a4e82b0f95bbb7b0326a2') in 0.009471 seconds 
========================================================================
Received Import Request.
  Time since last request: 16.079304 seconds.
  path: Assets/Imported Mats/Gravel023_2K-JPG/Gravel023_2K_Displacement.jpg
  artifactKey: Guid(fd28152de4837e547b39d1e3175424cb) Importer(815301076,1909f56bfc062723c751e8b465ee728b)
Start importing Assets/Imported Mats/Gravel023_2K-JPG/Gravel023_2K_Displacement.jpg using Guid(fd28152de4837e547b39d1e3175424cb) Importer(815301076,1909f56bfc062723c751e8b465ee728b)  -> (artifact id: '5bdff97835ef1f49131b727b3994d5e9') in 0.009305 seconds 
========================================================================
Received Import Request.
  Time since last request: 0.000017 seconds.
  path: Assets/Imported Mats/Gravel023_2K-JPG/Gravel023_PREVIEW.jpg
  artifactKey: Guid(705d832e5624a7849b71a04dab21c143) Importer(815301076,1909f56bfc062723c751e8b465ee728b)
Start importing Assets/Imported Mats/Gravel023_2K-JPG/Gravel023_PREVIEW.jpg using Guid(705d832e5624a7849b71a04dab21c143) Importer(815301076,1909f56bfc062723c751e8b465ee728b)  -> (artifact id: '900a674be674aa23a7ef84ae78147413') in 0.007668 seconds 
========================================================================
Received Prepare
Registering precompiled user dll's ...
Registered in 0.004043 seconds.
Begin MonoManager ReloadAssembly
Symbol file LoadedFromMemory doesn't match image C:\Users\Benjy\Documents\Unity\Suburb\Library\PackageCache\com.unity.visualscripting@1.7.6\Editor\VisualScripting.Core\Dependencies\YamlDotNet\Unity.VisualScripting.YamlDotNet.dll
Symbol file LoadedFromMemory is not a mono symbol file
Symbol file LoadedFromMemory doesn't match image C:\Users\Benjy\Documents\Unity\Suburb\Library\PackageCache\com.unity.visualscripting@1.7.6\Editor\VisualScripting.Core\Dependencies\DotNetZip\Unity.VisualScripting.IonicZip.dll
Native extension for UWP target not found
Native extension for WindowsStandalone target not found
Native extension for Android target not found
Native extension for WebGL target not found
Refreshing native plugins compatible for Editor in 0.63 ms, found 3 plugins.
Preloading 0 native plugins for Editor in 0.00 ms.
Mono: successfully reloaded assembly
- Completed reload, in  0.783 seconds
Domain Reload Profiling:
	ReloadAssembly (784ms)
		BeginReloadAssembly (108ms)
			ExecutionOrderSort (0ms)
			DisableScriptedObjects (4ms)
			BackupInstance (0ms)
			ReleaseScriptingObjects (0ms)
			CreateAndSetChildDomain (35ms)
		EndReloadAssembly (601ms)
			LoadAssemblies (71ms)
			RebuildTransferFunctionScriptingTraits (0ms)
			SetupTypeCache (199ms)
			ReleaseScriptCaches (1ms)
			RebuildScriptCaches (29ms)
			SetupLoadedEditorAssemblies (267ms)
				LogAssemblyErrors (0ms)
				InitializePlatformSupportModulesInManaged (22ms)
				SetLoadedEditorAssemblies (0ms)
				RefreshPlugins (1ms)
				BeforeProcessingInitializeOnLoad (57ms)
				ProcessInitializeOnLoadAttributes (159ms)
				ProcessInitializeOnLoadMethodAttributes (19ms)
				AfterProcessingInitializeOnLoad (8ms)
				EditorAssembliesLoaded (0ms)
			ExecutionOrderSort2 (0ms)
			AwakeInstancesAfterBackupRestoration (4ms)
Platform modules already initialized, skipping
Refreshing native plugins compatible for Editor in 1.45 ms, found 3 plugins.
Preloading 0 native plugins for Editor in 0.00 ms.
Unloading 3235 Unused Serialized files (Serialized files now loaded: 0)
Unloading 16 unused Assets / (82.4 KB). Loaded Objects now: 3761.
Memory consumption went from 138.4 MB to 138.3 MB.
Total: 2.233600 ms (FindLiveObjects: 0.206300 ms CreateObjectMapping: 0.073200 ms MarkObjects: 1.855200 ms  DeleteObjects: 0.098300 ms)

AssetImportParameters requested are different than current active one (requested -> active):
  custom:video-decoder-ogg-theora: a1e56fd34408186e4bbccfd4996cb3dc -> 
  custom:container-muxer-webm: aa71ff27fc2769a1b78a27578f13a17b -> 
  custom:container-demuxer-webm: 4f35f7cbe854078d1ac9338744f61a02 -> 
  custom:video-encoder-webm-vp8: eb34c28f22e8b96e1ab97ce403110664 -> 
  custom:video-codec-MediaFoundation-h265: 746d11721c4dcdbdad8f713fa42b33f4 -> 
  custom:audio-encoder-webm-vorbis: bf7c407c2cedff20999df2af8eb42d56 -> 
  custom:framework-win-MediaFoundation: 216162199b28c13a410421893ffa2e32 -> 
  custom:container-demuxer-ogg: 62fdf1f143b41e24485cea50d1cbac27 -> 
  custom:video-decoder-webm-vp8: 9c59270c3fd7afecdb556c50c9e8de78 -> 
  custom:audio-decoder-ogg-vorbis: bf7c407c2cedff20999df2af8eb42d56 -> 
========================================================================
Received Import Request.
  Time since last request: 70.141884 seconds.
  path: Assets/Prefabs/House/Mats/House Shingles.mat
  artifactKey: Guid(0a80bf986fdb7d34c9e63c24f46214c9) Importer(815301076,1909f56bfc062723c751e8b465ee728b)
Start importing Assets/Prefabs/House/Mats/House Shingles.mat using Guid(0a80bf986fdb7d34c9e63c24f46214c9) Importer(815301076,1909f56bfc062723c751e8b465ee728b)  -> (artifact id: '4d5f0b1895ef656ac63a78bb026916db') in 0.087230 seconds 
========================================================================
Received Import Request.
  Time since last request: 1.467128 seconds.
  path: Assets/Prefabs/House/Parts/House Corner Roof 1.prefab
  artifactKey: Guid(650a9669013b98d488e33075deceabcc) Importer(815301076,1909f56bfc062723c751e8b465ee728b)
Start importing Assets/Prefabs/House/Parts/House Corner Roof 1.prefab using Guid(650a9669013b98d488e33075deceabcc) Importer(815301076,1909f56bfc062723c751e8b465ee728b)  -> (artifact id: '95d6b31088108c3524e6fdb93d1fa469') in 0.021781 seconds 
========================================================================
Received Import Request.
  Time since last request: 0.000015 seconds.
  path: Assets/Prefabs/House/Parts/House Junction Roof.prefab
  artifactKey: Guid(378309ed394e9f741bfefc6db02dc22d) Importer(815301076,1909f56bfc062723c751e8b465ee728b)
Start importing Assets/Prefabs/House/Parts/House Junction Roof.prefab using Guid(378309ed394e9f741bfefc6db02dc22d) Importer(815301076,1909f56bfc062723c751e8b465ee728b)  -> (artifact id: 'bd1fad5cb4e8cbb2d78e523b587d6e85') in 0.009888 seconds 
========================================================================
Received Import Request.
  Time since last request: 0.000019 seconds.
  path: Assets/Prefabs/House/Parts/Yard Roof 3.prefab
  artifactKey: Guid(2df5a2e7827af6646931e4316808bacc) Importer(815301076,1909f56bfc062723c751e8b465ee728b)
Start importing Assets/Prefabs/House/Parts/Yard Roof 3.prefab using Guid(2df5a2e7827af6646931e4316808bacc) Importer(815301076,1909f56bfc062723c751e8b465ee728b)  -> (artifact id: '1f6cf90c13df4afe55a6f81ca7869292') in 0.010057 seconds 
========================================================================
Received Import Request.
  Time since last request: 0.000013 seconds.
  path: Assets/Prefabs/House/Parts/House Roof Corner Flap Small.prefab
  artifactKey: Guid(970bfeb01edf0fe4da5dce91edd074c3) Importer(815301076,1909f56bfc062723c751e8b465ee728b)
Start importing Assets/Prefabs/House/Parts/House Roof Corner Flap Small.prefab using Guid(970bfeb01edf0fe4da5dce91edd074c3) Importer(815301076,1909f56bfc062723c751e8b465ee728b)  -> (artifact id: 'b229a60264641b866e886578405cb799') in 0.010479 seconds 
========================================================================
Received Import Request.
  Time since last request: 0.000016 seconds.
  path: Assets/Prefabs/House/Parts/House Wall 01-5.prefab
  artifactKey: Guid(d40db34e0b04bf745a3838c07454dc96) Importer(815301076,1909f56bfc062723c751e8b465ee728b)
Start importing Assets/Prefabs/House/Parts/House Wall 01-5.prefab using Guid(d40db34e0b04bf745a3838c07454dc96) Importer(815301076,1909f56bfc062723c751e8b465ee728b)  -> (artifact id: 'da3443802d9840283357e15e57c44458') in 0.010685 seconds 
========================================================================
Received Import Request.
  Time since last request: 0.000017 seconds.
  path: Assets/Prefabs/House/Parts/House Straight Roof.prefab
  artifactKey: Guid(cbb24a74e823a5041a43b13bd585362f) Importer(815301076,1909f56bfc062723c751e8b465ee728b)
Start importing Assets/Prefabs/House/Parts/House Straight Roof.prefab using Guid(cbb24a74e823a5041a43b13bd585362f) Importer(815301076,1909f56bfc062723c751e8b465ee728b)  -> (artifact id: '56c6ba1d54b2c0354071b59fdeabec55') in 0.010433 seconds 
========================================================================
Received Import Request.
  Time since last request: 0.000018 seconds.
  path: Assets/Prefabs/House/Parts/House Dead End Roof 1.prefab
  artifactKey: Guid(35f84b6edc962d0469740929f626d682) Importer(815301076,1909f56bfc062723c751e8b465ee728b)
Start importing Assets/Prefabs/House/Parts/House Dead End Roof 1.prefab using Guid(35f84b6edc962d0469740929f626d682) Importer(815301076,1909f56bfc062723c751e8b465ee728b)  -> (artifact id: '5f6dd81ea64332b8e02e8126f530163a') in 0.009290 seconds 
========================================================================
Received Import Request.
  Time since last request: 0.000013 seconds.
  path: Assets/Prefabs/House/Parts/House Wall 10-0.prefab
  artifactKey: Guid(7603a1e2a8d873b4b85e22a8e2a0db84) Importer(815301076,1909f56bfc062723c751e8b465ee728b)
Start importing Assets/Prefabs/House/Parts/House Wall 10-0.prefab using Guid(7603a1e2a8d873b4b85e22a8e2a0db84) Importer(815301076,1909f56bfc062723c751e8b465ee728b)  -> (artifact id: 'ad2ca12b2da084e7ea1e0611825d5613') in 0.009656 seconds 
========================================================================
Received Import Request.
  Time since last request: 0.000017 seconds.
  path: Assets/Prefabs/House/Parts/House Wall 08-5.prefab
  artifactKey: Guid(f6f595255cc1d424c91348f319a9cf73) Importer(815301076,1909f56bfc062723c751e8b465ee728b)
Start importing Assets/Prefabs/House/Parts/House Wall 08-5.prefab using Guid(f6f595255cc1d424c91348f319a9cf73) Importer(815301076,1909f56bfc062723c751e8b465ee728b)  -> (artifact id: '02cda6dec238f66bb2465fb221e18fa2') in 0.009620 seconds 
========================================================================
Received Import Request.
  Time since last request: 12.470990 seconds.
  path: Assets/Prefabs/House/Lego House Dead End.prefab
  artifactKey: Guid(4783ee187e2cc784ba74ab317bd75d5d) Importer(815301076,1909f56bfc062723c751e8b465ee728b)
Start importing Assets/Prefabs/House/Lego House Dead End.prefab using Guid(4783ee187e2cc784ba74ab317bd75d5d) Importer(815301076,1909f56bfc062723c751e8b465ee728b)  -> (artifact id: '01ec0f5d9ce180900576f646215029b7') in 0.023665 seconds 
========================================================================
Received Import Request.
  Time since last request: 0.000016 seconds.
  path: Assets/Prefabs/House/Lego House Straight.prefab
  artifactKey: Guid(f95484edb23db294dadaaaa4d86edb5f) Importer(815301076,1909f56bfc062723c751e8b465ee728b)
Start importing Assets/Prefabs/House/Lego House Straight.prefab using Guid(f95484edb23db294dadaaaa4d86edb5f) Importer(815301076,1909f56bfc062723c751e8b465ee728b)  -> (artifact id: 'be2bd7370490a7148e3b648af94834a4') in 0.016263 seconds 
========================================================================
Received Import Request.
  Time since last request: 0.000019 seconds.
  path: Assets/Prefabs/House/Suburb.blend
  artifactKey: Guid(8ae0c1e03a3651646a175457831413e6) Importer(815301076,1909f56bfc062723c751e8b465ee728b)
Start importing Assets/Prefabs/House/Suburb.blend using Guid(8ae0c1e03a3651646a175457831413e6) Importer(815301076,1909f56bfc062723c751e8b465ee728b)  -> (artifact id: 'a6e49af83d16b209369b8da55ccd81aa') in 0.154155 seconds 
========================================================================
Received Import Request.
  Time since last request: 95.994250 seconds.
  path: Assets/Prefabs/House/Lego House Yard.prefab
  artifactKey: Guid(293d5f49636ddc54cb7b2e8212cf0870) Importer(815301076,1909f56bfc062723c751e8b465ee728b)
Start importing Assets/Prefabs/House/Lego House Yard.prefab using Guid(293d5f49636ddc54cb7b2e8212cf0870) Importer(815301076,1909f56bfc062723c751e8b465ee728b)  -> (artifact id: 'dc25347f62df609728fc99f9616865d1') in 0.014163 seconds 
========================================================================
Received Import Request.
  Time since last request: 59.534597 seconds.
  path: Assets/Prefabs/House/Parts/House Roof Corner Flap Large 1.prefab
  artifactKey: Guid(6d5411cc7ac08284dbb6f4d1c9f13f12) Importer(815301076,1909f56bfc062723c751e8b465ee728b)
Start importing Assets/Prefabs/House/Parts/House Roof Corner Flap Large 1.prefab using Guid(6d5411cc7ac08284dbb6f4d1c9f13f12) Importer(815301076,1909f56bfc062723c751e8b465ee728b)  -> (artifact id: '7ed7ee28fb17f29e03e2defac34c33f9') in 0.009562 seconds 
========================================================================
Received Import Request.
  Time since last request: 9.126537 seconds.
  path: Assets/Prefabs/House/Parts/House Roof Corner Flap Mini.prefab
  artifactKey: Guid(6d5411cc7ac08284dbb6f4d1c9f13f12) Importer(815301076,1909f56bfc062723c751e8b465ee728b)
Start importing Assets/Prefabs/House/Parts/House Roof Corner Flap Mini.prefab using Guid(6d5411cc7ac08284dbb6f4d1c9f13f12) Importer(815301076,1909f56bfc062723c751e8b465ee728b)  -> (artifact id: '1223772b950bf8563ef7ef9539f6a2c3') in 0.009177 seconds 
========================================================================
Received Import Request.
  Time since last request: 11.427105 seconds.
  path: Assets/Prefabs/House/Parts/House Roof Dead End Triangle Mini.prefab
  artifactKey: Guid(437269c9cce7f484fa4e874a67fd8fa3) Importer(815301076,1909f56bfc062723c751e8b465ee728b)
Start importing Assets/Prefabs/House/Parts/House Roof Dead End Triangle Mini.prefab using Guid(437269c9cce7f484fa4e874a67fd8fa3) Importer(815301076,1909f56bfc062723c751e8b465ee728b)  -> (artifact id: 'ddf1798a7f17909c4f63baeb4593d142') in 0.009900 seconds 
========================================================================
Received Import Request.
  Time since last request: 98.510217 seconds.
  path: Assets/Prefabs/House/Mats/House Shingles mini.mat
  artifactKey: Guid(6900ff0b6930ef143a3a5807caf56e2c) Importer(815301076,1909f56bfc062723c751e8b465ee728b)
Start importing Assets/Prefabs/House/Mats/House Shingles mini.mat using Guid(6900ff0b6930ef143a3a5807caf56e2c) Importer(815301076,1909f56bfc062723c751e8b465ee728b)  -> (artifact id: '4d1eb3e5d214dec7bb13b33d5ee0a9f9') in 0.010781 seconds 
========================================================================
Received Import Request.
  Time since last request: 3.285843 seconds.
  path: Assets/Prefabs/House/Mats/House Shingles mini 1.mat
  artifactKey: Guid(f908f80b70bc3494ca4b257087448fee) Importer(815301076,1909f56bfc062723c751e8b465ee728b)
Start importing Assets/Prefabs/House/Mats/House Shingles mini 1.mat using Guid(f908f80b70bc3494ca4b257087448fee) Importer(815301076,1909f56bfc062723c751e8b465ee728b)  -> (artifact id: '21d25e7a6592b322dd10bfaf4ced8f2e') in 0.009583 seconds 
========================================================================
Received Import Request.
  Time since last request: 12.319437 seconds.
  path: Assets/Prefabs/House/Mats/House Shingles Triangle Mini.mat
  artifactKey: Guid(f908f80b70bc3494ca4b257087448fee) Importer(815301076,1909f56bfc062723c751e8b465ee728b)
Start importing Assets/Prefabs/House/Mats/House Shingles Triangle Mini.mat using Guid(f908f80b70bc3494ca4b257087448fee) Importer(815301076,1909f56bfc062723c751e8b465ee728b)  -> (artifact id: 'd8c89016bde6c4fee1bc1a2b97fad23c') in 0.009006 seconds 
========================================================================
Received Import Request.
  Time since last request: 76.735906 seconds.
  path: Assets/Prefabs/House/Mats/House Shingles mini 1.mat
  artifactKey: Guid(04b6a9053c7a9894b89c1e8dc15976e6) Importer(815301076,1909f56bfc062723c751e8b465ee728b)
Start importing Assets/Prefabs/House/Mats/House Shingles mini 1.mat using Guid(04b6a9053c7a9894b89c1e8dc15976e6) Importer(815301076,1909f56bfc062723c751e8b465ee728b)  -> (artifact id: 'a0a7c8a4843b6146fa3cd25e9f4f612e') in 0.010953 seconds 
========================================================================
Received Import Request.
  Time since last request: 6.660592 seconds.
  path: Assets/Prefabs/House/Mats/House Shingles Triangle Mini.mat
  artifactKey: Guid(04b6a9053c7a9894b89c1e8dc15976e6) Importer(815301076,1909f56bfc062723c751e8b465ee728b)
Start importing Assets/Prefabs/House/Mats/House Shingles Triangle Mini.mat using Guid(04b6a9053c7a9894b89c1e8dc15976e6) Importer(815301076,1909f56bfc062723c751e8b465ee728b)  -> (artifact id: '9620c98469413dbd7bb6539f5c728ea8') in 0.010397 seconds 
========================================================================
Received Import Request.
  Time since last request: 14.199329 seconds.
  path: Assets/Prefabs/House/Parts/House Roof Dead End Triangle Mini.prefab
  artifactKey: Guid(437269c9cce7f484fa4e874a67fd8fa3) Importer(815301076,1909f56bfc062723c751e8b465ee728b)
Start importing Assets/Prefabs/House/Parts/House Roof Dead End Triangle Mini.prefab using Guid(437269c9cce7f484fa4e874a67fd8fa3) Importer(815301076,1909f56bfc062723c751e8b465ee728b)  -> (artifact id: '5260be6e80887f7b06e592e90be21d1f') in 0.008756 seconds 
========================================================================
Received Prepare
Registering precompiled user dll's ...
Registered in 0.003187 seconds.
Begin MonoManager ReloadAssembly
Symbol file LoadedFromMemory doesn't match image C:\Users\Benjy\Documents\Unity\Suburb\Library\PackageCache\com.unity.visualscripting@1.7.6\Editor\VisualScripting.Core\Dependencies\YamlDotNet\Unity.VisualScripting.YamlDotNet.dll
Symbol file LoadedFromMemory is not a mono symbol file
Symbol file LoadedFromMemory doesn't match image C:\Users\Benjy\Documents\Unity\Suburb\Library\PackageCache\com.unity.visualscripting@1.7.6\Editor\VisualScripting.Core\Dependencies\DotNetZip\Unity.VisualScripting.IonicZip.dll
Native extension for UWP target not found
Native extension for WindowsStandalone target not found
Native extension for Android target not found
Native extension for WebGL target not found
Refreshing native plugins compatible for Editor in 0.64 ms, found 3 plugins.
Preloading 0 native plugins for Editor in 0.00 ms.
Mono: successfully reloaded assembly
- Completed reload, in  0.734 seconds
Domain Reload Profiling:
	ReloadAssembly (734ms)
		BeginReloadAssembly (106ms)
			ExecutionOrderSort (0ms)
			DisableScriptedObjects (3ms)
			BackupInstance (0ms)
			ReleaseScriptingObjects (0ms)
			CreateAndSetChildDomain (29ms)
		EndReloadAssembly (559ms)
			LoadAssemblies (67ms)
			RebuildTransferFunctionScriptingTraits (0ms)
			SetupTypeCache (178ms)
			ReleaseScriptCaches (1ms)
			RebuildScriptCaches (32ms)
			SetupLoadedEditorAssemblies (250ms)
				LogAssemblyErrors (0ms)
				InitializePlatformSupportModulesInManaged (21ms)
				SetLoadedEditorAssemblies (0ms)
				RefreshPlugins (1ms)
				BeforeProcessingInitializeOnLoad (53ms)
				ProcessInitializeOnLoadAttributes (151ms)
				ProcessInitializeOnLoadMethodAttributes (17ms)
				AfterProcessingInitializeOnLoad (7ms)
				EditorAssembliesLoaded (0ms)
			ExecutionOrderSort2 (0ms)
			AwakeInstancesAfterBackupRestoration (5ms)
Platform modules already initialized, skipping
Refreshing native plugins compatible for Editor in 1.68 ms, found 3 plugins.
Preloading 0 native plugins for Editor in 0.00 ms.
Unloading 3235 Unused Serialized files (Serialized files now loaded: 0)
Unloading 16 unused Assets / (82.8 KB). Loaded Objects now: 3806.
Memory consumption went from 139.0 MB to 138.9 MB.
Total: 3.231300 ms (FindLiveObjects: 0.314500 ms CreateObjectMapping: 0.158700 ms MarkObjects: 2.654100 ms  DeleteObjects: 0.102900 ms)

AssetImportParameters requested are different than current active one (requested -> active):
  custom:video-decoder-ogg-theora: a1e56fd34408186e4bbccfd4996cb3dc -> 
  custom:container-muxer-webm: aa71ff27fc2769a1b78a27578f13a17b -> 
  custom:container-demuxer-webm: 4f35f7cbe854078d1ac9338744f61a02 -> 
  custom:video-encoder-webm-vp8: eb34c28f22e8b96e1ab97ce403110664 -> 
  custom:video-codec-MediaFoundation-h265: 746d11721c4dcdbdad8f713fa42b33f4 -> 
  custom:audio-encoder-webm-vorbis: bf7c407c2cedff20999df2af8eb42d56 -> 
  custom:framework-win-MediaFoundation: 216162199b28c13a410421893ffa2e32 -> 
  custom:container-demuxer-ogg: 62fdf1f143b41e24485cea50d1cbac27 -> 
  custom:video-decoder-webm-vp8: 9c59270c3fd7afecdb556c50c9e8de78 -> 
  custom:audio-decoder-ogg-vorbis: bf7c407c2cedff20999df2af8eb42d56 -> 
========================================================================
Received Import Request.
  Time since last request: 211.127807 seconds.
  path: Assets/Prefabs/House/Mats/House Shingles mini.mat
  artifactKey: Guid(6900ff0b6930ef143a3a5807caf56e2c) Importer(815301076,1909f56bfc062723c751e8b465ee728b)
Start importing Assets/Prefabs/House/Mats/House Shingles mini.mat using Guid(6900ff0b6930ef143a3a5807caf56e2c) Importer(815301076,1909f56bfc062723c751e8b465ee728b)  -> (artifact id: '2c16b9335491a505aa1ec9904d56d68a') in 0.060567 seconds 
========================================================================
Received Prepare
Refreshing native plugins compatible for Editor in 2.89 ms, found 3 plugins.
Preloading 0 native plugins for Editor in 0.00 ms.
Unloading 16 Unused Serialized files (Serialized files now loaded: 0)
Unloading 16 unused Assets / (80.1 KB). Loaded Objects now: 3807.
Memory consumption went from 74.6 MB to 74.5 MB.
Total: 2.740700 ms (FindLiveObjects: 0.190500 ms CreateObjectMapping: 0.111300 ms MarkObjects: 2.359300 ms  DeleteObjects: 0.078900 ms)

AssetImportParameters requested are different than current active one (requested -> active):
  custom:video-decoder-ogg-theora: a1e56fd34408186e4bbccfd4996cb3dc -> 
  custom:container-muxer-webm: aa71ff27fc2769a1b78a27578f13a17b -> 
  custom:container-demuxer-webm: 4f35f7cbe854078d1ac9338744f61a02 -> 
  custom:video-encoder-webm-vp8: eb34c28f22e8b96e1ab97ce403110664 -> 
  custom:video-codec-MediaFoundation-h265: 746d11721c4dcdbdad8f713fa42b33f4 -> 
  custom:audio-encoder-webm-vorbis: bf7c407c2cedff20999df2af8eb42d56 -> 
  custom:framework-win-MediaFoundation: 216162199b28c13a410421893ffa2e32 -> 
  custom:container-demuxer-ogg: 62fdf1f143b41e24485cea50d1cbac27 -> 
  custom:video-decoder-webm-vp8: 9c59270c3fd7afecdb556c50c9e8de78 -> 
  custom:audio-decoder-ogg-vorbis: bf7c407c2cedff20999df2af8eb42d56 -> 
