Using pre-set license
Built from '2021.2/staging' branch; Version is '2021.2.19f1 (602ecdbb2fb0) revision 6303437'; Using compiler version '192829333'; Build Type 'Release'
OS: 'Windows 10  (10.0.19043) 64bit Professional' Language: 'en' Physical Memory: 32694 MB
BatchMode: 1, IsHumanControllingUs: 0, StartBugReporterOnCrash: 0, Is64bit: 1, IsPro: 1

COMMAND LINE ARGUMENTS:
C:\Program Files\Unity\Hub\Editor\2021.2.19f1\Editor\Unity.exe
-adb2
-batchMode
-noUpm
-name
AssetImportWorker7
-projectPath
C:/Users/Benjy/Documents/Unity/Suburb
-logFile
Logs/AssetImportWorker7.log
-srvPort
52873
Successfully changed project path to: C:/Users/Benjy/Documents/Unity/Suburb
C:/Users/Benjy/Documents/Unity/Suburb
[UnityMemory] Configuration Parameters - Can be set up in boot.config
    "memorysetup-bucket-allocator-granularity=16"
    "memorysetup-bucket-allocator-bucket-count=8"
    "memorysetup-bucket-allocator-block-size=33554432"
    "memorysetup-bucket-allocator-block-count=8"
    "memorysetup-main-allocator-block-size=16777216"
    "memorysetup-thread-allocator-block-size=16777216"
    "memorysetup-gfx-main-allocator-block-size=16777216"
    "memorysetup-gfx-thread-allocator-block-size=16777216"
    "memorysetup-cache-allocator-block-size=4194304"
    "memorysetup-typetree-allocator-block-size=2097152"
    "memorysetup-profiler-bucket-allocator-granularity=16"
    "memorysetup-profiler-bucket-allocator-bucket-count=8"
    "memorysetup-profiler-bucket-allocator-block-size=33554432"
    "memorysetup-profiler-bucket-allocator-block-count=8"
    "memorysetup-profiler-allocator-block-size=16777216"
    "memorysetup-profiler-editor-allocator-block-size=1048576"
    "memorysetup-temp-allocator-size-main=16777216"
    "memorysetup-job-temp-allocator-block-size=2097152"
    "memorysetup-job-temp-allocator-block-size-background=1048576"
    "memorysetup-job-temp-allocator-reduction-small-platforms=262144"
    "memorysetup-temp-allocator-size-background-worker=32768"
    "memorysetup-temp-allocator-size-job-worker=262144"
    "memorysetup-temp-allocator-size-preload-manager=33554432"
    "memorysetup-temp-allocator-size-nav-mesh-worker=65536"
    "memorysetup-temp-allocator-size-audio-worker=65536"
    "memorysetup-temp-allocator-size-cloud-worker=32768"
    "memorysetup-temp-allocator-size-gi-baking-worker=262144"
    "memorysetup-temp-allocator-size-gfx=262144"
Refreshing native plugins compatible for Editor in 102.17 ms, found 5 plugins.
Preloading 0 native plugins for Editor in 0.00 ms.
Initialize engine version: 2021.2.19f1 (602ecdbb2fb0)
[Subsystems] Discovering subsystems at path C:/Program Files/Unity/Hub/Editor/2021.2.19f1/Editor/Data/Resources/UnitySubsystems
[Subsystems] Discovering subsystems at path C:/Users/Benjy/Documents/Unity/Suburb/Assets
GfxDevice: creating device client; threaded=0; jobified=0
Direct3D:
    Version:  Direct3D 11.0 [level 11.1]
    Renderer: NVIDIA GeForce RTX 3060 (ID=0x2487)
    Vendor:   NVIDIA
    VRAM:     12137 MB
    Driver:   31.0.15.1640
Initialize mono
Mono path[0] = 'C:/Program Files/Unity/Hub/Editor/2021.2.19f1/Editor/Data/Managed'
Mono path[1] = 'C:/Program Files/Unity/Hub/Editor/2021.2.19f1/Editor/Data/MonoBleedingEdge/lib/mono/unityjit-win32'
Mono config path = 'C:/Program Files/Unity/Hub/Editor/2021.2.19f1/Editor/Data/MonoBleedingEdge/etc'
Using monoOptions --debugger-agent=transport=dt_socket,embedding=1,server=y,suspend=n,address=127.0.0.1:56408
Begin MonoManager ReloadAssembly
Registering precompiled unity dll's ...
Register platform support module: C:/Program Files/Unity/Hub/Editor/2021.2.19f1/Editor/Data/PlaybackEngines/WebGLSupport/UnityEditor.WebGL.Extensions.dll
Register platform support module: C:/Program Files/Unity/Hub/Editor/2021.2.19f1/Editor/Data/PlaybackEngines/AndroidPlayer/UnityEditor.Android.Extensions.dll
Register platform support module: C:/Program Files/Unity/Hub/Editor/2021.2.19f1/Editor/Data/PlaybackEngines/WindowsStandaloneSupport/UnityEditor.WindowsStandalone.Extensions.dll
Register platform support module: C:/Program Files/Unity/Hub/Editor/2021.2.19f1/Editor/Data/PlaybackEngines/MetroSupport/UnityEditor.UWP.Extensions.dll
Registered in 0.008571 seconds.
Native extension for UWP target not found
Native extension for WindowsStandalone target not found
Native extension for Android target not found
Native extension for WebGL target not found
Refreshing native plugins compatible for Editor in 87.21 ms, found 5 plugins.
Preloading 0 native plugins for Editor in 0.00 ms.
Mono: successfully reloaded assembly
- Completed reload, in  0.526 seconds
Domain Reload Profiling:
	ReloadAssembly (527ms)
		BeginReloadAssembly (58ms)
			ExecutionOrderSort (0ms)
			DisableScriptedObjects (0ms)
			BackupInstance (0ms)
			ReleaseScriptingObjects (0ms)
			CreateAndSetChildDomain (1ms)
		EndReloadAssembly (379ms)
			LoadAssemblies (57ms)
			RebuildTransferFunctionScriptingTraits (0ms)
			SetupTypeCache (80ms)
			ReleaseScriptCaches (0ms)
			RebuildScriptCaches (20ms)
			SetupLoadedEditorAssemblies (238ms)
				LogAssemblyErrors (0ms)
				InitializePlatformSupportModulesInManaged (46ms)
				SetLoadedEditorAssemblies (0ms)
				RefreshPlugins (87ms)
				BeforeProcessingInitializeOnLoad (1ms)
				ProcessInitializeOnLoadAttributes (71ms)
				ProcessInitializeOnLoadMethodAttributes (32ms)
				AfterProcessingInitializeOnLoad (0ms)
				EditorAssembliesLoaded (0ms)
			ExecutionOrderSort2 (0ms)
			AwakeInstancesAfterBackupRestoration (0ms)
Platform modules already initialized, skipping
Registering precompiled user dll's ...
Registered in 0.003976 seconds.
Android Extension - Scanning For ADB Devices 622 ms
Begin MonoManager ReloadAssembly
Symbol file LoadedFromMemory doesn't match image C:\Users\Benjy\Documents\Unity\Suburb\Library\PackageCache\com.unity.visualscripting@1.7.6\Editor\VisualScripting.Core\Dependencies\YamlDotNet\Unity.VisualScripting.YamlDotNet.dll
Symbol file LoadedFromMemory is not a mono symbol file
Symbol file LoadedFromMemory doesn't match image C:\Users\Benjy\Documents\Unity\Suburb\Library\PackageCache\com.unity.visualscripting@1.7.6\Editor\VisualScripting.Core\Dependencies\DotNetZip\Unity.VisualScripting.IonicZip.dll
Native extension for UWP target not found
Native extension for WindowsStandalone target not found
Native extension for Android target not found
Native extension for WebGL target not found
Refreshing native plugins compatible for Editor in 0.92 ms, found 5 plugins.
Preloading 0 native plugins for Editor in 0.00 ms.
Mono: successfully reloaded assembly
- Completed reload, in  0.770 seconds
Domain Reload Profiling:
	ReloadAssembly (770ms)
		BeginReloadAssembly (87ms)
			ExecutionOrderSort (0ms)
			DisableScriptedObjects (5ms)
			BackupInstance (0ms)
			ReleaseScriptingObjects (0ms)
			CreateAndSetChildDomain (17ms)
		EndReloadAssembly (600ms)
			LoadAssemblies (65ms)
			RebuildTransferFunctionScriptingTraits (0ms)
			SetupTypeCache (172ms)
			ReleaseScriptCaches (1ms)
			RebuildScriptCaches (36ms)
			SetupLoadedEditorAssemblies (292ms)
				LogAssemblyErrors (0ms)
				InitializePlatformSupportModulesInManaged (15ms)
				SetLoadedEditorAssemblies (0ms)
				RefreshPlugins (1ms)
				BeforeProcessingInitializeOnLoad (71ms)
				ProcessInitializeOnLoadAttributes (179ms)
				ProcessInitializeOnLoadMethodAttributes (18ms)
				AfterProcessingInitializeOnLoad (8ms)
				EditorAssembliesLoaded (0ms)
			ExecutionOrderSort2 (0ms)
			AwakeInstancesAfterBackupRestoration (5ms)
Platform modules already initialized, skipping
========================================================================
Worker process is ready to serve import requests
Launched and connected shader compiler UnityShaderCompiler.exe after 0.05 seconds
Refreshing native plugins compatible for Editor in 0.94 ms, found 5 plugins.
Preloading 0 native plugins for Editor in 0.00 ms.
Unloading 3252 Unused Serialized files (Serialized files now loaded: 0)
Unloading 25 unused Assets / (113.6 KB). Loaded Objects now: 3747.
Memory consumption went from 137.9 MB to 137.8 MB.
Total: 2.500900 ms (FindLiveObjects: 0.227600 ms CreateObjectMapping: 0.072800 ms MarkObjects: 2.086600 ms  DeleteObjects: 0.113200 ms)

AssetImportParameters requested are different than current active one (requested -> active):
  custom:video-decoder-ogg-theora: a1e56fd34408186e4bbccfd4996cb3dc -> 
  custom:container-muxer-webm: aa71ff27fc2769a1b78a27578f13a17b -> 
  custom:container-demuxer-webm: 4f35f7cbe854078d1ac9338744f61a02 -> 
  custom:video-encoder-webm-vp8: eb34c28f22e8b96e1ab97ce403110664 -> 
  custom:video-codec-MediaFoundation-h265: 746d11721c4dcdbdad8f713fa42b33f4 -> 
  custom:audio-encoder-webm-vorbis: bf7c407c2cedff20999df2af8eb42d56 -> 
  custom:framework-win-MediaFoundation: 216162199b28c13a410421893ffa2e32 -> 
  custom:container-demuxer-ogg: 62fdf1f143b41e24485cea50d1cbac27 -> 
  custom:video-decoder-webm-vp8: 9c59270c3fd7afecdb556c50c9e8de78 -> 
  custom:audio-decoder-ogg-vorbis: bf7c407c2cedff20999df2af8eb42d56 -> 
========================================================================
Received Import Request.
  Time since last request: 28634.628275 seconds.
  path: Assets/Music/Soundtrack_Loops_Sounds_of_Mexico_City_WAV/One-shots/SL Foley Sound Effects Street Dog 2.wav
  artifactKey: Guid(307d7269748953949b33259b88dfb62d) Importer(815301076,1909f56bfc062723c751e8b465ee728b)
Start importing Assets/Music/Soundtrack_Loops_Sounds_of_Mexico_City_WAV/One-shots/SL Foley Sound Effects Street Dog 2.wav using Guid(307d7269748953949b33259b88dfb62d) Importer(815301076,1909f56bfc062723c751e8b465ee728b)  -> (artifact id: 'a0b230492e7a7a2a788795aefa6d9786') in 0.116909 seconds 
========================================================================
Received Import Request.
  Time since last request: 70.947948 seconds.
  path: Assets/Music/Soundtrack_Loops_Progressive_Euro_WAV/Loops/SLP_ProgHouse_140BPMs_Acoustic_Perc_02.wav
  artifactKey: Guid(1a16f2ea9d48529429f09cd4b3ea2d0f) Importer(815301076,1909f56bfc062723c751e8b465ee728b)
Start importing Assets/Music/Soundtrack_Loops_Progressive_Euro_WAV/Loops/SLP_ProgHouse_140BPMs_Acoustic_Perc_02.wav using Guid(1a16f2ea9d48529429f09cd4b3ea2d0f) Importer(815301076,1909f56bfc062723c751e8b465ee728b)  -> (artifact id: 'becd8ae297d71dc6c471ecd5386168f2') in 0.013336 seconds 
========================================================================
Received Import Request.
  Time since last request: 0.000023 seconds.
  path: Assets/Music/Soundtrack_Loops_Progressive_Euro_WAV/Loops/SLP_ProgHouse_140BPMs_Arp_Synth_05.wav
  artifactKey: Guid(bc45b1da882a051459e8ff0019359892) Importer(815301076,1909f56bfc062723c751e8b465ee728b)
Start importing Assets/Music/Soundtrack_Loops_Progressive_Euro_WAV/Loops/SLP_ProgHouse_140BPMs_Arp_Synth_05.wav using Guid(bc45b1da882a051459e8ff0019359892) Importer(815301076,1909f56bfc062723c751e8b465ee728b)  -> (artifact id: '17ee467ec9bf4f3edf5d1afe2d8eaeb0') in 0.012158 seconds 
========================================================================
Received Import Request.
  Time since last request: 0.000018 seconds.
  path: Assets/Music/Soundtrack_Loops_Progressive_Euro_WAV/Loops/SLP_ProgHouse_140BPMs_Atmo_Pad_16.wav
  artifactKey: Guid(c23c8d47b6dcd6845ac5662bd4e4a5b2) Importer(815301076,1909f56bfc062723c751e8b465ee728b)
Start importing Assets/Music/Soundtrack_Loops_Progressive_Euro_WAV/Loops/SLP_ProgHouse_140BPMs_Atmo_Pad_16.wav using Guid(c23c8d47b6dcd6845ac5662bd4e4a5b2) Importer(815301076,1909f56bfc062723c751e8b465ee728b)  -> (artifact id: '8466a46a25d0671d2d9686b20fc6d16d') in 0.010986 seconds 
========================================================================
Received Import Request.
  Time since last request: 0.000017 seconds.
  path: Assets/Music/Soundtrack_Loops_Progressive_Euro_WAV/Loops/SLP_ProgHouse_140BPMs_Acoustic_Perc_09.wav
  artifactKey: Guid(c6ee0af9be034bf4aaf3102e86afc2b9) Importer(815301076,1909f56bfc062723c751e8b465ee728b)
Start importing Assets/Music/Soundtrack_Loops_Progressive_Euro_WAV/Loops/SLP_ProgHouse_140BPMs_Acoustic_Perc_09.wav using Guid(c6ee0af9be034bf4aaf3102e86afc2b9) Importer(815301076,1909f56bfc062723c751e8b465ee728b)  -> (artifact id: '2d530c5f841bb8433955bdaff35b7991') in 0.015514 seconds 
========================================================================
Received Import Request.
  Time since last request: 0.000015 seconds.
  path: Assets/Music/Soundtrack_Loops_Progressive_Euro_WAV/Loops/SLP_ProgHouse_140BPMs_Arp_Synth_01.wav
  artifactKey: Guid(6888a44032db06b41bb7125dfa484edc) Importer(815301076,1909f56bfc062723c751e8b465ee728b)
Start importing Assets/Music/Soundtrack_Loops_Progressive_Euro_WAV/Loops/SLP_ProgHouse_140BPMs_Arp_Synth_01.wav using Guid(6888a44032db06b41bb7125dfa484edc) Importer(815301076,1909f56bfc062723c751e8b465ee728b)  -> (artifact id: '46814dc4d2d40060fbef4529b33189c3') in 0.030773 seconds 
========================================================================
Received Import Request.
  Time since last request: 0.000015 seconds.
  path: Assets/Music/Soundtrack_Loops_Progressive_Euro_WAV/Loops/SLP_ProgHouse_140BPMs_Ambient_Bed_01.wav
  artifactKey: Guid(55cda95b4ff02984ab71100a98daca6f) Importer(815301076,1909f56bfc062723c751e8b465ee728b)
Start importing Assets/Music/Soundtrack_Loops_Progressive_Euro_WAV/Loops/SLP_ProgHouse_140BPMs_Ambient_Bed_01.wav using Guid(55cda95b4ff02984ab71100a98daca6f) Importer(815301076,1909f56bfc062723c751e8b465ee728b)  -> (artifact id: '6675848c4c498b71d0df54acb9e37712') in 0.013276 seconds 
========================================================================
Received Import Request.
  Time since last request: 0.000023 seconds.
  path: Assets/Music/Soundtrack_Loops_Progressive_Euro_WAV/Loops/SLP_ProgHouse_140BPMs_Arp_Synth_16.wav
  artifactKey: Guid(e8663c756dd0cc64c91bb7131b330d86) Importer(815301076,1909f56bfc062723c751e8b465ee728b)
Start importing Assets/Music/Soundtrack_Loops_Progressive_Euro_WAV/Loops/SLP_ProgHouse_140BPMs_Arp_Synth_16.wav using Guid(e8663c756dd0cc64c91bb7131b330d86) Importer(815301076,1909f56bfc062723c751e8b465ee728b)  -> (artifact id: '12045bebf20b178ed05e2d409c4b9c0a') in 0.012415 seconds 
========================================================================
Received Import Request.
  Time since last request: 0.000017 seconds.
  path: Assets/Music/Soundtrack_Loops_Progressive_Euro_WAV/Loops/SLP_ProgHouse_140BPMs_Bass_05.wav
  artifactKey: Guid(4375985c168f48f438c7983e5ec07c08) Importer(815301076,1909f56bfc062723c751e8b465ee728b)
Start importing Assets/Music/Soundtrack_Loops_Progressive_Euro_WAV/Loops/SLP_ProgHouse_140BPMs_Bass_05.wav using Guid(4375985c168f48f438c7983e5ec07c08) Importer(815301076,1909f56bfc062723c751e8b465ee728b)  -> (artifact id: '6a11d29ffbe00469753ba4a8ac14e2da') in 0.010278 seconds 
========================================================================
Received Import Request.
  Time since last request: 0.000020 seconds.
  path: Assets/Music/Soundtrack_Loops_Progressive_Euro_WAV/Loops/SLP_ProgHouse_140BPMs_Atmo_Pad_15.wav
  artifactKey: Guid(ef3effd66de9990448ead935aa89330a) Importer(815301076,1909f56bfc062723c751e8b465ee728b)
Start importing Assets/Music/Soundtrack_Loops_Progressive_Euro_WAV/Loops/SLP_ProgHouse_140BPMs_Atmo_Pad_15.wav using Guid(ef3effd66de9990448ead935aa89330a) Importer(815301076,1909f56bfc062723c751e8b465ee728b)  -> (artifact id: 'f4c2f26c66cadce811858ab506cb339c') in 0.010119 seconds 
========================================================================
Received Import Request.
  Time since last request: 0.000016 seconds.
  path: Assets/Music/Soundtrack_Loops_Progressive_Euro_WAV/Loops/SLP_ProgHouse_140BPMs_Arp_Synth_08.wav
  artifactKey: Guid(0db3468ccffe4aa41919d59726c1f02e) Importer(815301076,1909f56bfc062723c751e8b465ee728b)
Start importing Assets/Music/Soundtrack_Loops_Progressive_Euro_WAV/Loops/SLP_ProgHouse_140BPMs_Arp_Synth_08.wav using Guid(0db3468ccffe4aa41919d59726c1f02e) Importer(815301076,1909f56bfc062723c751e8b465ee728b)  -> (artifact id: 'f39e5b398c0bd401ad825cfcde3f15b8') in 0.010161 seconds 
========================================================================
Received Import Request.
  Time since last request: 0.000016 seconds.
  path: Assets/Music/Soundtrack_Loops_Progressive_Euro_WAV/Loops/SLP_ProgHouse_140BPMs_Atmo_Pad_20.wav
  artifactKey: Guid(e7b2b223404df474ca3705208ee1b63f) Importer(815301076,1909f56bfc062723c751e8b465ee728b)
Start importing Assets/Music/Soundtrack_Loops_Progressive_Euro_WAV/Loops/SLP_ProgHouse_140BPMs_Atmo_Pad_20.wav using Guid(e7b2b223404df474ca3705208ee1b63f) Importer(815301076,1909f56bfc062723c751e8b465ee728b)  -> (artifact id: '378801227c5ecc81ecc155ebd14782b4') in 0.009691 seconds 
========================================================================
Received Import Request.
  Time since last request: 0.000015 seconds.
  path: Assets/Music/Soundtrack_Loops_Progressive_Euro_WAV/Loops/SLP_ProgHouse_140BPMs_Bass_04.wav
  artifactKey: Guid(758a44f2359bce647a8f3d75de3bdb6a) Importer(815301076,1909f56bfc062723c751e8b465ee728b)
Start importing Assets/Music/Soundtrack_Loops_Progressive_Euro_WAV/Loops/SLP_ProgHouse_140BPMs_Bass_04.wav using Guid(758a44f2359bce647a8f3d75de3bdb6a) Importer(815301076,1909f56bfc062723c751e8b465ee728b)  -> (artifact id: '7fe0cf00b1df28f5eb1e46106db81710') in 0.010258 seconds 
========================================================================
Received Import Request.
  Time since last request: 0.000018 seconds.
  path: Assets/Music/Soundtrack_Loops_Progressive_Euro_WAV/Loops/SLP_ProgHouse_140BPMs_Atmo_Pad_23.wav
  artifactKey: Guid(71e4f692585bd964ea3adb098dacde40) Importer(815301076,1909f56bfc062723c751e8b465ee728b)
Start importing Assets/Music/Soundtrack_Loops_Progressive_Euro_WAV/Loops/SLP_ProgHouse_140BPMs_Atmo_Pad_23.wav using Guid(71e4f692585bd964ea3adb098dacde40) Importer(815301076,1909f56bfc062723c751e8b465ee728b)  -> (artifact id: 'c9148f6c98c6c029d5e266b7ea1cd44a') in 0.009626 seconds 
========================================================================
Received Import Request.
  Time since last request: 0.000016 seconds.
  path: Assets/Music/Soundtrack_Loops_Progressive_Euro_WAV/Loops/SLP_ProgHouse_140BPMs_Bass_06.wav
  artifactKey: Guid(2bcd0a483fa04fe4791bc10f7aacf333) Importer(815301076,1909f56bfc062723c751e8b465ee728b)
Start importing Assets/Music/Soundtrack_Loops_Progressive_Euro_WAV/Loops/SLP_ProgHouse_140BPMs_Bass_06.wav using Guid(2bcd0a483fa04fe4791bc10f7aacf333) Importer(815301076,1909f56bfc062723c751e8b465ee728b)  -> (artifact id: 'befb3d25cb311c1c409e3dee2acd1e1b') in 0.010179 seconds 
========================================================================
Received Import Request.
  Time since last request: 0.000019 seconds.
  path: Assets/Music/Soundtrack_Loops_Progressive_Euro_WAV/Loops/SLP_ProgHouse_140BPMs_Atmo_Pad_07.wav
  artifactKey: Guid(d757f22cdf873784395536d1495c7ff3) Importer(815301076,1909f56bfc062723c751e8b465ee728b)
Start importing Assets/Music/Soundtrack_Loops_Progressive_Euro_WAV/Loops/SLP_ProgHouse_140BPMs_Atmo_Pad_07.wav using Guid(d757f22cdf873784395536d1495c7ff3) Importer(815301076,1909f56bfc062723c751e8b465ee728b)  -> (artifact id: '439a56e80ce78427b25f7ae352a3db6c') in 0.013186 seconds 
========================================================================
Received Import Request.
  Time since last request: 0.000013 seconds.
  path: Assets/Music/Soundtrack_Loops_Progressive_Euro_WAV/Loops/SLP_ProgHouse_140BPMs_Atmo_Pad_09.wav
  artifactKey: Guid(3e16ffaaa5c40d247b31b2aa3b69b4fd) Importer(815301076,1909f56bfc062723c751e8b465ee728b)
Start importing Assets/Music/Soundtrack_Loops_Progressive_Euro_WAV/Loops/SLP_ProgHouse_140BPMs_Atmo_Pad_09.wav using Guid(3e16ffaaa5c40d247b31b2aa3b69b4fd) Importer(815301076,1909f56bfc062723c751e8b465ee728b)  -> (artifact id: '5fd8f547ed1e347a971f67d0e1e6c660') in 0.010855 seconds 
========================================================================
Received Import Request.
  Time since last request: 0.000017 seconds.
  path: Assets/Music/Soundtrack_Loops_Progressive_Euro_WAV/Loops/SLP_ProgHouse_140BPMs_Arp_Synth_21.wav
  artifactKey: Guid(f404af984c4cc8948b6ac8902f832e74) Importer(815301076,1909f56bfc062723c751e8b465ee728b)
Start importing Assets/Music/Soundtrack_Loops_Progressive_Euro_WAV/Loops/SLP_ProgHouse_140BPMs_Arp_Synth_21.wav using Guid(f404af984c4cc8948b6ac8902f832e74) Importer(815301076,1909f56bfc062723c751e8b465ee728b)  -> (artifact id: '849971cd385d2548b1330c595b0e481a') in 0.009462 seconds 
========================================================================
Received Import Request.
  Time since last request: 0.000016 seconds.
  path: Assets/Music/Soundtrack_Loops_Progressive_Euro_WAV/Loops/SLP_ProgHouse_140BPMs_Arp_Synth_09.wav
  artifactKey: Guid(bf56ac030bd82a542b78d858acf81f72) Importer(815301076,1909f56bfc062723c751e8b465ee728b)
Start importing Assets/Music/Soundtrack_Loops_Progressive_Euro_WAV/Loops/SLP_ProgHouse_140BPMs_Arp_Synth_09.wav using Guid(bf56ac030bd82a542b78d858acf81f72) Importer(815301076,1909f56bfc062723c751e8b465ee728b)  -> (artifact id: '3019159dd589ba490d7eef3c1a5d2264') in 0.009709 seconds 
========================================================================
Received Import Request.
  Time since last request: 0.000016 seconds.
  path: Assets/Music/Soundtrack_Loops_Progressive_Euro_WAV/Loops/SLP_ProgHouse_140BPMs_Atmo_Pad_04.wav
  artifactKey: Guid(e1859abc10ffc644cb26a96eb41931d6) Importer(815301076,1909f56bfc062723c751e8b465ee728b)
Start importing Assets/Music/Soundtrack_Loops_Progressive_Euro_WAV/Loops/SLP_ProgHouse_140BPMs_Atmo_Pad_04.wav using Guid(e1859abc10ffc644cb26a96eb41931d6) Importer(815301076,1909f56bfc062723c751e8b465ee728b)  -> (artifact id: '8c3865d8e2391f72b2b9bb76aaa70c1b') in 0.014669 seconds 
========================================================================
Received Import Request.
  Time since last request: 0.000023 seconds.
  path: Assets/Music/Soundtrack_Loops_Progressive_Euro_WAV/Loops/SLP_ProgHouse_140BPMs_Arp_Synth_11.wav
  artifactKey: Guid(81db949cb5eabc147887a581186e9501) Importer(815301076,1909f56bfc062723c751e8b465ee728b)
Start importing Assets/Music/Soundtrack_Loops_Progressive_Euro_WAV/Loops/SLP_ProgHouse_140BPMs_Arp_Synth_11.wav using Guid(81db949cb5eabc147887a581186e9501) Importer(815301076,1909f56bfc062723c751e8b465ee728b)  -> (artifact id: 'f5c32b55ae696b16d5469012b3fa2b58') in 0.010692 seconds 
========================================================================
Received Import Request.
  Time since last request: 0.000025 seconds.
  path: Assets/Music/Soundtrack_Loops_Progressive_Euro_WAV/Loops/SLP_ProgHouse_140BPMs_Atmo_Pad_14.wav
  artifactKey: Guid(2a21b2e938384084cbd4b97dce3c765d) Importer(815301076,1909f56bfc062723c751e8b465ee728b)
Start importing Assets/Music/Soundtrack_Loops_Progressive_Euro_WAV/Loops/SLP_ProgHouse_140BPMs_Atmo_Pad_14.wav using Guid(2a21b2e938384084cbd4b97dce3c765d) Importer(815301076,1909f56bfc062723c751e8b465ee728b)  -> (artifact id: 'c14946e7812debab03935f4db435037c') in 0.013197 seconds 
========================================================================
Received Import Request.
  Time since last request: 0.000024 seconds.
  path: Assets/Music/Soundtrack_Loops_Progressive_Euro_WAV/Loops/SLP_ProgHouse_140BPMs_Acoustic_Perc_06.wav
  artifactKey: Guid(291143350fe9ad940b405c80142b2066) Importer(815301076,1909f56bfc062723c751e8b465ee728b)
Start importing Assets/Music/Soundtrack_Loops_Progressive_Euro_WAV/Loops/SLP_ProgHouse_140BPMs_Acoustic_Perc_06.wav using Guid(291143350fe9ad940b405c80142b2066) Importer(815301076,1909f56bfc062723c751e8b465ee728b)  -> (artifact id: '6efa4a55060540029d0e53d79df57084') in 0.010198 seconds 
========================================================================
Received Import Request.
  Time since last request: 0.000013 seconds.
  path: Assets/Music/Soundtrack_Loops_Progressive_Euro_WAV/Loops/SLP_ProgHouse_140BPMs_Arp_Synth_06.wav
  artifactKey: Guid(c0d72212c93d333459996b5ce8e725cf) Importer(815301076,1909f56bfc062723c751e8b465ee728b)
Start importing Assets/Music/Soundtrack_Loops_Progressive_Euro_WAV/Loops/SLP_ProgHouse_140BPMs_Arp_Synth_06.wav using Guid(c0d72212c93d333459996b5ce8e725cf) Importer(815301076,1909f56bfc062723c751e8b465ee728b)  -> (artifact id: 'b0dddf43797f502ecb5932ae8d3437ea') in 0.012302 seconds 
========================================================================
Received Import Request.
  Time since last request: 0.000017 seconds.
  path: Assets/Music/Soundtrack_Loops_Progressive_Euro_WAV/Loops/SLP_ProgHouse_140BPMs_Atmo_Pad_27.wav
  artifactKey: Guid(32ea95b88108bd04ea5d726ec03c7533) Importer(815301076,1909f56bfc062723c751e8b465ee728b)
Start importing Assets/Music/Soundtrack_Loops_Progressive_Euro_WAV/Loops/SLP_ProgHouse_140BPMs_Atmo_Pad_27.wav using Guid(32ea95b88108bd04ea5d726ec03c7533) Importer(815301076,1909f56bfc062723c751e8b465ee728b)  -> (artifact id: '284a031033b9b4397f4da6d67d0a85c1') in 0.009864 seconds 
========================================================================
Received Import Request.
  Time since last request: 0.000019 seconds.
  path: Assets/Music/Soundtrack_Loops_Progressive_Euro_WAV/Loops/SLP_ProgHouse_140BPMs_Atmo_Pad_28.wav
  artifactKey: Guid(829c84b7d4f0c164f8226a3397f4e261) Importer(815301076,1909f56bfc062723c751e8b465ee728b)
Start importing Assets/Music/Soundtrack_Loops_Progressive_Euro_WAV/Loops/SLP_ProgHouse_140BPMs_Atmo_Pad_28.wav using Guid(829c84b7d4f0c164f8226a3397f4e261) Importer(815301076,1909f56bfc062723c751e8b465ee728b)  -> (artifact id: '3f4fe08e959cdf90f5a5f3b339443fab') in 0.011139 seconds 
========================================================================
Received Import Request.
  Time since last request: 0.000017 seconds.
  path: Assets/Music/Soundtrack_Loops_Progressive_Euro_WAV/Loops/SLP_ProgHouse_140BPMs_Arp_Synth_20.wav
  artifactKey: Guid(b27c3a3ec63230d49b02e0482c4d991b) Importer(815301076,1909f56bfc062723c751e8b465ee728b)
Start importing Assets/Music/Soundtrack_Loops_Progressive_Euro_WAV/Loops/SLP_ProgHouse_140BPMs_Arp_Synth_20.wav using Guid(b27c3a3ec63230d49b02e0482c4d991b) Importer(815301076,1909f56bfc062723c751e8b465ee728b)  -> (artifact id: '844ae8413a6bc0fddada821086addcd4') in 0.008766 seconds 
========================================================================
Received Import Request.
  Time since last request: 0.000015 seconds.
  path: Assets/Music/Soundtrack_Loops_Progressive_Euro_WAV/Loops/SLP_ProgHouse_140BPMs_Arp_Synth_12.wav
  artifactKey: Guid(381d0fb28349e6242bd29210d0ee9a29) Importer(815301076,1909f56bfc062723c751e8b465ee728b)
Start importing Assets/Music/Soundtrack_Loops_Progressive_Euro_WAV/Loops/SLP_ProgHouse_140BPMs_Arp_Synth_12.wav using Guid(381d0fb28349e6242bd29210d0ee9a29) Importer(815301076,1909f56bfc062723c751e8b465ee728b)  -> (artifact id: 'bc7c30e740315b2cadc6179b836987d3') in 0.010149 seconds 
========================================================================
Received Import Request.
  Time since last request: 0.000019 seconds.
  path: Assets/Music/Soundtrack_Loops_Progressive_Euro_WAV/Loops/SLP_ProgHouse_140BPMs_Atmo_Pad_31.wav
  artifactKey: Guid(489b47860ff74b149986e00a8a33e2c6) Importer(815301076,1909f56bfc062723c751e8b465ee728b)
Start importing Assets/Music/Soundtrack_Loops_Progressive_Euro_WAV/Loops/SLP_ProgHouse_140BPMs_Atmo_Pad_31.wav using Guid(489b47860ff74b149986e00a8a33e2c6) Importer(815301076,1909f56bfc062723c751e8b465ee728b)  -> (artifact id: 'b8b9a1edbd69627245c8b02c247b16b7') in 0.010485 seconds 
========================================================================
Received Import Request.
  Time since last request: 0.000018 seconds.
  path: Assets/Music/Soundtrack_Loops_Progressive_Euro_WAV/Loops/SLP_ProgHouse_140BPMs_Atmo_Pad_01.wav
  artifactKey: Guid(a56c6c21ff8dde54a8ca406691b33491) Importer(815301076,1909f56bfc062723c751e8b465ee728b)
Start importing Assets/Music/Soundtrack_Loops_Progressive_Euro_WAV/Loops/SLP_ProgHouse_140BPMs_Atmo_Pad_01.wav using Guid(a56c6c21ff8dde54a8ca406691b33491) Importer(815301076,1909f56bfc062723c751e8b465ee728b)  -> (artifact id: '3afc7921130a2d539a35e6b3aa4bab37') in 0.010580 seconds 
========================================================================
Received Import Request.
  Time since last request: 0.000014 seconds.
  path: Assets/Music/Soundtrack_Loops_Progressive_Euro_WAV/Loops/SLP_ProgHouse_140BPMs_Acoustic_Perc_03.wav
  artifactKey: Guid(a9b58857845077c4e9ddb5a509bf778a) Importer(815301076,1909f56bfc062723c751e8b465ee728b)
Start importing Assets/Music/Soundtrack_Loops_Progressive_Euro_WAV/Loops/SLP_ProgHouse_140BPMs_Acoustic_Perc_03.wav using Guid(a9b58857845077c4e9ddb5a509bf778a) Importer(815301076,1909f56bfc062723c751e8b465ee728b)  -> (artifact id: '8c6b069f2bddd8cb07e29a694b06a089') in 0.013440 seconds 
========================================================================
Received Import Request.
  Time since last request: 0.000023 seconds.
  path: Assets/Music/Soundtrack_Loops_Progressive_Euro_WAV/Loops/SLP_ProgHouse_140BPMs_Atmo_Pad_11.wav
  artifactKey: Guid(f70ca276f66a2ba43b75f241d407ced4) Importer(815301076,1909f56bfc062723c751e8b465ee728b)
Start importing Assets/Music/Soundtrack_Loops_Progressive_Euro_WAV/Loops/SLP_ProgHouse_140BPMs_Atmo_Pad_11.wav using Guid(f70ca276f66a2ba43b75f241d407ced4) Importer(815301076,1909f56bfc062723c751e8b465ee728b)  -> (artifact id: 'c2a506884111511bc00e6fee9a03fca5') in 0.012748 seconds 
========================================================================
Received Import Request.
  Time since last request: 0.000016 seconds.
  path: Assets/Music/Soundtrack_Loops_Progressive_Euro_WAV/Loops/SLP_ProgHouse_140BPMs_Atmo_Pad_05.wav
  artifactKey: Guid(0faca408ec7ea2f4d816c575681cdbd0) Importer(815301076,1909f56bfc062723c751e8b465ee728b)
Start importing Assets/Music/Soundtrack_Loops_Progressive_Euro_WAV/Loops/SLP_ProgHouse_140BPMs_Atmo_Pad_05.wav using Guid(0faca408ec7ea2f4d816c575681cdbd0) Importer(815301076,1909f56bfc062723c751e8b465ee728b)  -> (artifact id: '0f98f666140d433fbd9c741405e75f31') in 0.012688 seconds 
========================================================================
Received Import Request.
  Time since last request: 0.000016 seconds.
  path: Assets/Music/Soundtrack_Loops_Progressive_Euro_WAV/Loops/SLP_ProgHouse_140BPMs_Atmo_Pad_29.wav
  artifactKey: Guid(f523a37b459dac1498ec559b2412490b) Importer(815301076,1909f56bfc062723c751e8b465ee728b)
Start importing Assets/Music/Soundtrack_Loops_Progressive_Euro_WAV/Loops/SLP_ProgHouse_140BPMs_Atmo_Pad_29.wav using Guid(f523a37b459dac1498ec559b2412490b) Importer(815301076,1909f56bfc062723c751e8b465ee728b)  -> (artifact id: '6825db836885971d420301ac8f4301e2') in 0.009864 seconds 
========================================================================
Received Import Request.
  Time since last request: 0.000018 seconds.
  path: Assets/Music/Soundtrack_Loops_Progressive_Euro_WAV/Loops/SLP_ProgHouse_140BPMs_Ambient_Bed_03.wav
  artifactKey: Guid(3a848b319980f9143a76f38d6a8310cf) Importer(815301076,1909f56bfc062723c751e8b465ee728b)
Start importing Assets/Music/Soundtrack_Loops_Progressive_Euro_WAV/Loops/SLP_ProgHouse_140BPMs_Ambient_Bed_03.wav using Guid(3a848b319980f9143a76f38d6a8310cf) Importer(815301076,1909f56bfc062723c751e8b465ee728b)  -> (artifact id: '249c112dd9e0c208835d9e6dc5adab0b') in 0.009794 seconds 
========================================================================
Received Import Request.
  Time since last request: 0.000013 seconds.
  path: Assets/Music/Soundtrack_Loops_Progressive_Euro_WAV/Loops/SLP_ProgHouse_140BPMs_Atmo_Pad_21.wav
  artifactKey: Guid(6ce86debada357d45873c04b71f8f83c) Importer(815301076,1909f56bfc062723c751e8b465ee728b)
Start importing Assets/Music/Soundtrack_Loops_Progressive_Euro_WAV/Loops/SLP_ProgHouse_140BPMs_Atmo_Pad_21.wav using Guid(6ce86debada357d45873c04b71f8f83c) Importer(815301076,1909f56bfc062723c751e8b465ee728b)  -> (artifact id: '6720a4048f8d7b55daf48bdbcd29bf13') in 0.008891 seconds 
========================================================================
Received Import Request.
  Time since last request: 0.000016 seconds.
  path: Assets/Music/Soundtrack_Loops_Progressive_Euro_WAV/Loops/SLP_ProgHouse_140BPMs_Atmo_Pad_17.wav
  artifactKey: Guid(7a18be91f77b9a743bd4f559ace911ba) Importer(815301076,1909f56bfc062723c751e8b465ee728b)
Start importing Assets/Music/Soundtrack_Loops_Progressive_Euro_WAV/Loops/SLP_ProgHouse_140BPMs_Atmo_Pad_17.wav using Guid(7a18be91f77b9a743bd4f559ace911ba) Importer(815301076,1909f56bfc062723c751e8b465ee728b)  -> (artifact id: 'e89c0c2d6c678a39687679d39767e9c4') in 0.008230 seconds 
========================================================================
Received Import Request.
  Time since last request: 7.342332 seconds.
  path: Assets/Music/Soundtrack_Loops_Office_WAV/One-shots/SL Foley Sound Effect Change Page 1.wav
  artifactKey: Guid(85a6872d26ebfa3439ba83e5e5d13718) Importer(815301076,1909f56bfc062723c751e8b465ee728b)
Start importing Assets/Music/Soundtrack_Loops_Office_WAV/One-shots/SL Foley Sound Effect Change Page 1.wav using Guid(85a6872d26ebfa3439ba83e5e5d13718) Importer(815301076,1909f56bfc062723c751e8b465ee728b)  -> (artifact id: 'c7108d1b5d98f4189d8187a94ffef893') in 0.009168 seconds 
========================================================================
Received Import Request.
  Time since last request: 0.000020 seconds.
  path: Assets/Music/Soundtrack_Loops_Office_WAV/One-shots/SL Foley Sound Effect Typewriter Key 2.wav
  artifactKey: Guid(fef13016d8d215542bc47786d1cc6522) Importer(815301076,1909f56bfc062723c751e8b465ee728b)
Start importing Assets/Music/Soundtrack_Loops_Office_WAV/One-shots/SL Foley Sound Effect Typewriter Key 2.wav using Guid(fef13016d8d215542bc47786d1cc6522) Importer(815301076,1909f56bfc062723c751e8b465ee728b)  -> (artifact id: 'ff2d2bd0f2aab677d3ddb04c1e873ca7') in 0.009794 seconds 
========================================================================
Received Import Request.
  Time since last request: 0.000025 seconds.
  path: Assets/Music/Soundtrack_Loops_Office_WAV/One-shots/SL Foley Sound Effect Spiral Notebook 1.wav
  artifactKey: Guid(c3e3cd91b3d83544c93394bff0150aa2) Importer(815301076,1909f56bfc062723c751e8b465ee728b)
Start importing Assets/Music/Soundtrack_Loops_Office_WAV/One-shots/SL Foley Sound Effect Spiral Notebook 1.wav using Guid(c3e3cd91b3d83544c93394bff0150aa2) Importer(815301076,1909f56bfc062723c751e8b465ee728b)  -> (artifact id: '21308424628ef666e25f7e51629ef27f') in 0.011926 seconds 
========================================================================
Received Import Request.
  Time since last request: 0.000021 seconds.
  path: Assets/Music/Soundtrack_Loops_Office_WAV/One-shots/SL Foley Sound Effect Keyboard Mac (Enter).wav
  artifactKey: Guid(de46714e4d0a00e419d4c888f3f40624) Importer(815301076,1909f56bfc062723c751e8b465ee728b)
Start importing Assets/Music/Soundtrack_Loops_Office_WAV/One-shots/SL Foley Sound Effect Keyboard Mac (Enter).wav using Guid(de46714e4d0a00e419d4c888f3f40624) Importer(815301076,1909f56bfc062723c751e8b465ee728b)  -> (artifact id: '4570611f62f4f2da7437ae7b8e18c880') in 0.012449 seconds 
========================================================================
Received Import Request.
  Time since last request: 0.000017 seconds.
  path: Assets/Music/Soundtrack_Loops_Office_WAV/One-shots/SL Foley Sound Effect Crumpled Paper Ball.wav
  artifactKey: Guid(a33205cf96d1c294d8fd8bd35700865f) Importer(815301076,1909f56bfc062723c751e8b465ee728b)
Start importing Assets/Music/Soundtrack_Loops_Office_WAV/One-shots/SL Foley Sound Effect Crumpled Paper Ball.wav using Guid(a33205cf96d1c294d8fd8bd35700865f) Importer(815301076,1909f56bfc062723c751e8b465ee728b)  -> (artifact id: '2b3fe9e5e5b7f6f9ed72cafbee89c740') in 0.010493 seconds 
========================================================================
Received Import Request.
  Time since last request: 0.000017 seconds.
  path: Assets/Music/Soundtrack_Loops_Office_WAV/One-shots/SL Foley Sound Effect Pen Hit (Notebook).wav
  artifactKey: Guid(d8d40eafc32dc4448bcc469e77e6f5ab) Importer(815301076,1909f56bfc062723c751e8b465ee728b)
Start importing Assets/Music/Soundtrack_Loops_Office_WAV/One-shots/SL Foley Sound Effect Pen Hit (Notebook).wav using Guid(d8d40eafc32dc4448bcc469e77e6f5ab) Importer(815301076,1909f56bfc062723c751e8b465ee728b)  -> (artifact id: 'e57723bfd54d4473af141073ba7d596c') in 0.012273 seconds 
========================================================================
Received Import Request.
  Time since last request: 0.000014 seconds.
  path: Assets/Music/Soundtrack_Loops_Office_WAV/One-shots/SL Foley Sound Effect Keyboard (Enter).wav
  artifactKey: Guid(622164306b153e846955a68eecde6a61) Importer(815301076,1909f56bfc062723c751e8b465ee728b)
Start importing Assets/Music/Soundtrack_Loops_Office_WAV/One-shots/SL Foley Sound Effect Keyboard (Enter).wav using Guid(622164306b153e846955a68eecde6a61) Importer(815301076,1909f56bfc062723c751e8b465ee728b)  -> (artifact id: '21aa40bc591fa84a940e47b8a8ae57a7') in 0.010864 seconds 
========================================================================
Received Import Request.
  Time since last request: 0.000019 seconds.
  path: Assets/Music/Soundtrack_Loops_Office_WAV/One-shots/SL Foley Sound Effect Stack Of Documents.wav
  artifactKey: Guid(c329b8d865fd2cb4d9487809c863b209) Importer(815301076,1909f56bfc062723c751e8b465ee728b)
Start importing Assets/Music/Soundtrack_Loops_Office_WAV/One-shots/SL Foley Sound Effect Stack Of Documents.wav using Guid(c329b8d865fd2cb4d9487809c863b209) Importer(815301076,1909f56bfc062723c751e8b465ee728b)  -> (artifact id: '25866fdee273f4e5a2142c5dc51c0c3a') in 0.011780 seconds 
========================================================================
Received Import Request.
  Time since last request: 0.000015 seconds.
  path: Assets/Music/Soundtrack_Loops_Office_WAV/One-shots/SL Foley Sound Effect Correction Pen.wav
  artifactKey: Guid(cb34f35c9dd0322428af29c945a1cb0a) Importer(815301076,1909f56bfc062723c751e8b465ee728b)
Start importing Assets/Music/Soundtrack_Loops_Office_WAV/One-shots/SL Foley Sound Effect Correction Pen.wav using Guid(cb34f35c9dd0322428af29c945a1cb0a) Importer(815301076,1909f56bfc062723c751e8b465ee728b)  -> (artifact id: '4586afcd9a2030b9bd296b38a1413944') in 0.016751 seconds 
========================================================================
Received Import Request.
  Time since last request: 0.000014 seconds.
  path: Assets/Music/Soundtrack_Loops_Office_WAV/One-shots/SL Foley Sound Effect Spiral Notebook 5.wav
  artifactKey: Guid(bdba720d7cb51704d985368eade4e62c) Importer(815301076,1909f56bfc062723c751e8b465ee728b)
Start importing Assets/Music/Soundtrack_Loops_Office_WAV/One-shots/SL Foley Sound Effect Spiral Notebook 5.wav using Guid(bdba720d7cb51704d985368eade4e62c) Importer(815301076,1909f56bfc062723c751e8b465ee728b)  -> (artifact id: '6ed8d0e54ac67a87228c53a831988c0d') in 0.013644 seconds 
========================================================================
Received Import Request.
  Time since last request: 0.000013 seconds.
  path: Assets/Music/Soundtrack_Loops_Office_WAV/One-shots/SL Foley Sound Effect Pen Hit (Table).wav
  artifactKey: Guid(a2c1ebebb1f521f4dbfeec0bb79fd0c0) Importer(815301076,1909f56bfc062723c751e8b465ee728b)
Start importing Assets/Music/Soundtrack_Loops_Office_WAV/One-shots/SL Foley Sound Effect Pen Hit (Table).wav using Guid(a2c1ebebb1f521f4dbfeec0bb79fd0c0) Importer(815301076,1909f56bfc062723c751e8b465ee728b)  -> (artifact id: 'b8c23f31a384c2cc1cfb129bce1c3652') in 0.011278 seconds 
========================================================================
Received Import Request.
  Time since last request: 0.000017 seconds.
  path: Assets/Music/Soundtrack_Loops_Office_WAV/One-shots/SL Foley Sound Effect Pen (Circle).wav
  artifactKey: Guid(a4966384e2ffc014784ea80df146fdc7) Importer(815301076,1909f56bfc062723c751e8b465ee728b)
Start importing Assets/Music/Soundtrack_Loops_Office_WAV/One-shots/SL Foley Sound Effect Pen (Circle).wav using Guid(a4966384e2ffc014784ea80df146fdc7) Importer(815301076,1909f56bfc062723c751e8b465ee728b)  -> (artifact id: '1d487a4f2b32510266c82de633af7728') in 0.011823 seconds 
========================================================================
Received Import Request.
  Time since last request: 0.000021 seconds.
  path: Assets/Music/Soundtrack_Loops_Office_WAV/One-shots/SL Foley Sound Effect Office Chair.wav
  artifactKey: Guid(d1bec7b440970f84fba0356816144b83) Importer(815301076,1909f56bfc062723c751e8b465ee728b)
Start importing Assets/Music/Soundtrack_Loops_Office_WAV/One-shots/SL Foley Sound Effect Office Chair.wav using Guid(d1bec7b440970f84fba0356816144b83) Importer(815301076,1909f56bfc062723c751e8b465ee728b)  -> (artifact id: 'f55b93af4618d819c32056e9e04e643e') in 0.009441 seconds 
========================================================================
Received Import Request.
  Time since last request: 0.000013 seconds.
  path: Assets/Music/Soundtrack_Loops_Office_WAV/One-shots/SL Foley Sound Effect Scanner 2.wav
  artifactKey: Guid(9348ea71833b6bf4fa384e862a0660db) Importer(815301076,1909f56bfc062723c751e8b465ee728b)
Start importing Assets/Music/Soundtrack_Loops_Office_WAV/One-shots/SL Foley Sound Effect Scanner 2.wav using Guid(9348ea71833b6bf4fa384e862a0660db) Importer(815301076,1909f56bfc062723c751e8b465ee728b)  -> (artifact id: 'afb7f813ad457e0f28f90bad7fbd522e') in 0.009605 seconds 
========================================================================
Received Import Request.
  Time since last request: 0.000018 seconds.
  path: Assets/Music/Soundtrack_Loops_Office_WAV/One-shots/SL Foley Sound Effect Pen Stroke 1.wav
  artifactKey: Guid(245b95c376c30c54989841386bd73cd3) Importer(815301076,1909f56bfc062723c751e8b465ee728b)
Start importing Assets/Music/Soundtrack_Loops_Office_WAV/One-shots/SL Foley Sound Effect Pen Stroke 1.wav using Guid(245b95c376c30c54989841386bd73cd3) Importer(815301076,1909f56bfc062723c751e8b465ee728b)  -> (artifact id: '84817ddbab568dda3c3da7d0be9bd6d6') in 0.009433 seconds 
========================================================================
Received Import Request.
  Time since last request: 0.000016 seconds.
  path: Assets/Music/Soundtrack_Loops_Office_WAV/One-shots/SL Foley Sound Effect Pen Stroke 2.wav
  artifactKey: Guid(3cf56f9cc52aabe4b819386568092a5a) Importer(815301076,1909f56bfc062723c751e8b465ee728b)
Start importing Assets/Music/Soundtrack_Loops_Office_WAV/One-shots/SL Foley Sound Effect Pen Stroke 2.wav using Guid(3cf56f9cc52aabe4b819386568092a5a) Importer(815301076,1909f56bfc062723c751e8b465ee728b)  -> (artifact id: '52b57a361a5d41028ffe238425b9bd5a') in 0.011430 seconds 
========================================================================
Received Import Request.
  Time since last request: 0.000017 seconds.
  path: Assets/Music/Soundtrack_Loops_Office_WAV/One-shots/SL Foley Sound Effect Telephone Button 4.wav
  artifactKey: Guid(c001052ac9aab8646b136117531e73e0) Importer(815301076,1909f56bfc062723c751e8b465ee728b)
Start importing Assets/Music/Soundtrack_Loops_Office_WAV/One-shots/SL Foley Sound Effect Telephone Button 4.wav using Guid(c001052ac9aab8646b136117531e73e0) Importer(815301076,1909f56bfc062723c751e8b465ee728b)  -> (artifact id: '1a2ad01abe53fbe11712e424cca5ded4') in 0.011731 seconds 
========================================================================
Received Import Request.
  Time since last request: 0.000018 seconds.
  path: Assets/Music/Soundtrack_Loops_Office_WAV/One-shots/SL Foley Sound Effect Cpu Room Tone.wav
  artifactKey: Guid(87c3e1c563aaa464ebb5219c8d7f3ce9) Importer(815301076,1909f56bfc062723c751e8b465ee728b)
Start importing Assets/Music/Soundtrack_Loops_Office_WAV/One-shots/SL Foley Sound Effect Cpu Room Tone.wav using Guid(87c3e1c563aaa464ebb5219c8d7f3ce9) Importer(815301076,1909f56bfc062723c751e8b465ee728b)  -> (artifact id: 'cabbcfc1d1a12d08589dc71b14256943') in 0.010583 seconds 
========================================================================
Received Import Request.
  Time since last request: 0.000020 seconds.
  path: Assets/Music/Soundtrack_Loops_Office_WAV/One-shots/SL Foley Sound Effect Printer 4.wav
  artifactKey: Guid(6a707fb85110abc439dc7d966cc451c3) Importer(815301076,1909f56bfc062723c751e8b465ee728b)
Start importing Assets/Music/Soundtrack_Loops_Office_WAV/One-shots/SL Foley Sound Effect Printer 4.wav using Guid(6a707fb85110abc439dc7d966cc451c3) Importer(815301076,1909f56bfc062723c751e8b465ee728b)  -> (artifact id: '5749524d8fa8ea751f75a2800123c5b9') in 0.012659 seconds 
========================================================================
Received Import Request.
  Time since last request: 0.000015 seconds.
  path: Assets/Music/Soundtrack_Loops_Office_WAV/One-shots/SL Foley Sound Effect Masking Tape 1.wav
  artifactKey: Guid(515b6eeea45c991438486e908b069955) Importer(815301076,1909f56bfc062723c751e8b465ee728b)
Start importing Assets/Music/Soundtrack_Loops_Office_WAV/One-shots/SL Foley Sound Effect Masking Tape 1.wav using Guid(515b6eeea45c991438486e908b069955) Importer(815301076,1909f56bfc062723c751e8b465ee728b)  -> (artifact id: '4d72401a4907e07a5d9a2384b232ae41') in 0.010620 seconds 
========================================================================
Received Import Request.
  Time since last request: 0.000017 seconds.
  path: Assets/Music/Soundtrack_Loops_Office_WAV/One-shots/SL Foley Sound Effect Paper Tearing.wav
  artifactKey: Guid(3df37385d2762644e917318109ebd423) Importer(815301076,1909f56bfc062723c751e8b465ee728b)
Start importing Assets/Music/Soundtrack_Loops_Office_WAV/One-shots/SL Foley Sound Effect Paper Tearing.wav using Guid(3df37385d2762644e917318109ebd423) Importer(815301076,1909f56bfc062723c751e8b465ee728b)  -> (artifact id: '3b853f7c6ebbfa77e962bd22c7446c73') in 0.009997 seconds 
========================================================================
Received Import Request.
  Time since last request: 0.000016 seconds.
  path: Assets/Music/Soundtrack_Loops_Office_WAV/One-shots/SL Foley Sound Effect Printer 3.wav
  artifactKey: Guid(4273228a166e7024fbe3979557157272) Importer(815301076,1909f56bfc062723c751e8b465ee728b)
Start importing Assets/Music/Soundtrack_Loops_Office_WAV/One-shots/SL Foley Sound Effect Printer 3.wav using Guid(4273228a166e7024fbe3979557157272) Importer(815301076,1909f56bfc062723c751e8b465ee728b)  -> (artifact id: 'bd7d1f5bcb18d8a6f2330c38652cbcba') in 0.009222 seconds 
========================================================================
Received Import Request.
  Time since last request: 0.000016 seconds.
  path: Assets/Music/Soundtrack_Loops_Office_WAV/One-shots/SL Foley Sound Effect Masking Tape 2.wav
  artifactKey: Guid(fe4030180c0dc5441ad78d76f92c08df) Importer(815301076,1909f56bfc062723c751e8b465ee728b)
Start importing Assets/Music/Soundtrack_Loops_Office_WAV/One-shots/SL Foley Sound Effect Masking Tape 2.wav using Guid(fe4030180c0dc5441ad78d76f92c08df) Importer(815301076,1909f56bfc062723c751e8b465ee728b)  -> (artifact id: '9457eeecf349c485187d85b6f24a8875') in 0.010457 seconds 
========================================================================
Received Import Request.
  Time since last request: 55.930696 seconds.
  path: Assets/Music/Soundtrack_Loops_LoFi_Cuts_WAV/One-shots/Synth One-shots/SL_LoFi_Synth_OS_B_03.wav
  artifactKey: Guid(06ea0cdd5c5138e4199a54aafc957a7d) Importer(815301076,1909f56bfc062723c751e8b465ee728b)
Start importing Assets/Music/Soundtrack_Loops_LoFi_Cuts_WAV/One-shots/Synth One-shots/SL_LoFi_Synth_OS_B_03.wav using Guid(06ea0cdd5c5138e4199a54aafc957a7d) Importer(815301076,1909f56bfc062723c751e8b465ee728b)  -> (artifact id: '7baaa2eb3522a1e5552297a1da2cc54e') in 0.009676 seconds 
========================================================================
Received Import Request.
  Time since last request: 0.000021 seconds.
  path: Assets/Music/Soundtrack_Loops_LoFi_Cuts_WAV/One-shots/Synth One-shots/SL_LoFi_Synth_OS_G#_10.wav
  artifactKey: Guid(a8667d4fb4fc01642a645277bc6e345d) Importer(815301076,1909f56bfc062723c751e8b465ee728b)
Start importing Assets/Music/Soundtrack_Loops_LoFi_Cuts_WAV/One-shots/Synth One-shots/SL_LoFi_Synth_OS_G#_10.wav using Guid(a8667d4fb4fc01642a645277bc6e345d) Importer(815301076,1909f56bfc062723c751e8b465ee728b)  -> (artifact id: 'cc4890f64ed4f848d57046e3225740a4') in 0.010143 seconds 
========================================================================
Received Import Request.
  Time since last request: 0.000017 seconds.
  path: Assets/Music/Soundtrack_Loops_LoFi_Cuts_WAV/One-shots/Synth One-shots/SL_LoFi_Synth_OS_C#_04.wav
  artifactKey: Guid(136ad4a40e1bf5f43ba44674435da313) Importer(815301076,1909f56bfc062723c751e8b465ee728b)
Start importing Assets/Music/Soundtrack_Loops_LoFi_Cuts_WAV/One-shots/Synth One-shots/SL_LoFi_Synth_OS_C#_04.wav using Guid(136ad4a40e1bf5f43ba44674435da313) Importer(815301076,1909f56bfc062723c751e8b465ee728b)  -> (artifact id: '3c055ad6856f0437b31d1414eca4966d') in 0.010787 seconds 
========================================================================
Received Import Request.
  Time since last request: 6.568476 seconds.
  path: Assets/Music/Soundtrack_Loops_LoFi_Cuts_WAV/One-shots/Drum One-shots/SL_LoFi_High_Hat_OS_03.wav
  artifactKey: Guid(a167fbb1bda99814bafd2d7c9ea41c54) Importer(815301076,1909f56bfc062723c751e8b465ee728b)
Start importing Assets/Music/Soundtrack_Loops_LoFi_Cuts_WAV/One-shots/Drum One-shots/SL_LoFi_High_Hat_OS_03.wav using Guid(a167fbb1bda99814bafd2d7c9ea41c54) Importer(815301076,1909f56bfc062723c751e8b465ee728b)  -> (artifact id: 'c880ad5e819a5bd59a2f5d9dba621030') in 0.011913 seconds 
========================================================================
Received Import Request.
  Time since last request: 0.000021 seconds.
  path: Assets/Music/Soundtrack_Loops_LoFi_Cuts_WAV/One-shots/Drum One-shots/SL_LoFi_Perc_OS_08.wav
  artifactKey: Guid(1fbe08c04faa3294f99e22edc83d2b5e) Importer(815301076,1909f56bfc062723c751e8b465ee728b)
Start importing Assets/Music/Soundtrack_Loops_LoFi_Cuts_WAV/One-shots/Drum One-shots/SL_LoFi_Perc_OS_08.wav using Guid(1fbe08c04faa3294f99e22edc83d2b5e) Importer(815301076,1909f56bfc062723c751e8b465ee728b)  -> (artifact id: 'c9923a5eeaf732a81d55832936728f0f') in 0.009816 seconds 
========================================================================
Received Import Request.
  Time since last request: 0.000018 seconds.
  path: Assets/Music/Soundtrack_Loops_LoFi_Cuts_WAV/One-shots/Drum One-shots/SL_LoFi_Snare_OS_06.wav
  artifactKey: Guid(4ce3378c684457347ae1ac94301faf35) Importer(815301076,1909f56bfc062723c751e8b465ee728b)
Start importing Assets/Music/Soundtrack_Loops_LoFi_Cuts_WAV/One-shots/Drum One-shots/SL_LoFi_Snare_OS_06.wav using Guid(4ce3378c684457347ae1ac94301faf35) Importer(815301076,1909f56bfc062723c751e8b465ee728b)  -> (artifact id: 'd689dec5843168c389acb635fe0c2aec') in 0.012000 seconds 
========================================================================
Received Import Request.
  Time since last request: 0.000020 seconds.
  path: Assets/Music/Soundtrack_Loops_LoFi_Cuts_WAV/One-shots/Drum One-shots/SL_LoFi_Perc_OS_05.wav
  artifactKey: Guid(8599e428e7758a5459c1ab6083bc9a86) Importer(815301076,1909f56bfc062723c751e8b465ee728b)
Start importing Assets/Music/Soundtrack_Loops_LoFi_Cuts_WAV/One-shots/Drum One-shots/SL_LoFi_Perc_OS_05.wav using Guid(8599e428e7758a5459c1ab6083bc9a86) Importer(815301076,1909f56bfc062723c751e8b465ee728b)  -> (artifact id: '1ffd7f7bb6821845c33ebb528d2e9ccd') in 0.009894 seconds 
========================================================================
Received Import Request.
  Time since last request: 0.000023 seconds.
  path: Assets/Music/Soundtrack_Loops_LoFi_Cuts_WAV/One-shots/Drum One-shots/SL_LoFi_High_Hat_OS_05.wav
  artifactKey: Guid(918d56c2dd8ccef4f8d4351bd8d73d4d) Importer(815301076,1909f56bfc062723c751e8b465ee728b)
Start importing Assets/Music/Soundtrack_Loops_LoFi_Cuts_WAV/One-shots/Drum One-shots/SL_LoFi_High_Hat_OS_05.wav using Guid(918d56c2dd8ccef4f8d4351bd8d73d4d) Importer(815301076,1909f56bfc062723c751e8b465ee728b)  -> (artifact id: '1fbd6505137077836fd5e8f9484d86bb') in 0.009577 seconds 
========================================================================
Received Import Request.
  Time since last request: 0.000016 seconds.
  path: Assets/Music/Soundtrack_Loops_LoFi_Cuts_WAV/One-shots/Drum One-shots/SL_LoFi_Perc_OS_03.wav
  artifactKey: Guid(a9c5cf0e78b7cfb4c8caaf33f6f426f0) Importer(815301076,1909f56bfc062723c751e8b465ee728b)
Start importing Assets/Music/Soundtrack_Loops_LoFi_Cuts_WAV/One-shots/Drum One-shots/SL_LoFi_Perc_OS_03.wav using Guid(a9c5cf0e78b7cfb4c8caaf33f6f426f0) Importer(815301076,1909f56bfc062723c751e8b465ee728b)  -> (artifact id: '4f42055ced9d97fd1cd02f4db837b911') in 0.010867 seconds 
========================================================================
Received Import Request.
  Time since last request: 0.000018 seconds.
  path: Assets/Music/Soundtrack_Loops_LoFi_Cuts_WAV/One-shots/Drum One-shots/SL_LoFi_Kick_OS_07.wav
  artifactKey: Guid(89666473aac886147bead5342b1a0233) Importer(815301076,1909f56bfc062723c751e8b465ee728b)
Start importing Assets/Music/Soundtrack_Loops_LoFi_Cuts_WAV/One-shots/Drum One-shots/SL_LoFi_Kick_OS_07.wav using Guid(89666473aac886147bead5342b1a0233) Importer(815301076,1909f56bfc062723c751e8b465ee728b)  -> (artifact id: '917db87712023266fc3aeb98bc4bbf32') in 0.010170 seconds 
========================================================================
Received Import Request.
  Time since last request: 0.000022 seconds.
  path: Assets/Music/Soundtrack_Loops_LoFi_Cuts_WAV/One-shots/Drum One-shots/SL_LoFi_High_Hat_OS_09.wav
  artifactKey: Guid(05c9bafcafc1cc04089881d00f9f52dc) Importer(815301076,1909f56bfc062723c751e8b465ee728b)
Start importing Assets/Music/Soundtrack_Loops_LoFi_Cuts_WAV/One-shots/Drum One-shots/SL_LoFi_High_Hat_OS_09.wav using Guid(05c9bafcafc1cc04089881d00f9f52dc) Importer(815301076,1909f56bfc062723c751e8b465ee728b)  -> (artifact id: '3878f9ac92e184f85e4fa60efe330666') in 0.009838 seconds 
========================================================================
Received Import Request.
  Time since last request: 0.000016 seconds.
  path: Assets/Music/Soundtrack_Loops_LoFi_Cuts_WAV/One-shots/Drum One-shots/SL_LoFi_Snare_OS_04.wav
  artifactKey: Guid(544756df33164a642aa15e5c7896aece) Importer(815301076,1909f56bfc062723c751e8b465ee728b)
Start importing Assets/Music/Soundtrack_Loops_LoFi_Cuts_WAV/One-shots/Drum One-shots/SL_LoFi_Snare_OS_04.wav using Guid(544756df33164a642aa15e5c7896aece) Importer(815301076,1909f56bfc062723c751e8b465ee728b)  -> (artifact id: 'f497c21906c6a8d0031a538b10f7d86b') in 0.009612 seconds 
========================================================================
Received Import Request.
  Time since last request: 0.000018 seconds.
  path: Assets/Music/Soundtrack_Loops_LoFi_Cuts_WAV/One-shots/Drum One-shots/SL_LoFi_High_Hat_OS_10.wav
  artifactKey: Guid(bd0f6d570ad1c1f4eb1efc0b1495b15e) Importer(815301076,1909f56bfc062723c751e8b465ee728b)
Start importing Assets/Music/Soundtrack_Loops_LoFi_Cuts_WAV/One-shots/Drum One-shots/SL_LoFi_High_Hat_OS_10.wav using Guid(bd0f6d570ad1c1f4eb1efc0b1495b15e) Importer(815301076,1909f56bfc062723c751e8b465ee728b)  -> (artifact id: '00c057454ba28be3c0b233be7f28b229') in 0.009729 seconds 
========================================================================
Received Import Request.
  Time since last request: 0.000022 seconds.
  path: Assets/Music/Soundtrack_Loops_LoFi_Cuts_WAV/One-shots/Drum One-shots/SL_LoFi_Snare_OS_05.wav
  artifactKey: Guid(e151e952d94fa2d458ca9bfa0795cd16) Importer(815301076,1909f56bfc062723c751e8b465ee728b)
Start importing Assets/Music/Soundtrack_Loops_LoFi_Cuts_WAV/One-shots/Drum One-shots/SL_LoFi_Snare_OS_05.wav using Guid(e151e952d94fa2d458ca9bfa0795cd16) Importer(815301076,1909f56bfc062723c751e8b465ee728b)  -> (artifact id: '45e142eb62f20898aef06aa5b378131b') in 0.009618 seconds 
========================================================================
Received Import Request.
  Time since last request: 0.000022 seconds.
  path: Assets/Music/Soundtrack_Loops_LoFi_Cuts_WAV/One-shots/Drum One-shots/SL_LoFi_Kick_OS_10.wav
  artifactKey: Guid(7f067759b3991a0419791afc47ff9167) Importer(815301076,1909f56bfc062723c751e8b465ee728b)
Start importing Assets/Music/Soundtrack_Loops_LoFi_Cuts_WAV/One-shots/Drum One-shots/SL_LoFi_Kick_OS_10.wav using Guid(7f067759b3991a0419791afc47ff9167) Importer(815301076,1909f56bfc062723c751e8b465ee728b)  -> (artifact id: '59053b4d86158c551ba2a87839f0933b') in 0.009109 seconds 
========================================================================
Received Import Request.
  Time since last request: 0.000016 seconds.
  path: Assets/Music/Soundtrack_Loops_LoFi_Cuts_WAV/One-shots/Drum One-shots/SL_LoFi_Kick_OS_06.wav
  artifactKey: Guid(cb3c4d4926a4b6546a360828b4318f7e) Importer(815301076,1909f56bfc062723c751e8b465ee728b)
Start importing Assets/Music/Soundtrack_Loops_LoFi_Cuts_WAV/One-shots/Drum One-shots/SL_LoFi_Kick_OS_06.wav using Guid(cb3c4d4926a4b6546a360828b4318f7e) Importer(815301076,1909f56bfc062723c751e8b465ee728b)  -> (artifact id: '265f40a7863bd03cbd76a3414d2c0459') in 0.011102 seconds 
========================================================================
Received Import Request.
  Time since last request: 0.000019 seconds.
  path: Assets/Music/Soundtrack_Loops_LoFi_Cuts_WAV/One-shots/Drum One-shots/SL_LoFi_Snare_OS_02.wav
  artifactKey: Guid(a3aa48d421942e3428b8a82b2128733b) Importer(815301076,1909f56bfc062723c751e8b465ee728b)
Start importing Assets/Music/Soundtrack_Loops_LoFi_Cuts_WAV/One-shots/Drum One-shots/SL_LoFi_Snare_OS_02.wav using Guid(a3aa48d421942e3428b8a82b2128733b) Importer(815301076,1909f56bfc062723c751e8b465ee728b)  -> (artifact id: '26d39e50cf6553f27c988a414dcc7b94') in 0.009303 seconds 
========================================================================
Received Import Request.
  Time since last request: 22.300381 seconds.
  path: Assets/Music/Soundtrack_Loops_Kitchen_Things_WAV/One-shots/SL Foley Sound Effect Blender (hit).wav
  artifactKey: Guid(1aae864997266764e8b11cc4905c8b90) Importer(815301076,1909f56bfc062723c751e8b465ee728b)
Start importing Assets/Music/Soundtrack_Loops_Kitchen_Things_WAV/One-shots/SL Foley Sound Effect Blender (hit).wav using Guid(1aae864997266764e8b11cc4905c8b90) Importer(815301076,1909f56bfc062723c751e8b465ee728b)  -> (artifact id: 'de93db3c42d4855df69f8b74722a5ad5') in 0.009739 seconds 
========================================================================
Received Import Request.
  Time since last request: 0.000016 seconds.
  path: Assets/Music/Soundtrack_Loops_Kitchen_Things_WAV/One-shots/SL Foley Sound Effect Glass Cups.wav
  artifactKey: Guid(d09af0eaf6f609c4baa8072c593bb15f) Importer(815301076,1909f56bfc062723c751e8b465ee728b)
Start importing Assets/Music/Soundtrack_Loops_Kitchen_Things_WAV/One-shots/SL Foley Sound Effect Glass Cups.wav using Guid(d09af0eaf6f609c4baa8072c593bb15f) Importer(815301076,1909f56bfc062723c751e8b465ee728b)  -> (artifact id: '9ab9a4604934725bef6ffa6ef33e2ee5') in 0.010056 seconds 
========================================================================
Received Import Request.
  Time since last request: 0.000017 seconds.
  path: Assets/Music/Soundtrack_Loops_Kitchen_Things_WAV/One-shots/SL Foley Sound Effect Oven Ding.wav
  artifactKey: Guid(ba21a473b4b5e694ab0a29644563001c) Importer(815301076,1909f56bfc062723c751e8b465ee728b)
Start importing Assets/Music/Soundtrack_Loops_Kitchen_Things_WAV/One-shots/SL Foley Sound Effect Oven Ding.wav using Guid(ba21a473b4b5e694ab0a29644563001c) Importer(815301076,1909f56bfc062723c751e8b465ee728b)  -> (artifact id: '4a852568b0d410b829dbc0501266ab40') in 0.009291 seconds 
========================================================================
Received Import Request.
  Time since last request: 0.000017 seconds.
  path: Assets/Music/Soundtrack_Loops_Kitchen_Things_WAV/One-shots/SL Foley Sound Effect Egg Shell Breaking 1.wav
  artifactKey: Guid(cc4d19fc738567547beb91b58e0d2a5e) Importer(815301076,1909f56bfc062723c751e8b465ee728b)
Start importing Assets/Music/Soundtrack_Loops_Kitchen_Things_WAV/One-shots/SL Foley Sound Effect Egg Shell Breaking 1.wav using Guid(cc4d19fc738567547beb91b58e0d2a5e) Importer(815301076,1909f56bfc062723c751e8b465ee728b)  -> (artifact id: '143d9b6f2124126ea5c78ab409d9d3ab') in 0.009976 seconds 
========================================================================
Received Import Request.
  Time since last request: 0.000017 seconds.
  path: Assets/Music/Soundtrack_Loops_Kitchen_Things_WAV/One-shots/SL Foley Sound Effect Gulp.wav
  artifactKey: Guid(b2a34205a853f6242989b6b79eb091df) Importer(815301076,1909f56bfc062723c751e8b465ee728b)
Start importing Assets/Music/Soundtrack_Loops_Kitchen_Things_WAV/One-shots/SL Foley Sound Effect Gulp.wav using Guid(b2a34205a853f6242989b6b79eb091df) Importer(815301076,1909f56bfc062723c751e8b465ee728b)  -> (artifact id: '274dc0a532814bcf1e3e92e5a1667065') in 0.009856 seconds 
========================================================================
Received Import Request.
  Time since last request: 0.000015 seconds.
  path: Assets/Music/Soundtrack_Loops_Kitchen_Things_WAV/One-shots/SL Foley Sound Effect Lighter.wav
  artifactKey: Guid(cd85016dac9ca40419df5247e4f64082) Importer(815301076,1909f56bfc062723c751e8b465ee728b)
Start importing Assets/Music/Soundtrack_Loops_Kitchen_Things_WAV/One-shots/SL Foley Sound Effect Lighter.wav using Guid(cd85016dac9ca40419df5247e4f64082) Importer(815301076,1909f56bfc062723c751e8b465ee728b)  -> (artifact id: 'cb924142bf2713db74b87e7a5697ecb7') in 0.011091 seconds 
========================================================================
Received Import Request.
  Time since last request: 0.000015 seconds.
  path: Assets/Music/Soundtrack_Loops_Kitchen_Things_WAV/One-shots/SL Foley Sound Effect Saucepan 3.wav
  artifactKey: Guid(61ff598341d0e9b4e9083cf8562ed0eb) Importer(815301076,1909f56bfc062723c751e8b465ee728b)
Start importing Assets/Music/Soundtrack_Loops_Kitchen_Things_WAV/One-shots/SL Foley Sound Effect Saucepan 3.wav using Guid(61ff598341d0e9b4e9083cf8562ed0eb) Importer(815301076,1909f56bfc062723c751e8b465ee728b)  -> (artifact id: '8355e4b2005b0e3a130b319178e4eb46') in 0.009870 seconds 
========================================================================
Received Import Request.
  Time since last request: 0.000015 seconds.
  path: Assets/Music/Soundtrack_Loops_Kitchen_Things_WAV/One-shots/SL Foley Sound Effect Tupper Seal Open.wav
  artifactKey: Guid(54d37b71c547a074cb4f46196d2775da) Importer(815301076,1909f56bfc062723c751e8b465ee728b)
Start importing Assets/Music/Soundtrack_Loops_Kitchen_Things_WAV/One-shots/SL Foley Sound Effect Tupper Seal Open.wav using Guid(54d37b71c547a074cb4f46196d2775da) Importer(815301076,1909f56bfc062723c751e8b465ee728b)  -> (artifact id: '9f95d75b8c83a277478bff5801cb2cd4') in 0.009637 seconds 
========================================================================
Received Import Request.
  Time since last request: 0.000017 seconds.
  path: Assets/Music/Soundtrack_Loops_Kitchen_Things_WAV/One-shots/SL Foley Sound Effect Spoons Drawer 2.wav
  artifactKey: Guid(799763924889207469a4a63acd300923) Importer(815301076,1909f56bfc062723c751e8b465ee728b)
Start importing Assets/Music/Soundtrack_Loops_Kitchen_Things_WAV/One-shots/SL Foley Sound Effect Spoons Drawer 2.wav using Guid(799763924889207469a4a63acd300923) Importer(815301076,1909f56bfc062723c751e8b465ee728b)  -> (artifact id: '2eb2205b71cee4da87f432c337cb0188') in 0.010859 seconds 
========================================================================
Received Import Request.
  Time since last request: 0.000020 seconds.
  path: Assets/Music/Soundtrack_Loops_Kitchen_Things_WAV/One-shots/SL Foley Sound Effect Shair Crawling.wav
  artifactKey: Guid(ecb05001ce9b1ad49809b1bd395c178e) Importer(815301076,1909f56bfc062723c751e8b465ee728b)
Start importing Assets/Music/Soundtrack_Loops_Kitchen_Things_WAV/One-shots/SL Foley Sound Effect Shair Crawling.wav using Guid(ecb05001ce9b1ad49809b1bd395c178e) Importer(815301076,1909f56bfc062723c751e8b465ee728b)  -> (artifact id: 'f52217b1ad846bdb88cc217bd6250c61') in 0.009236 seconds 
========================================================================
Received Import Request.
  Time since last request: 0.000018 seconds.
  path: Assets/Music/Soundtrack_Loops_Kitchen_Things_WAV/One-shots/SL Foley Sound Effect Tuna Can open.wav
  artifactKey: Guid(7218d01ee5e6c134a8b2a812b007a91f) Importer(815301076,1909f56bfc062723c751e8b465ee728b)
Start importing Assets/Music/Soundtrack_Loops_Kitchen_Things_WAV/One-shots/SL Foley Sound Effect Tuna Can open.wav using Guid(7218d01ee5e6c134a8b2a812b007a91f) Importer(815301076,1909f56bfc062723c751e8b465ee728b)  -> (artifact id: '2af7b578524161521026b661caed6b73') in 0.012323 seconds 
========================================================================
Received Import Request.
  Time since last request: 0.000018 seconds.
  path: Assets/Music/Soundtrack_Loops_Kitchen_Things_WAV/One-shots/SL Foley Sound Effect Salt Shaker.wav
  artifactKey: Guid(82c5f0306eb0d434199a7ae603d190a5) Importer(815301076,1909f56bfc062723c751e8b465ee728b)
Start importing Assets/Music/Soundtrack_Loops_Kitchen_Things_WAV/One-shots/SL Foley Sound Effect Salt Shaker.wav using Guid(82c5f0306eb0d434199a7ae603d190a5) Importer(815301076,1909f56bfc062723c751e8b465ee728b)  -> (artifact id: 'bf5ebaf4839b7be6dcb2a06bd7f38642') in 0.009060 seconds 
========================================================================
Received Import Request.
  Time since last request: 0.000021 seconds.
  path: Assets/Music/Soundtrack_Loops_Kitchen_Things_WAV/One-shots/SL Foley Sound Effect Spoons.wav
  artifactKey: Guid(7aefa957d73663e4ebb41311f593504c) Importer(815301076,1909f56bfc062723c751e8b465ee728b)
Start importing Assets/Music/Soundtrack_Loops_Kitchen_Things_WAV/One-shots/SL Foley Sound Effect Spoons.wav using Guid(7aefa957d73663e4ebb41311f593504c) Importer(815301076,1909f56bfc062723c751e8b465ee728b)  -> (artifact id: '0eed414900407f73d810c02bf0a4d79c') in 0.009948 seconds 
========================================================================
Received Import Request.
  Time since last request: 0.000018 seconds.
  path: Assets/Music/Soundtrack_Loops_Kitchen_Things_WAV/One-shots/SL Foley Sound Effect Timer Ticking 1.wav
  artifactKey: Guid(5d98ea09997295341960603989f9251e) Importer(815301076,1909f56bfc062723c751e8b465ee728b)
Start importing Assets/Music/Soundtrack_Loops_Kitchen_Things_WAV/One-shots/SL Foley Sound Effect Timer Ticking 1.wav using Guid(5d98ea09997295341960603989f9251e) Importer(815301076,1909f56bfc062723c751e8b465ee728b)  -> (artifact id: '54fae7dbf539c030910dbde4df19a833') in 0.009630 seconds 
========================================================================
Received Import Request.
  Time since last request: 0.000017 seconds.
  path: Assets/Music/Soundtrack_Loops_Kitchen_Things_WAV/One-shots/SL Foley Sound Effect Molcajete (Stone Mortar) 2.wav
  artifactKey: Guid(610aac6aa639dac469a1052788061848) Importer(815301076,1909f56bfc062723c751e8b465ee728b)
Start importing Assets/Music/Soundtrack_Loops_Kitchen_Things_WAV/One-shots/SL Foley Sound Effect Molcajete (Stone Mortar) 2.wav using Guid(610aac6aa639dac469a1052788061848) Importer(815301076,1909f56bfc062723c751e8b465ee728b)  -> (artifact id: 'e04edf0a459ba3cce39fdc7eef463876') in 0.011405 seconds 
========================================================================
Received Import Request.
  Time since last request: 0.000017 seconds.
  path: Assets/Music/Soundtrack_Loops_Kitchen_Things_WAV/One-shots/SL Foley Sound Effect Saucepan 1.wav
  artifactKey: Guid(b615c24d369c50346924593747b2613b) Importer(815301076,1909f56bfc062723c751e8b465ee728b)
Start importing Assets/Music/Soundtrack_Loops_Kitchen_Things_WAV/One-shots/SL Foley Sound Effect Saucepan 1.wav using Guid(b615c24d369c50346924593747b2613b) Importer(815301076,1909f56bfc062723c751e8b465ee728b)  -> (artifact id: '1c29717fd8d9f8d11bca1d2347413221') in 0.011257 seconds 
========================================================================
Received Import Request.
  Time since last request: 0.000017 seconds.
  path: Assets/Music/Soundtrack_Loops_Kitchen_Things_WAV/One-shots/SL Foley Sound Effect Pepper Mill.wav
  artifactKey: Guid(9e97a11f9fff4f44faf5b5ad6f084c76) Importer(815301076,1909f56bfc062723c751e8b465ee728b)
Start importing Assets/Music/Soundtrack_Loops_Kitchen_Things_WAV/One-shots/SL Foley Sound Effect Pepper Mill.wav using Guid(9e97a11f9fff4f44faf5b5ad6f084c76) Importer(815301076,1909f56bfc062723c751e8b465ee728b)  -> (artifact id: '33207967960198bd7bebda4e6f92e8d5') in 0.010112 seconds 
========================================================================
Received Import Request.
  Time since last request: 0.000015 seconds.
  path: Assets/Music/Soundtrack_Loops_Kitchen_Things_WAV/One-shots/SL Foley Sound Effect Pans.wav
  artifactKey: Guid(de737a63cff573b4096af453939439df) Importer(815301076,1909f56bfc062723c751e8b465ee728b)
Start importing Assets/Music/Soundtrack_Loops_Kitchen_Things_WAV/One-shots/SL Foley Sound Effect Pans.wav using Guid(de737a63cff573b4096af453939439df) Importer(815301076,1909f56bfc062723c751e8b465ee728b)  -> (artifact id: '25109ddd22ad0d16b2aeced8ebcfa164') in 0.011076 seconds 
========================================================================
Received Import Request.
  Time since last request: 0.000018 seconds.
  path: Assets/Music/Soundtrack_Loops_Kitchen_Things_WAV/One-shots/SL Foley Sound Effect Chips Bag.wav
  artifactKey: Guid(3d3a7aab425f72f45aa8e8879d997131) Importer(815301076,1909f56bfc062723c751e8b465ee728b)
Start importing Assets/Music/Soundtrack_Loops_Kitchen_Things_WAV/One-shots/SL Foley Sound Effect Chips Bag.wav using Guid(3d3a7aab425f72f45aa8e8879d997131) Importer(815301076,1909f56bfc062723c751e8b465ee728b)  -> (artifact id: '5a47106ed46f14fbafea9dc8ec7e16d6') in 0.010386 seconds 
========================================================================
Received Import Request.
  Time since last request: 0.000016 seconds.
  path: Assets/Music/Soundtrack_Loops_Kitchen_Things_WAV/One-shots/SL Foley Sound Effect Spooning (pan).wav
  artifactKey: Guid(e864d176e0af7b94a95b88f51f64004c) Importer(815301076,1909f56bfc062723c751e8b465ee728b)
Start importing Assets/Music/Soundtrack_Loops_Kitchen_Things_WAV/One-shots/SL Foley Sound Effect Spooning (pan).wav using Guid(e864d176e0af7b94a95b88f51f64004c) Importer(815301076,1909f56bfc062723c751e8b465ee728b)  -> (artifact id: 'f496def003c956b2db4d875ce833949e') in 0.011485 seconds 
========================================================================
Received Import Request.
  Time since last request: 19.635985 seconds.
  path: Assets/Music/Soundtrack_Loops_IronScores_WAV/Kit 01 80 BPM A/SL_IS_Kit01_Bass_Pizz3_A_080.wav
  artifactKey: Guid(8f5f9f5fa600cd24382ea02320e0ee1d) Importer(815301076,1909f56bfc062723c751e8b465ee728b)
Start importing Assets/Music/Soundtrack_Loops_IronScores_WAV/Kit 01 80 BPM A/SL_IS_Kit01_Bass_Pizz3_A_080.wav using Guid(8f5f9f5fa600cd24382ea02320e0ee1d) Importer(815301076,1909f56bfc062723c751e8b465ee728b)  -> (artifact id: '8d307138e880d68e44f34c6addbd8900') in 0.009964 seconds 
========================================================================
Received Import Request.
  Time since last request: 0.000012 seconds.
  path: Assets/Music/Soundtrack_Loops_IronScores_WAV/Kit 01 80 BPM A/SL_IS_Kit01_Violin2_A_080.wav
  artifactKey: Guid(130a85080c1169c40a35a317eadee85e) Importer(815301076,1909f56bfc062723c751e8b465ee728b)
Start importing Assets/Music/Soundtrack_Loops_IronScores_WAV/Kit 01 80 BPM A/SL_IS_Kit01_Violin2_A_080.wav using Guid(130a85080c1169c40a35a317eadee85e) Importer(815301076,1909f56bfc062723c751e8b465ee728b)  -> (artifact id: '056e32c706219c3bff657fa6304a4af5') in 0.009555 seconds 
========================================================================
Received Import Request.
  Time since last request: 0.000017 seconds.
  path: Assets/Music/Soundtrack_Loops_IronScores_WAV/Kit 01 80 BPM A/SL_IS_Kit01_Piano5_A_080.wav
  artifactKey: Guid(6b61d6c297dcfb24da527c6365fb7f76) Importer(815301076,1909f56bfc062723c751e8b465ee728b)
Start importing Assets/Music/Soundtrack_Loops_IronScores_WAV/Kit 01 80 BPM A/SL_IS_Kit01_Piano5_A_080.wav using Guid(6b61d6c297dcfb24da527c6365fb7f76) Importer(815301076,1909f56bfc062723c751e8b465ee728b)  -> (artifact id: 'c3da473ab53d1c33383fe91e979e2eab') in 0.009719 seconds 
========================================================================
Received Import Request.
  Time since last request: 0.000024 seconds.
  path: Assets/Music/Soundtrack_Loops_IronScores_WAV/Kit 01 80 BPM A/SL_IS_Kit01_Cello_Pizz1_A_080.wav
  artifactKey: Guid(513a1de76e2ff1d478226396aebd7ab9) Importer(815301076,1909f56bfc062723c751e8b465ee728b)
Start importing Assets/Music/Soundtrack_Loops_IronScores_WAV/Kit 01 80 BPM A/SL_IS_Kit01_Cello_Pizz1_A_080.wav using Guid(513a1de76e2ff1d478226396aebd7ab9) Importer(815301076,1909f56bfc062723c751e8b465ee728b)  -> (artifact id: '3e8d692c77fd8a09bad5ed8f20c286ff') in 0.010380 seconds 
========================================================================
Received Import Request.
  Time since last request: 0.000021 seconds.
  path: Assets/Music/Soundtrack_Loops_IronScores_WAV/Kit 01 80 BPM A/SL_IS_Kit01_Cello2_A_080.wav
  artifactKey: Guid(b3e906931c59ea443aa37015c0cf105c) Importer(815301076,1909f56bfc062723c751e8b465ee728b)
Start importing Assets/Music/Soundtrack_Loops_IronScores_WAV/Kit 01 80 BPM A/SL_IS_Kit01_Cello2_A_080.wav using Guid(b3e906931c59ea443aa37015c0cf105c) Importer(815301076,1909f56bfc062723c751e8b465ee728b)  -> (artifact id: 'dc14bf80a582f3b53ff0af279e2e5584') in 0.010482 seconds 
========================================================================
Received Import Request.
  Time since last request: 0.000016 seconds.
  path: Assets/Music/Soundtrack_Loops_IronScores_WAV/Kit 01 80 BPM A/SL_IS_Kit01_Piano3_A_080.wav
  artifactKey: Guid(8c47fc37dd963cc4384627ccfb7191ff) Importer(815301076,1909f56bfc062723c751e8b465ee728b)
Start importing Assets/Music/Soundtrack_Loops_IronScores_WAV/Kit 01 80 BPM A/SL_IS_Kit01_Piano3_A_080.wav using Guid(8c47fc37dd963cc4384627ccfb7191ff) Importer(815301076,1909f56bfc062723c751e8b465ee728b)  -> (artifact id: '09507045eac868ae3dcf887a6cbed72a') in 0.011219 seconds 
========================================================================
Received Import Request.
  Time since last request: 0.000018 seconds.
  path: Assets/Music/Soundtrack_Loops_IronScores_WAV/Kit 01 80 BPM A/SL_IS_Kit01_Cello3_A_080.wav
  artifactKey: Guid(2650cde239203af4087830dffd7b3548) Importer(815301076,1909f56bfc062723c751e8b465ee728b)
Start importing Assets/Music/Soundtrack_Loops_IronScores_WAV/Kit 01 80 BPM A/SL_IS_Kit01_Cello3_A_080.wav using Guid(2650cde239203af4087830dffd7b3548) Importer(815301076,1909f56bfc062723c751e8b465ee728b)  -> (artifact id: 'b308d02a4532f87cbcd2bc5f2250abbe') in 0.009217 seconds 
========================================================================
Received Import Request.
  Time since last request: 9.151953 seconds.
  path: Assets/Music/Soundtrack_Loops_Industrial_Complex_SFX_WAV/One-shots/SL Foley Metallic Hit Sfx Aluminium Sliding Ladder.wav
  artifactKey: Guid(29272f472c4e04a4dab2056c557e4a43) Importer(815301076,1909f56bfc062723c751e8b465ee728b)
Start importing Assets/Music/Soundtrack_Loops_Industrial_Complex_SFX_WAV/One-shots/SL Foley Metallic Hit Sfx Aluminium Sliding Ladder.wav using Guid(29272f472c4e04a4dab2056c557e4a43) Importer(815301076,1909f56bfc062723c751e8b465ee728b)  -> (artifact id: 'a911cae64dc51ab40cb0f4c4c4577ed5') in 0.010137 seconds 
========================================================================
Received Import Request.
  Time since last request: 0.000014 seconds.
  path: Assets/Music/Soundtrack_Loops_Industrial_Complex_SFX_WAV/One-shots/SL Foley Metallic Hit Sfx Plasma Cutting (Side Movement).wav
  artifactKey: Guid(3bf8264cc79f52c4bb267dfabf65e7f9) Importer(815301076,1909f56bfc062723c751e8b465ee728b)
Start importing Assets/Music/Soundtrack_Loops_Industrial_Complex_SFX_WAV/One-shots/SL Foley Metallic Hit Sfx Plasma Cutting (Side Movement).wav using Guid(3bf8264cc79f52c4bb267dfabf65e7f9) Importer(815301076,1909f56bfc062723c751e8b465ee728b)  -> (artifact id: '7ba06de2b3cdc25c2803b218ff936eba') in 0.012511 seconds 
========================================================================
Received Import Request.
  Time since last request: 0.000018 seconds.
  path: Assets/Music/Soundtrack_Loops_Industrial_Complex_SFX_WAV/One-shots/SL Foley Metallic Hit Sfx Aluminium Tool Box.wav
  artifactKey: Guid(6cd9a840e1d0e364e975b314f1847446) Importer(815301076,1909f56bfc062723c751e8b465ee728b)
Start importing Assets/Music/Soundtrack_Loops_Industrial_Complex_SFX_WAV/One-shots/SL Foley Metallic Hit Sfx Aluminium Tool Box.wav using Guid(6cd9a840e1d0e364e975b314f1847446) Importer(815301076,1909f56bfc062723c751e8b465ee728b)  -> (artifact id: 'a9c4271223772a564bf523ebf2d301d9') in 0.010528 seconds 
========================================================================
Received Import Request.
  Time since last request: 0.000026 seconds.
  path: Assets/Music/Soundtrack_Loops_Industrial_Complex_SFX_WAV/One-shots/SL Foley Metallic Hit Sfx Container.wav
  artifactKey: Guid(020f008e5905dda4dab819819e793872) Importer(815301076,1909f56bfc062723c751e8b465ee728b)
Start importing Assets/Music/Soundtrack_Loops_Industrial_Complex_SFX_WAV/One-shots/SL Foley Metallic Hit Sfx Container.wav using Guid(020f008e5905dda4dab819819e793872) Importer(815301076,1909f56bfc062723c751e8b465ee728b)  -> (artifact id: '385fb9ed68dde6235f57a2594e9dc2c1') in 0.009808 seconds 
========================================================================
Received Import Request.
  Time since last request: 0.000018 seconds.
  path: Assets/Music/Soundtrack_Loops_Industrial_Complex_SFX_WAV/One-shots/SL Foley Metallic Hit Sfx Hammer Hit On Metal 2.wav
  artifactKey: Guid(031d5798e4f81af488aa8e657ae07e58) Importer(815301076,1909f56bfc062723c751e8b465ee728b)
Start importing Assets/Music/Soundtrack_Loops_Industrial_Complex_SFX_WAV/One-shots/SL Foley Metallic Hit Sfx Hammer Hit On Metal 2.wav using Guid(031d5798e4f81af488aa8e657ae07e58) Importer(815301076,1909f56bfc062723c751e8b465ee728b)  -> (artifact id: 'a2e09d5f94f23ce4f1e3d12f6dcdf691') in 0.009966 seconds 
========================================================================
Received Import Request.
  Time since last request: 0.000016 seconds.
  path: Assets/Music/Soundtrack_Loops_Industrial_Complex_SFX_WAV/One-shots/SL Foley Metallic Hit Sfx Heavy Air Compressor (Plastic Cover).wav
  artifactKey: Guid(c09422d3491a1d44d9876ddf89e8861f) Importer(815301076,1909f56bfc062723c751e8b465ee728b)
Start importing Assets/Music/Soundtrack_Loops_Industrial_Complex_SFX_WAV/One-shots/SL Foley Metallic Hit Sfx Heavy Air Compressor (Plastic Cover).wav using Guid(c09422d3491a1d44d9876ddf89e8861f) Importer(815301076,1909f56bfc062723c751e8b465ee728b)  -> (artifact id: 'ef07d837f847c8b43e5d53c04b35b259') in 0.010724 seconds 
========================================================================
Received Import Request.
  Time since last request: 0.000019 seconds.
  path: Assets/Music/Soundtrack_Loops_Industrial_Complex_SFX_WAV/One-shots/SL Foley Metallic Hit Sfx Steel Scraps 2.wav
  artifactKey: Guid(83f82da9e58b8644ab1caf89ab4b8ee0) Importer(815301076,1909f56bfc062723c751e8b465ee728b)
Start importing Assets/Music/Soundtrack_Loops_Industrial_Complex_SFX_WAV/One-shots/SL Foley Metallic Hit Sfx Steel Scraps 2.wav using Guid(83f82da9e58b8644ab1caf89ab4b8ee0) Importer(815301076,1909f56bfc062723c751e8b465ee728b)  -> (artifact id: 'afe82ce5c8fab3caf29c327a22d0eadf') in 0.009327 seconds 
========================================================================
Received Import Request.
  Time since last request: 0.000015 seconds.
  path: Assets/Music/Soundtrack_Loops_Industrial_Complex_SFX_WAV/One-shots/SL Foley Metallic Hit Sfx Small Gas Tank.wav
  artifactKey: Guid(abcc9b19e05f9d14fb8ae4e2ca8719df) Importer(815301076,1909f56bfc062723c751e8b465ee728b)
Start importing Assets/Music/Soundtrack_Loops_Industrial_Complex_SFX_WAV/One-shots/SL Foley Metallic Hit Sfx Small Gas Tank.wav using Guid(abcc9b19e05f9d14fb8ae4e2ca8719df) Importer(815301076,1909f56bfc062723c751e8b465ee728b)  -> (artifact id: '9660f492207f7315fc56a4ea40273381') in 0.008934 seconds 
========================================================================
Received Import Request.
  Time since last request: 0.000015 seconds.
  path: Assets/Music/Soundtrack_Loops_Industrial_Complex_SFX_WAV/One-shots/SL Foley Metallic Hit Sfx Hand Ratchet.wav
  artifactKey: Guid(4b0e86de3459cb941b694cc6969f9463) Importer(815301076,1909f56bfc062723c751e8b465ee728b)
Start importing Assets/Music/Soundtrack_Loops_Industrial_Complex_SFX_WAV/One-shots/SL Foley Metallic Hit Sfx Hand Ratchet.wav using Guid(4b0e86de3459cb941b694cc6969f9463) Importer(815301076,1909f56bfc062723c751e8b465ee728b)  -> (artifact id: '68280cf33490d0f27d410a639a5f1782') in 0.013776 seconds 
========================================================================
Received Import Request.
  Time since last request: 0.000024 seconds.
  path: Assets/Music/Soundtrack_Loops_Industrial_Complex_SFX_WAV/One-shots/SL Foley Metallic Hit Sfx Hydraulic Press (Hit).wav
  artifactKey: Guid(775e3940ffd73d44dbb4cbf123c22c80) Importer(815301076,1909f56bfc062723c751e8b465ee728b)
Start importing Assets/Music/Soundtrack_Loops_Industrial_Complex_SFX_WAV/One-shots/SL Foley Metallic Hit Sfx Hydraulic Press (Hit).wav using Guid(775e3940ffd73d44dbb4cbf123c22c80) Importer(815301076,1909f56bfc062723c751e8b465ee728b)  -> (artifact id: 'd999b74f30770b1bd7050154dbb33f88') in 0.011023 seconds 
========================================================================
Received Import Request.
  Time since last request: 0.000022 seconds.
  path: Assets/Music/Soundtrack_Loops_Industrial_Complex_SFX_WAV/One-shots/SL Foley Metallic Hit Sfx Steel Rod (Small).wav
  artifactKey: Guid(eb074889574aa75438debafca78525fe) Importer(815301076,1909f56bfc062723c751e8b465ee728b)
Start importing Assets/Music/Soundtrack_Loops_Industrial_Complex_SFX_WAV/One-shots/SL Foley Metallic Hit Sfx Steel Rod (Small).wav using Guid(eb074889574aa75438debafca78525fe) Importer(815301076,1909f56bfc062723c751e8b465ee728b)  -> (artifact id: '79b7477b87b0b90a9da4e20354126470') in 0.012979 seconds 
========================================================================
Received Import Request.
  Time since last request: 0.000022 seconds.
  path: Assets/Music/Soundtrack_Loops_Industrial_Complex_SFX_WAV/One-shots/SL Foley Metallic Hit Sfx Square Tube.wav
  artifactKey: Guid(959ce6ded71887845b108fb58ca6a015) Importer(815301076,1909f56bfc062723c751e8b465ee728b)
Start importing Assets/Music/Soundtrack_Loops_Industrial_Complex_SFX_WAV/One-shots/SL Foley Metallic Hit Sfx Square Tube.wav using Guid(959ce6ded71887845b108fb58ca6a015) Importer(815301076,1909f56bfc062723c751e8b465ee728b)  -> (artifact id: '1bfd55fac34d919286431c281b5eadf8') in 0.009638 seconds 
========================================================================
Received Import Request.
  Time since last request: 0.000015 seconds.
  path: Assets/Music/Soundtrack_Loops_Industrial_Complex_SFX_WAV/One-shots/SL Foley Metallic Hit Sfx Bench Drill (Off).wav
  artifactKey: Guid(9eff9b33b467a4f4595a276cd48fbfed) Importer(815301076,1909f56bfc062723c751e8b465ee728b)
Start importing Assets/Music/Soundtrack_Loops_Industrial_Complex_SFX_WAV/One-shots/SL Foley Metallic Hit Sfx Bench Drill (Off).wav using Guid(9eff9b33b467a4f4595a276cd48fbfed) Importer(815301076,1909f56bfc062723c751e8b465ee728b)  -> (artifact id: '03ad93c73c259ba2c086e01c0adf7180') in 0.009656 seconds 
========================================================================
Received Import Request.
  Time since last request: 0.000014 seconds.
  path: Assets/Music/Soundtrack_Loops_Industrial_Complex_SFX_WAV/One-shots/SL Foley Metallic Hit Sfx Hydraulic Press (Working) 1.wav
  artifactKey: Guid(f6c2624094757e946943ab62ea3f4227) Importer(815301076,1909f56bfc062723c751e8b465ee728b)
Start importing Assets/Music/Soundtrack_Loops_Industrial_Complex_SFX_WAV/One-shots/SL Foley Metallic Hit Sfx Hydraulic Press (Working) 1.wav using Guid(f6c2624094757e946943ab62ea3f4227) Importer(815301076,1909f56bfc062723c751e8b465ee728b)  -> (artifact id: '4fc58618d8962e110ed5a0b59577a4f1') in 0.011455 seconds 
========================================================================
Received Import Request.
  Time since last request: 0.000014 seconds.
  path: Assets/Music/Soundtrack_Loops_Industrial_Complex_SFX_WAV/One-shots/SL Foley Metallic Hit Sfx Hydraulic Door (Opening).wav
  artifactKey: Guid(f6135b7d0f1063c4494b31531077d1a6) Importer(815301076,1909f56bfc062723c751e8b465ee728b)
Start importing Assets/Music/Soundtrack_Loops_Industrial_Complex_SFX_WAV/One-shots/SL Foley Metallic Hit Sfx Hydraulic Door (Opening).wav using Guid(f6135b7d0f1063c4494b31531077d1a6) Importer(815301076,1909f56bfc062723c751e8b465ee728b)  -> (artifact id: '09d6fea8127656a05a172700fd524d29') in 0.014148 seconds 
========================================================================
Received Import Request.
  Time since last request: 0.000018 seconds.
  path: Assets/Music/Soundtrack_Loops_Industrial_Complex_SFX_WAV/One-shots/SL Foley Metallic Hit Sfx Chain Pulley.wav
  artifactKey: Guid(61914af55ccaeb24e92bdcc6f4aa6cf2) Importer(815301076,1909f56bfc062723c751e8b465ee728b)
Start importing Assets/Music/Soundtrack_Loops_Industrial_Complex_SFX_WAV/One-shots/SL Foley Metallic Hit Sfx Chain Pulley.wav using Guid(61914af55ccaeb24e92bdcc6f4aa6cf2) Importer(815301076,1909f56bfc062723c751e8b465ee728b)  -> (artifact id: '4bf4a49f302b546a21169750acd24d67') in 0.010933 seconds 
========================================================================
Received Import Request.
  Time since last request: 0.000019 seconds.
  path: Assets/Music/Soundtrack_Loops_Industrial_Complex_SFX_WAV/One-shots/SL Foley Metallic Hit Sfx Metal Sheets (Small) 2.wav
  artifactKey: Guid(b673ff24948d5804091ec65f8eb911fb) Importer(815301076,1909f56bfc062723c751e8b465ee728b)
Start importing Assets/Music/Soundtrack_Loops_Industrial_Complex_SFX_WAV/One-shots/SL Foley Metallic Hit Sfx Metal Sheets (Small) 2.wav using Guid(b673ff24948d5804091ec65f8eb911fb) Importer(815301076,1909f56bfc062723c751e8b465ee728b)  -> (artifact id: 'a9cdad2097619f9681ba9851390148c9') in 0.012124 seconds 
========================================================================
Received Import Request.
  Time since last request: 0.000018 seconds.
  path: Assets/Music/Soundtrack_Loops_Industrial_Complex_SFX_WAV/One-shots/SL Foley Metallic Hit Sfx Gas Tank 2.wav
  artifactKey: Guid(87bb97974f1b04945a19281551c33ec2) Importer(815301076,1909f56bfc062723c751e8b465ee728b)
Start importing Assets/Music/Soundtrack_Loops_Industrial_Complex_SFX_WAV/One-shots/SL Foley Metallic Hit Sfx Gas Tank 2.wav using Guid(87bb97974f1b04945a19281551c33ec2) Importer(815301076,1909f56bfc062723c751e8b465ee728b)  -> (artifact id: '956e47c9b0f0a16c4f1a9736beb1d0c6') in 0.012644 seconds 
========================================================================
Received Import Request.
  Time since last request: 0.000020 seconds.
  path: Assets/Music/Soundtrack_Loops_Industrial_Complex_SFX_WAV/One-shots/SL Foley Metallic Hit Sfx Small Steel Ring.wav
  artifactKey: Guid(e7863aff9de248244bb0f4ff4de45d9b) Importer(815301076,1909f56bfc062723c751e8b465ee728b)
Start importing Assets/Music/Soundtrack_Loops_Industrial_Complex_SFX_WAV/One-shots/SL Foley Metallic Hit Sfx Small Steel Ring.wav using Guid(e7863aff9de248244bb0f4ff4de45d9b) Importer(815301076,1909f56bfc062723c751e8b465ee728b)  -> (artifact id: 'd2dc8225ee0a960a4d8741bea32611b1') in 0.010482 seconds 
========================================================================
Received Import Request.
  Time since last request: 0.000018 seconds.
  path: Assets/Music/Soundtrack_Loops_Industrial_Complex_SFX_WAV/One-shots/SL Foley Metallic Hit Sfx Iron Square Tube 2.wav
  artifactKey: Guid(8337030da4856d045a4028fdce343985) Importer(815301076,1909f56bfc062723c751e8b465ee728b)
Start importing Assets/Music/Soundtrack_Loops_Industrial_Complex_SFX_WAV/One-shots/SL Foley Metallic Hit Sfx Iron Square Tube 2.wav using Guid(8337030da4856d045a4028fdce343985) Importer(815301076,1909f56bfc062723c751e8b465ee728b)  -> (artifact id: 'ed214e3f9da3ae538c41c373858a001a') in 0.013680 seconds 
========================================================================
Received Import Request.
  Time since last request: 0.000015 seconds.
  path: Assets/Music/Soundtrack_Loops_Industrial_Complex_SFX_WAV/One-shots/SL Foley Metallic Hit Sfx Galvanized Square Pipe.wav
  artifactKey: Guid(a16593e8c08ced744a56153b9595f09e) Importer(815301076,1909f56bfc062723c751e8b465ee728b)
Start importing Assets/Music/Soundtrack_Loops_Industrial_Complex_SFX_WAV/One-shots/SL Foley Metallic Hit Sfx Galvanized Square Pipe.wav using Guid(a16593e8c08ced744a56153b9595f09e) Importer(815301076,1909f56bfc062723c751e8b465ee728b)  -> (artifact id: '7f91d6b27e7a573bc7efa3baecf74510') in 0.009558 seconds 
========================================================================
Received Import Request.
  Time since last request: 0.000015 seconds.
  path: Assets/Music/Soundtrack_Loops_Industrial_Complex_SFX_WAV/One-shots/SL Foley Metallic Hit Sfx Helmets.wav
  artifactKey: Guid(f5b28334939036342a485c3ddec44031) Importer(815301076,1909f56bfc062723c751e8b465ee728b)
Start importing Assets/Music/Soundtrack_Loops_Industrial_Complex_SFX_WAV/One-shots/SL Foley Metallic Hit Sfx Helmets.wav using Guid(f5b28334939036342a485c3ddec44031) Importer(815301076,1909f56bfc062723c751e8b465ee728b)  -> (artifact id: 'ab6fa17c093060e80c1e1170ed182f40') in 0.010256 seconds 
========================================================================
Received Import Request.
  Time since last request: 0.000018 seconds.
  path: Assets/Music/Soundtrack_Loops_Industrial_Complex_SFX_WAV/One-shots/SL Foley Metallic Hit Sfx Heavy Mechanism (Hit).wav
  artifactKey: Guid(5b2d84d0c29eb4442b93508c34a7b79f) Importer(815301076,1909f56bfc062723c751e8b465ee728b)
Start importing Assets/Music/Soundtrack_Loops_Industrial_Complex_SFX_WAV/One-shots/SL Foley Metallic Hit Sfx Heavy Mechanism (Hit).wav using Guid(5b2d84d0c29eb4442b93508c34a7b79f) Importer(815301076,1909f56bfc062723c751e8b465ee728b)  -> (artifact id: '996164d2eb5afd3f8ed9c43f9da23a01') in 0.009909 seconds 
Editor requested this worker to shutdown with reason: Scaling down because of idle timeout
AssetImportWorker is now disconnected from the server
Process exiting
Exiting without the bug reporter. Application will terminate with return code 0