Using pre-set license
Built from '2021.2/staging' branch; Version is '2021.2.19f1 (602ecdbb2fb0) revision 6303437'; Using compiler version '192829333'; Build Type 'Release'
OS: 'Windows 10  (10.0.19043) 64bit Professional' Language: 'en' Physical Memory: 32694 MB
BatchMode: 1, IsHumanControllingUs: 0, StartBugReporterOnCrash: 0, Is64bit: 1, IsPro: 1

COMMAND LINE ARGUMENTS:
C:\Program Files\Unity\Hub\Editor\2021.2.19f1\Editor\Unity.exe
-adb2
-batchMode
-noUpm
-name
AssetImportWorker0
-projectPath
C:/Users/Benjy/Documents/Unity/Suburb
-logFile
Logs/AssetImportWorker0.log
-srvPort
57998
Successfully changed project path to: C:/Users/Benjy/Documents/Unity/Suburb
C:/Users/Benjy/Documents/Unity/Suburb
[UnityMemory] Configuration Parameters - Can be set up in boot.config
    "memorysetup-bucket-allocator-granularity=16"
    "memorysetup-bucket-allocator-bucket-count=8"
    "memorysetup-bucket-allocator-block-size=33554432"
    "memorysetup-bucket-allocator-block-count=8"
    "memorysetup-main-allocator-block-size=16777216"
    "memorysetup-thread-allocator-block-size=16777216"
    "memorysetup-gfx-main-allocator-block-size=16777216"
    "memorysetup-gfx-thread-allocator-block-size=16777216"
    "memorysetup-cache-allocator-block-size=4194304"
    "memorysetup-typetree-allocator-block-size=2097152"
    "memorysetup-profiler-bucket-allocator-granularity=16"
    "memorysetup-profiler-bucket-allocator-bucket-count=8"
    "memorysetup-profiler-bucket-allocator-block-size=33554432"
    "memorysetup-profiler-bucket-allocator-block-count=8"
    "memorysetup-profiler-allocator-block-size=16777216"
    "memorysetup-profiler-editor-allocator-block-size=1048576"
    "memorysetup-temp-allocator-size-main=16777216"
    "memorysetup-job-temp-allocator-block-size=2097152"
    "memorysetup-job-temp-allocator-block-size-background=1048576"
    "memorysetup-job-temp-allocator-reduction-small-platforms=262144"
    "memorysetup-temp-allocator-size-background-worker=32768"
    "memorysetup-temp-allocator-size-job-worker=262144"
    "memorysetup-temp-allocator-size-preload-manager=33554432"
    "memorysetup-temp-allocator-size-nav-mesh-worker=65536"
    "memorysetup-temp-allocator-size-audio-worker=65536"
    "memorysetup-temp-allocator-size-cloud-worker=32768"
    "memorysetup-temp-allocator-size-gi-baking-worker=262144"
    "memorysetup-temp-allocator-size-gfx=262144"
Refreshing native plugins compatible for Editor in 75.64 ms, found 5 plugins.
Preloading 0 native plugins for Editor in 0.00 ms.
Initialize engine version: 2021.2.19f1 (602ecdbb2fb0)
[Subsystems] Discovering subsystems at path C:/Program Files/Unity/Hub/Editor/2021.2.19f1/Editor/Data/Resources/UnitySubsystems
[Subsystems] Discovering subsystems at path C:/Users/Benjy/Documents/Unity/Suburb/Assets
GfxDevice: creating device client; threaded=0; jobified=0
Direct3D:
    Version:  Direct3D 11.0 [level 11.1]
    Renderer: NVIDIA GeForce RTX 3060 (ID=0x2487)
    Vendor:   NVIDIA
    VRAM:     12137 MB
    Driver:   31.0.15.1640
Initialize mono
Mono path[0] = 'C:/Program Files/Unity/Hub/Editor/2021.2.19f1/Editor/Data/Managed'
Mono path[1] = 'C:/Program Files/Unity/Hub/Editor/2021.2.19f1/Editor/Data/MonoBleedingEdge/lib/mono/unityjit-win32'
Mono config path = 'C:/Program Files/Unity/Hub/Editor/2021.2.19f1/Editor/Data/MonoBleedingEdge/etc'
Using monoOptions --debugger-agent=transport=dt_socket,embedding=1,server=y,suspend=n,address=127.0.0.1:56920
Begin MonoManager ReloadAssembly
Registering precompiled unity dll's ...
Register platform support module: C:/Program Files/Unity/Hub/Editor/2021.2.19f1/Editor/Data/PlaybackEngines/WebGLSupport/UnityEditor.WebGL.Extensions.dll
Register platform support module: C:/Program Files/Unity/Hub/Editor/2021.2.19f1/Editor/Data/PlaybackEngines/AndroidPlayer/UnityEditor.Android.Extensions.dll
Register platform support module: C:/Program Files/Unity/Hub/Editor/2021.2.19f1/Editor/Data/PlaybackEngines/WindowsStandaloneSupport/UnityEditor.WindowsStandalone.Extensions.dll
Register platform support module: C:/Program Files/Unity/Hub/Editor/2021.2.19f1/Editor/Data/PlaybackEngines/MetroSupport/UnityEditor.UWP.Extensions.dll
Registered in 0.008478 seconds.
Native extension for UWP target not found
Native extension for WindowsStandalone target not found
Native extension for Android target not found
Native extension for WebGL target not found
Refreshing native plugins compatible for Editor in 70.90 ms, found 5 plugins.
Preloading 0 native plugins for Editor in 0.00 ms.
Mono: successfully reloaded assembly
- Completed reload, in  0.502 seconds
Domain Reload Profiling:
	ReloadAssembly (502ms)
		BeginReloadAssembly (56ms)
			ExecutionOrderSort (0ms)
			DisableScriptedObjects (0ms)
			BackupInstance (0ms)
			ReleaseScriptingObjects (0ms)
			CreateAndSetChildDomain (1ms)
		EndReloadAssembly (358ms)
			LoadAssemblies (55ms)
			RebuildTransferFunctionScriptingTraits (0ms)
			SetupTypeCache (82ms)
			ReleaseScriptCaches (0ms)
			RebuildScriptCaches (18ms)
			SetupLoadedEditorAssemblies (219ms)
				LogAssemblyErrors (0ms)
				InitializePlatformSupportModulesInManaged (44ms)
				SetLoadedEditorAssemblies (0ms)
				RefreshPlugins (71ms)
				BeforeProcessingInitializeOnLoad (1ms)
				ProcessInitializeOnLoadAttributes (72ms)
				ProcessInitializeOnLoadMethodAttributes (31ms)
				AfterProcessingInitializeOnLoad (0ms)
				EditorAssembliesLoaded (0ms)
			ExecutionOrderSort2 (0ms)
			AwakeInstancesAfterBackupRestoration (0ms)
Platform modules already initialized, skipping
Registering precompiled user dll's ...
Registered in 0.004475 seconds.
Android Extension - Scanning For ADB Devices 644 ms
Begin MonoManager ReloadAssembly
Symbol file LoadedFromMemory doesn't match image C:\Users\Benjy\Documents\Unity\Suburb\Library\PackageCache\com.unity.visualscripting@1.7.6\Editor\VisualScripting.Core\Dependencies\YamlDotNet\Unity.VisualScripting.YamlDotNet.dll
Symbol file LoadedFromMemory is not a mono symbol file
Symbol file LoadedFromMemory doesn't match image C:\Users\Benjy\Documents\Unity\Suburb\Library\PackageCache\com.unity.visualscripting@1.7.6\Editor\VisualScripting.Core\Dependencies\DotNetZip\Unity.VisualScripting.IonicZip.dll
Native extension for UWP target not found
Native extension for WindowsStandalone target not found
Native extension for Android target not found
Native extension for WebGL target not found
Refreshing native plugins compatible for Editor in 0.63 ms, found 5 plugins.
Preloading 0 native plugins for Editor in 0.00 ms.
Mono: successfully reloaded assembly
- Completed reload, in  0.742 seconds
Domain Reload Profiling:
	ReloadAssembly (743ms)
		BeginReloadAssembly (84ms)
			ExecutionOrderSort (0ms)
			DisableScriptedObjects (4ms)
			BackupInstance (0ms)
			ReleaseScriptingObjects (0ms)
			CreateAndSetChildDomain (15ms)
		EndReloadAssembly (574ms)
			LoadAssemblies (70ms)
			RebuildTransferFunctionScriptingTraits (0ms)
			SetupTypeCache (173ms)
			ReleaseScriptCaches (0ms)
			RebuildScriptCaches (34ms)
			SetupLoadedEditorAssemblies (266ms)
				LogAssemblyErrors (0ms)
				InitializePlatformSupportModulesInManaged (14ms)
				SetLoadedEditorAssemblies (0ms)
				RefreshPlugins (1ms)
				BeforeProcessingInitializeOnLoad (65ms)
				ProcessInitializeOnLoadAttributes (160ms)
				ProcessInitializeOnLoadMethodAttributes (18ms)
				AfterProcessingInitializeOnLoad (7ms)
				EditorAssembliesLoaded (0ms)
			ExecutionOrderSort2 (0ms)
			AwakeInstancesAfterBackupRestoration (4ms)
Platform modules already initialized, skipping
========================================================================
Worker process is ready to serve import requests
Launched and connected shader compiler UnityShaderCompiler.exe after 0.03 seconds
Refreshing native plugins compatible for Editor in 0.68 ms, found 5 plugins.
Preloading 0 native plugins for Editor in 0.00 ms.
Unloading 3254 Unused Serialized files (Serialized files now loaded: 0)
Unloading 25 unused Assets / (113.8 KB). Loaded Objects now: 3749.
Memory consumption went from 135.3 MB to 135.2 MB.
Total: 2.496000 ms (FindLiveObjects: 0.208200 ms CreateObjectMapping: 0.119700 ms MarkObjects: 2.067700 ms  DeleteObjects: 0.099800 ms)

AssetImportParameters requested are different than current active one (requested -> active):
  custom:video-decoder-ogg-theora: a1e56fd34408186e4bbccfd4996cb3dc -> 
  custom:container-muxer-webm: aa71ff27fc2769a1b78a27578f13a17b -> 
  custom:container-demuxer-webm: 4f35f7cbe854078d1ac9338744f61a02 -> 
  custom:video-encoder-webm-vp8: eb34c28f22e8b96e1ab97ce403110664 -> 
  custom:video-codec-MediaFoundation-h265: 746d11721c4dcdbdad8f713fa42b33f4 -> 
  custom:audio-encoder-webm-vorbis: bf7c407c2cedff20999df2af8eb42d56 -> 
  custom:framework-win-MediaFoundation: 216162199b28c13a410421893ffa2e32 -> 
  custom:container-demuxer-ogg: 62fdf1f143b41e24485cea50d1cbac27 -> 
  custom:video-decoder-webm-vp8: 9c59270c3fd7afecdb556c50c9e8de78 -> 
  custom:audio-decoder-ogg-vorbis: bf7c407c2cedff20999df2af8eb42d56 -> 
========================================================================
Received Import Request.
  Time since last request: 100281.295105 seconds.
  path: Assets/Music/Soundtrack_Loops_Industrial_Complex_SFX_WAV/One-shots/SL Foley Metallic Hit Sfx Circular Pipe.wav
  artifactKey: Guid(a8a0842f0a544f144a7672d8a15d4896) Importer(815301076,1909f56bfc062723c751e8b465ee728b)
Start importing Assets/Music/Soundtrack_Loops_Industrial_Complex_SFX_WAV/One-shots/SL Foley Metallic Hit Sfx Circular Pipe.wav using Guid(a8a0842f0a544f144a7672d8a15d4896) Importer(815301076,1909f56bfc062723c751e8b465ee728b)  -> (artifact id: 'c9550023ce3f27053efa31a955ae405f') in 0.100077 seconds 
========================================================================
Received Import Request.
  Time since last request: 0.000013 seconds.
  path: Assets/Music/Soundtrack_Loops_Industrial_Complex_SFX_WAV/One-shots/SL Foley Metallic Hit Sfx Hydraulic Sheet Bending (Down).wav
  artifactKey: Guid(ed7bf30161174ee4eab2ea8c5619ed07) Importer(815301076,1909f56bfc062723c751e8b465ee728b)
Start importing Assets/Music/Soundtrack_Loops_Industrial_Complex_SFX_WAV/One-shots/SL Foley Metallic Hit Sfx Hydraulic Sheet Bending (Down).wav using Guid(ed7bf30161174ee4eab2ea8c5619ed07) Importer(815301076,1909f56bfc062723c751e8b465ee728b)  -> (artifact id: 'b08c50de45878ebb288fe69821699b1f') in 0.009917 seconds 
========================================================================
Received Import Request.
  Time since last request: 0.000016 seconds.
  path: Assets/Music/Soundtrack_Loops_Industrial_Complex_SFX_WAV/One-shots/SL Foley Metallic Hit Sfx Aluminium Tool Box.wav
  artifactKey: Guid(6cd9a840e1d0e364e975b314f1847446) Importer(815301076,1909f56bfc062723c751e8b465ee728b)
Start importing Assets/Music/Soundtrack_Loops_Industrial_Complex_SFX_WAV/One-shots/SL Foley Metallic Hit Sfx Aluminium Tool Box.wav using Guid(6cd9a840e1d0e364e975b314f1847446) Importer(815301076,1909f56bfc062723c751e8b465ee728b)  -> (artifact id: 'a9c4271223772a564bf523ebf2d301d9') in 0.015170 seconds 
========================================================================
Received Import Request.
  Time since last request: 0.000016 seconds.
  path: Assets/Music/Soundtrack_Loops_Industrial_Complex_SFX_WAV/One-shots/SL Foley Metallic Hit Sfx Container.wav
  artifactKey: Guid(020f008e5905dda4dab819819e793872) Importer(815301076,1909f56bfc062723c751e8b465ee728b)
Start importing Assets/Music/Soundtrack_Loops_Industrial_Complex_SFX_WAV/One-shots/SL Foley Metallic Hit Sfx Container.wav using Guid(020f008e5905dda4dab819819e793872) Importer(815301076,1909f56bfc062723c751e8b465ee728b)  -> (artifact id: '385fb9ed68dde6235f57a2594e9dc2c1') in 0.009536 seconds 
========================================================================
Received Import Request.
  Time since last request: 0.000016 seconds.
  path: Assets/Music/Soundtrack_Loops_Industrial_Complex_SFX_WAV/One-shots/SL Foley Metallic Hit Sfx Hammer Hit On Metal 2.wav
  artifactKey: Guid(031d5798e4f81af488aa8e657ae07e58) Importer(815301076,1909f56bfc062723c751e8b465ee728b)
Start importing Assets/Music/Soundtrack_Loops_Industrial_Complex_SFX_WAV/One-shots/SL Foley Metallic Hit Sfx Hammer Hit On Metal 2.wav using Guid(031d5798e4f81af488aa8e657ae07e58) Importer(815301076,1909f56bfc062723c751e8b465ee728b)  -> (artifact id: 'a2e09d5f94f23ce4f1e3d12f6dcdf691') in 0.010170 seconds 
========================================================================
Received Import Request.
  Time since last request: 0.000014 seconds.
  path: Assets/Music/Soundtrack_Loops_Industrial_Complex_SFX_WAV/One-shots/SL Foley Metallic Hit Sfx Heavy Air Compressor (Plastic Cover).wav
  artifactKey: Guid(c09422d3491a1d44d9876ddf89e8861f) Importer(815301076,1909f56bfc062723c751e8b465ee728b)
Start importing Assets/Music/Soundtrack_Loops_Industrial_Complex_SFX_WAV/One-shots/SL Foley Metallic Hit Sfx Heavy Air Compressor (Plastic Cover).wav using Guid(c09422d3491a1d44d9876ddf89e8861f) Importer(815301076,1909f56bfc062723c751e8b465ee728b)  -> (artifact id: 'ef07d837f847c8b43e5d53c04b35b259') in 0.010802 seconds 
========================================================================
Received Import Request.
  Time since last request: 0.000014 seconds.
  path: Assets/Music/Soundtrack_Loops_Industrial_Complex_SFX_WAV/One-shots/SL Foley Metallic Hit Sfx Steel Scraps 2.wav
  artifactKey: Guid(83f82da9e58b8644ab1caf89ab4b8ee0) Importer(815301076,1909f56bfc062723c751e8b465ee728b)
Start importing Assets/Music/Soundtrack_Loops_Industrial_Complex_SFX_WAV/One-shots/SL Foley Metallic Hit Sfx Steel Scraps 2.wav using Guid(83f82da9e58b8644ab1caf89ab4b8ee0) Importer(815301076,1909f56bfc062723c751e8b465ee728b)  -> (artifact id: 'afe82ce5c8fab3caf29c327a22d0eadf') in 0.008981 seconds 
========================================================================
Received Import Request.
  Time since last request: 0.000014 seconds.
  path: Assets/Music/Soundtrack_Loops_Industrial_Complex_SFX_WAV/One-shots/SL Foley Metallic Hit Sfx Small Gas Tank.wav
  artifactKey: Guid(abcc9b19e05f9d14fb8ae4e2ca8719df) Importer(815301076,1909f56bfc062723c751e8b465ee728b)
Start importing Assets/Music/Soundtrack_Loops_Industrial_Complex_SFX_WAV/One-shots/SL Foley Metallic Hit Sfx Small Gas Tank.wav using Guid(abcc9b19e05f9d14fb8ae4e2ca8719df) Importer(815301076,1909f56bfc062723c751e8b465ee728b)  -> (artifact id: '9660f492207f7315fc56a4ea40273381') in 0.009193 seconds 
========================================================================
Received Import Request.
  Time since last request: 0.000013 seconds.
  path: Assets/Music/Soundtrack_Loops_Industrial_Complex_SFX_WAV/One-shots/SL Foley Metallic Hit Sfx Hand Ratchet.wav
  artifactKey: Guid(4b0e86de3459cb941b694cc6969f9463) Importer(815301076,1909f56bfc062723c751e8b465ee728b)
Start importing Assets/Music/Soundtrack_Loops_Industrial_Complex_SFX_WAV/One-shots/SL Foley Metallic Hit Sfx Hand Ratchet.wav using Guid(4b0e86de3459cb941b694cc6969f9463) Importer(815301076,1909f56bfc062723c751e8b465ee728b)  -> (artifact id: '68280cf33490d0f27d410a639a5f1782') in 0.010008 seconds 
========================================================================
Received Import Request.
  Time since last request: 0.000017 seconds.
  path: Assets/Music/Soundtrack_Loops_Industrial_Complex_SFX_WAV/One-shots/SL Foley Metallic Hit Sfx Tape Measure (Click).wav
  artifactKey: Guid(6f2403444edc25c48b98c601b2d1ec2f) Importer(815301076,1909f56bfc062723c751e8b465ee728b)
Start importing Assets/Music/Soundtrack_Loops_Industrial_Complex_SFX_WAV/One-shots/SL Foley Metallic Hit Sfx Tape Measure (Click).wav using Guid(6f2403444edc25c48b98c601b2d1ec2f) Importer(815301076,1909f56bfc062723c751e8b465ee728b)  -> (artifact id: 'e9cd78ff1ccbc29462fcbeb006eed175') in 0.009888 seconds 
========================================================================
Received Import Request.
  Time since last request: 0.000022 seconds.
  path: Assets/Music/Soundtrack_Loops_Industrial_Complex_SFX_WAV/One-shots/SL Foley Metallic Hit Sfx Steel Rod (Small).wav
  artifactKey: Guid(eb074889574aa75438debafca78525fe) Importer(815301076,1909f56bfc062723c751e8b465ee728b)
Start importing Assets/Music/Soundtrack_Loops_Industrial_Complex_SFX_WAV/One-shots/SL Foley Metallic Hit Sfx Steel Rod (Small).wav using Guid(eb074889574aa75438debafca78525fe) Importer(815301076,1909f56bfc062723c751e8b465ee728b)  -> (artifact id: '79b7477b87b0b90a9da4e20354126470') in 0.010557 seconds 
========================================================================
Received Import Request.
  Time since last request: 0.000014 seconds.
  path: Assets/Music/Soundtrack_Loops_Industrial_Complex_SFX_WAV/One-shots/SL Foley Metallic Hit Sfx Square Tube.wav
  artifactKey: Guid(959ce6ded71887845b108fb58ca6a015) Importer(815301076,1909f56bfc062723c751e8b465ee728b)
Start importing Assets/Music/Soundtrack_Loops_Industrial_Complex_SFX_WAV/One-shots/SL Foley Metallic Hit Sfx Square Tube.wav using Guid(959ce6ded71887845b108fb58ca6a015) Importer(815301076,1909f56bfc062723c751e8b465ee728b)  -> (artifact id: '1bfd55fac34d919286431c281b5eadf8') in 0.009287 seconds 
========================================================================
Received Import Request.
  Time since last request: 0.000015 seconds.
  path: Assets/Music/Soundtrack_Loops_Industrial_Complex_SFX_WAV/One-shots/SL Foley Metallic Hit Sfx Bench Drill (Off).wav
  artifactKey: Guid(9eff9b33b467a4f4595a276cd48fbfed) Importer(815301076,1909f56bfc062723c751e8b465ee728b)
Start importing Assets/Music/Soundtrack_Loops_Industrial_Complex_SFX_WAV/One-shots/SL Foley Metallic Hit Sfx Bench Drill (Off).wav using Guid(9eff9b33b467a4f4595a276cd48fbfed) Importer(815301076,1909f56bfc062723c751e8b465ee728b)  -> (artifact id: '03ad93c73c259ba2c086e01c0adf7180') in 0.008488 seconds 
========================================================================
Received Import Request.
  Time since last request: 0.000013 seconds.
  path: Assets/Music/Soundtrack_Loops_Industrial_Complex_SFX_WAV/One-shots/SL Foley Metallic Hit Sfx Metal Saw.wav
  artifactKey: Guid(edd054bb2da92cb43a4210cea1e8d5e2) Importer(815301076,1909f56bfc062723c751e8b465ee728b)
Start importing Assets/Music/Soundtrack_Loops_Industrial_Complex_SFX_WAV/One-shots/SL Foley Metallic Hit Sfx Metal Saw.wav using Guid(edd054bb2da92cb43a4210cea1e8d5e2) Importer(815301076,1909f56bfc062723c751e8b465ee728b)  -> (artifact id: '74f262b5fadd87ffb16586569f06fe74') in 0.009772 seconds 
========================================================================
Received Import Request.
  Time since last request: 0.000013 seconds.
  path: Assets/Music/Soundtrack_Loops_Industrial_Complex_SFX_WAV/One-shots/SL Foley Metallic Hit Sfx Hydraulic Door (Lock).wav
  artifactKey: Guid(9c162e859303204498c9ab5d84da2983) Importer(815301076,1909f56bfc062723c751e8b465ee728b)
Start importing Assets/Music/Soundtrack_Loops_Industrial_Complex_SFX_WAV/One-shots/SL Foley Metallic Hit Sfx Hydraulic Door (Lock).wav using Guid(9c162e859303204498c9ab5d84da2983) Importer(815301076,1909f56bfc062723c751e8b465ee728b)  -> (artifact id: '48755a4cd78a14a8ff129eb920172ac5') in 0.008854 seconds 
========================================================================
Received Import Request.
  Time since last request: 0.000016 seconds.
  path: Assets/Music/Soundtrack_Loops_Industrial_Complex_SFX_WAV/One-shots/SL Foley Metallic Hit Sfx Plasma Cutting (Turning On).wav
  artifactKey: Guid(5bb6f242c8fd3e34bbb297f8f5c721a8) Importer(815301076,1909f56bfc062723c751e8b465ee728b)
Start importing Assets/Music/Soundtrack_Loops_Industrial_Complex_SFX_WAV/One-shots/SL Foley Metallic Hit Sfx Plasma Cutting (Turning On).wav using Guid(5bb6f242c8fd3e34bbb297f8f5c721a8) Importer(815301076,1909f56bfc062723c751e8b465ee728b)  -> (artifact id: 'b8e831fade921ee4b79043458b5f6bc1') in 0.009004 seconds 
========================================================================
Received Import Request.
  Time since last request: 0.000016 seconds.
  path: Assets/Music/Soundtrack_Loops_Industrial_Complex_SFX_WAV/One-shots/SL Foley Metallic Hit Sfx Steel Wire Roll.wav
  artifactKey: Guid(320808285ea2f9a43b17332b2346fe39) Importer(815301076,1909f56bfc062723c751e8b465ee728b)
Start importing Assets/Music/Soundtrack_Loops_Industrial_Complex_SFX_WAV/One-shots/SL Foley Metallic Hit Sfx Steel Wire Roll.wav using Guid(320808285ea2f9a43b17332b2346fe39) Importer(815301076,1909f56bfc062723c751e8b465ee728b)  -> (artifact id: '588b1d033bab24b76f8bf73c3dd20ff9') in 0.008336 seconds 
========================================================================
Received Import Request.
  Time since last request: 0.000015 seconds.
  path: Assets/Music/Soundtrack_Loops_Industrial_Complex_SFX_WAV/One-shots/SL Foley Metallic Hit Sfx Hydraulic Press Band (Hit).wav
  artifactKey: Guid(3289d90d26590a74db1fddb0ef4c73cc) Importer(815301076,1909f56bfc062723c751e8b465ee728b)
Start importing Assets/Music/Soundtrack_Loops_Industrial_Complex_SFX_WAV/One-shots/SL Foley Metallic Hit Sfx Hydraulic Press Band (Hit).wav using Guid(3289d90d26590a74db1fddb0ef4c73cc) Importer(815301076,1909f56bfc062723c751e8b465ee728b)  -> (artifact id: '73c99f4c9e955fac11e86afefd1fe74a') in 0.010040 seconds 
========================================================================
Received Import Request.
  Time since last request: 0.000017 seconds.
  path: Assets/Music/Soundtrack_Loops_Industrial_Complex_SFX_WAV/One-shots/SL Foley Metallic Hit Sfx Steel Scraps 1.wav
  artifactKey: Guid(5db01d7e7f1090c4a859d18a207161f6) Importer(815301076,1909f56bfc062723c751e8b465ee728b)
Start importing Assets/Music/Soundtrack_Loops_Industrial_Complex_SFX_WAV/One-shots/SL Foley Metallic Hit Sfx Steel Scraps 1.wav using Guid(5db01d7e7f1090c4a859d18a207161f6) Importer(815301076,1909f56bfc062723c751e8b465ee728b)  -> (artifact id: '2782b082281e7a0f57048cff9547afd9') in 0.009191 seconds 
========================================================================
Received Import Request.
  Time since last request: 0.000014 seconds.
  path: Assets/Music/Soundtrack_Loops_Industrial_Complex_SFX_WAV/One-shots/SL Foley Metallic Hit Sfx Small Steel Ring.wav
  artifactKey: Guid(e7863aff9de248244bb0f4ff4de45d9b) Importer(815301076,1909f56bfc062723c751e8b465ee728b)
Start importing Assets/Music/Soundtrack_Loops_Industrial_Complex_SFX_WAV/One-shots/SL Foley Metallic Hit Sfx Small Steel Ring.wav using Guid(e7863aff9de248244bb0f4ff4de45d9b) Importer(815301076,1909f56bfc062723c751e8b465ee728b)  -> (artifact id: 'd2dc8225ee0a960a4d8741bea32611b1') in 0.009115 seconds 
========================================================================
Received Import Request.
  Time since last request: 0.000015 seconds.
  path: Assets/Music/Soundtrack_Loops_Industrial_Complex_SFX_WAV/One-shots/SL Foley Metallic Hit Sfx Welding.wav
  artifactKey: Guid(828930388953cda4d8c203a703a47ddf) Importer(815301076,1909f56bfc062723c751e8b465ee728b)
Start importing Assets/Music/Soundtrack_Loops_Industrial_Complex_SFX_WAV/One-shots/SL Foley Metallic Hit Sfx Welding.wav using Guid(828930388953cda4d8c203a703a47ddf) Importer(815301076,1909f56bfc062723c751e8b465ee728b)  -> (artifact id: 'ff0b1d0100233fbd29aa9b835cbbe34b') in 0.009453 seconds 
========================================================================
Received Import Request.
  Time since last request: 0.000015 seconds.
  path: Assets/Music/Soundtrack_Loops_Industrial_Complex_SFX_WAV/One-shots/SL Foley Metallic Hit Sfx Steel Box Spring.wav
  artifactKey: Guid(21b720ed5fcff524cbe97d872d4b86ed) Importer(815301076,1909f56bfc062723c751e8b465ee728b)
Start importing Assets/Music/Soundtrack_Loops_Industrial_Complex_SFX_WAV/One-shots/SL Foley Metallic Hit Sfx Steel Box Spring.wav using Guid(21b720ed5fcff524cbe97d872d4b86ed) Importer(815301076,1909f56bfc062723c751e8b465ee728b)  -> (artifact id: 'b7cb8c2a1743e5896fd79a9c722b349c') in 0.009517 seconds 
========================================================================
Received Import Request.
  Time since last request: 0.000017 seconds.
  path: Assets/Music/Soundtrack_Loops_Industrial_Complex_SFX_WAV/One-shots/SL Foley Metallic Hit Sfx Heavy Air Compressor (Turning On).wav
  artifactKey: Guid(519939c35e6971444a7cb1a2fa7a526f) Importer(815301076,1909f56bfc062723c751e8b465ee728b)
Start importing Assets/Music/Soundtrack_Loops_Industrial_Complex_SFX_WAV/One-shots/SL Foley Metallic Hit Sfx Heavy Air Compressor (Turning On).wav using Guid(519939c35e6971444a7cb1a2fa7a526f) Importer(815301076,1909f56bfc062723c751e8b465ee728b)  -> (artifact id: 'ea3e56440e1a7378ed307f416ab2c732') in 0.009113 seconds 
========================================================================
Received Import Request.
  Time since last request: 0.000013 seconds.
  path: Assets/Music/Soundtrack_Loops_Industrial_Complex_SFX_WAV/One-shots/SL Foley Metallic Hit Sfx Flat Metal Sheet 2.wav
  artifactKey: Guid(6ece3eec8ce41ff44b6237998ba095c4) Importer(815301076,1909f56bfc062723c751e8b465ee728b)
Start importing Assets/Music/Soundtrack_Loops_Industrial_Complex_SFX_WAV/One-shots/SL Foley Metallic Hit Sfx Flat Metal Sheet 2.wav using Guid(6ece3eec8ce41ff44b6237998ba095c4) Importer(815301076,1909f56bfc062723c751e8b465ee728b)  -> (artifact id: 'cbd548aa434b520d79a9590e2480a0cb') in 0.010960 seconds 
========================================================================
Received Prepare
Registering precompiled user dll's ...
Registered in 0.003472 seconds.
Begin MonoManager ReloadAssembly
Symbol file LoadedFromMemory doesn't match image C:\Users\Benjy\Documents\Unity\Suburb\Library\PackageCache\com.unity.visualscripting@1.7.6\Editor\VisualScripting.Core\Dependencies\YamlDotNet\Unity.VisualScripting.YamlDotNet.dll
Symbol file LoadedFromMemory is not a mono symbol file
Symbol file LoadedFromMemory doesn't match image C:\Users\Benjy\Documents\Unity\Suburb\Library\PackageCache\com.unity.visualscripting@1.7.6\Editor\VisualScripting.Core\Dependencies\DotNetZip\Unity.VisualScripting.IonicZip.dll
Native extension for UWP target not found
Native extension for WindowsStandalone target not found
Native extension for Android target not found
Native extension for WebGL target not found
Refreshing native plugins compatible for Editor in 0.64 ms, found 5 plugins.
Preloading 0 native plugins for Editor in 0.00 ms.
Mono: successfully reloaded assembly
- Completed reload, in  0.712 seconds
Domain Reload Profiling:
	ReloadAssembly (713ms)
		BeginReloadAssembly (107ms)
			ExecutionOrderSort (0ms)
			DisableScriptedObjects (4ms)
			BackupInstance (0ms)
			ReleaseScriptingObjects (0ms)
			CreateAndSetChildDomain (28ms)
		EndReloadAssembly (538ms)
			LoadAssemblies (71ms)
			RebuildTransferFunctionScriptingTraits (0ms)
			SetupTypeCache (162ms)
			ReleaseScriptCaches (1ms)
			RebuildScriptCaches (30ms)
			SetupLoadedEditorAssemblies (248ms)
				LogAssemblyErrors (0ms)
				InitializePlatformSupportModulesInManaged (19ms)
				SetLoadedEditorAssemblies (0ms)
				RefreshPlugins (1ms)
				BeforeProcessingInitializeOnLoad (53ms)
				ProcessInitializeOnLoadAttributes (148ms)
				ProcessInitializeOnLoadMethodAttributes (18ms)
				AfterProcessingInitializeOnLoad (8ms)
				EditorAssembliesLoaded (0ms)
			ExecutionOrderSort2 (0ms)
			AwakeInstancesAfterBackupRestoration (4ms)
Platform modules already initialized, skipping
Refreshing native plugins compatible for Editor in 1.80 ms, found 5 plugins.
Preloading 0 native plugins for Editor in 0.00 ms.
Unloading 3236 Unused Serialized files (Serialized files now loaded: 0)
Unloading 18 unused Assets / (82.3 KB). Loaded Objects now: 3760.
Memory consumption went from 138.2 MB to 138.2 MB.
Total: 2.408800 ms (FindLiveObjects: 0.236600 ms CreateObjectMapping: 0.121100 ms MarkObjects: 1.968600 ms  DeleteObjects: 0.081500 ms)

AssetImportParameters requested are different than current active one (requested -> active):
  custom:video-decoder-ogg-theora: a1e56fd34408186e4bbccfd4996cb3dc -> 
  custom:container-muxer-webm: aa71ff27fc2769a1b78a27578f13a17b -> 
  custom:container-demuxer-webm: 4f35f7cbe854078d1ac9338744f61a02 -> 
  custom:video-encoder-webm-vp8: eb34c28f22e8b96e1ab97ce403110664 -> 
  custom:video-codec-MediaFoundation-h265: 746d11721c4dcdbdad8f713fa42b33f4 -> 
  custom:audio-encoder-webm-vorbis: bf7c407c2cedff20999df2af8eb42d56 -> 
  custom:framework-win-MediaFoundation: 216162199b28c13a410421893ffa2e32 -> 
  custom:container-demuxer-ogg: 62fdf1f143b41e24485cea50d1cbac27 -> 
  custom:video-decoder-webm-vp8: 9c59270c3fd7afecdb556c50c9e8de78 -> 
  custom:audio-decoder-ogg-vorbis: bf7c407c2cedff20999df2af8eb42d56 -> 
========================================================================
Received Prepare
Registering precompiled user dll's ...
Registered in 0.004592 seconds.
Begin MonoManager ReloadAssembly
Symbol file LoadedFromMemory doesn't match image C:\Users\Benjy\Documents\Unity\Suburb\Library\PackageCache\com.unity.visualscripting@1.7.6\Editor\VisualScripting.Core\Dependencies\YamlDotNet\Unity.VisualScripting.YamlDotNet.dll
Symbol file LoadedFromMemory is not a mono symbol file
Symbol file LoadedFromMemory doesn't match image C:\Users\Benjy\Documents\Unity\Suburb\Library\PackageCache\com.unity.visualscripting@1.7.6\Editor\VisualScripting.Core\Dependencies\DotNetZip\Unity.VisualScripting.IonicZip.dll
Native extension for UWP target not found
Native extension for WindowsStandalone target not found
Native extension for Android target not found
Native extension for WebGL target not found
Refreshing native plugins compatible for Editor in 0.52 ms, found 5 plugins.
Preloading 0 native plugins for Editor in 0.00 ms.
Mono: successfully reloaded assembly
- Completed reload, in  0.744 seconds
Domain Reload Profiling:
	ReloadAssembly (744ms)
		BeginReloadAssembly (105ms)
			ExecutionOrderSort (0ms)
			DisableScriptedObjects (4ms)
			BackupInstance (0ms)
			ReleaseScriptingObjects (0ms)
			CreateAndSetChildDomain (28ms)
		EndReloadAssembly (563ms)
			LoadAssemblies (68ms)
			RebuildTransferFunctionScriptingTraits (0ms)
			SetupTypeCache (187ms)
			ReleaseScriptCaches (1ms)
			RebuildScriptCaches (29ms)
			SetupLoadedEditorAssemblies (249ms)
				LogAssemblyErrors (0ms)
				InitializePlatformSupportModulesInManaged (21ms)
				SetLoadedEditorAssemblies (0ms)
				RefreshPlugins (1ms)
				BeforeProcessingInitializeOnLoad (57ms)
				ProcessInitializeOnLoadAttributes (146ms)
				ProcessInitializeOnLoadMethodAttributes (17ms)
				AfterProcessingInitializeOnLoad (7ms)
				EditorAssembliesLoaded (0ms)
			ExecutionOrderSort2 (0ms)
			AwakeInstancesAfterBackupRestoration (4ms)
Platform modules already initialized, skipping
Refreshing native plugins compatible for Editor in 1.95 ms, found 5 plugins.
Preloading 0 native plugins for Editor in 0.00 ms.
Unloading 3236 Unused Serialized files (Serialized files now loaded: 0)
Unloading 18 unused Assets / (82.3 KB). Loaded Objects now: 3763.
Memory consumption went from 138.3 MB to 138.2 MB.
Total: 2.748200 ms (FindLiveObjects: 0.194900 ms CreateObjectMapping: 0.109500 ms MarkObjects: 2.361300 ms  DeleteObjects: 0.081500 ms)

AssetImportParameters requested are different than current active one (requested -> active):
  custom:video-decoder-ogg-theora: a1e56fd34408186e4bbccfd4996cb3dc -> 
  custom:container-muxer-webm: aa71ff27fc2769a1b78a27578f13a17b -> 
  custom:container-demuxer-webm: 4f35f7cbe854078d1ac9338744f61a02 -> 
  custom:video-encoder-webm-vp8: eb34c28f22e8b96e1ab97ce403110664 -> 
  custom:video-codec-MediaFoundation-h265: 746d11721c4dcdbdad8f713fa42b33f4 -> 
  custom:audio-encoder-webm-vorbis: bf7c407c2cedff20999df2af8eb42d56 -> 
  custom:framework-win-MediaFoundation: 216162199b28c13a410421893ffa2e32 -> 
  custom:container-demuxer-ogg: 62fdf1f143b41e24485cea50d1cbac27 -> 
  custom:video-decoder-webm-vp8: 9c59270c3fd7afecdb556c50c9e8de78 -> 
  custom:audio-decoder-ogg-vorbis: bf7c407c2cedff20999df2af8eb42d56 -> 
========================================================================
Received Import Request.
  Time since last request: 792.784081 seconds.
  path: Assets/Music/Soundtrack_Loops_Trash_WAV/One-shots/SL Foley Sound Effect Beans Can Hit.wav
  artifactKey: Guid(ab3cd914221ad22468a2643d8fb27a2e) Importer(815301076,1909f56bfc062723c751e8b465ee728b)
Start importing Assets/Music/Soundtrack_Loops_Trash_WAV/One-shots/SL Foley Sound Effect Beans Can Hit.wav using Guid(ab3cd914221ad22468a2643d8fb27a2e) Importer(815301076,1909f56bfc062723c751e8b465ee728b)  -> (artifact id: 'de3757a3716f7230fad91bd5c4c82438') in 0.056625 seconds 
========================================================================
Received Import Request.
  Time since last request: 0.000022 seconds.
  path: Assets/Music/Soundtrack_Loops_Trash_WAV/One-shots/SL Foley Sound Effect Bucket 2 Stick Stroke.wav
  artifactKey: Guid(16676fd20637e744aa71976fc057bddd) Importer(815301076,1909f56bfc062723c751e8b465ee728b)
Start importing Assets/Music/Soundtrack_Loops_Trash_WAV/One-shots/SL Foley Sound Effect Bucket 2 Stick Stroke.wav using Guid(16676fd20637e744aa71976fc057bddd) Importer(815301076,1909f56bfc062723c751e8b465ee728b)  -> (artifact id: '0a955866538d811ed7603036661e9b27') in 0.011055 seconds 
========================================================================
Received Import Request.
  Time since last request: 0.000019 seconds.
  path: Assets/Music/Soundtrack_Loops_Trash_WAV/One-shots/SL Foley Sound Effect Plastic Bottle 2.wav
  artifactKey: Guid(87b5db5269143a84f9eec06342d2f607) Importer(815301076,1909f56bfc062723c751e8b465ee728b)
Start importing Assets/Music/Soundtrack_Loops_Trash_WAV/One-shots/SL Foley Sound Effect Plastic Bottle 2.wav using Guid(87b5db5269143a84f9eec06342d2f607) Importer(815301076,1909f56bfc062723c751e8b465ee728b)  -> (artifact id: 'd6c0eeed029d5a1bf7c4b15f6603f4d9') in 0.010401 seconds 
========================================================================
Received Import Request.
  Time since last request: 0.000014 seconds.
  path: Assets/Music/Soundtrack_Loops_Trash_WAV/One-shots/SL Foley Sound Effect Supermarket Car Guiro.wav
  artifactKey: Guid(bb8771d513a7a6e4498fa93cd2b747d9) Importer(815301076,1909f56bfc062723c751e8b465ee728b)
Start importing Assets/Music/Soundtrack_Loops_Trash_WAV/One-shots/SL Foley Sound Effect Supermarket Car Guiro.wav using Guid(bb8771d513a7a6e4498fa93cd2b747d9) Importer(815301076,1909f56bfc062723c751e8b465ee728b)  -> (artifact id: 'c144096dbe1ff4bbc925582eb9d01bcb') in 0.010320 seconds 
========================================================================
Received Import Request.
  Time since last request: 0.000013 seconds.
  path: Assets/Music/Soundtrack_Loops_Trash_WAV/One-shots/SL Foley Sound Effect Peach Can Lid.wav
  artifactKey: Guid(f200a8a1e88ecb746b39310b0ac0765e) Importer(815301076,1909f56bfc062723c751e8b465ee728b)
Start importing Assets/Music/Soundtrack_Loops_Trash_WAV/One-shots/SL Foley Sound Effect Peach Can Lid.wav using Guid(f200a8a1e88ecb746b39310b0ac0765e) Importer(815301076,1909f56bfc062723c751e8b465ee728b)  -> (artifact id: '78f3271e5a3141003e6b2bdaad62c2d7') in 0.010777 seconds 
========================================================================
Received Import Request.
  Time since last request: 0.000015 seconds.
  path: Assets/Music/Soundtrack_Loops_Trash_WAV/One-shots/SL Foley Sound Effect Carton Box 2.wav
  artifactKey: Guid(2b909ca5badd4bd40826c1c44d3e4e6d) Importer(815301076,1909f56bfc062723c751e8b465ee728b)
Start importing Assets/Music/Soundtrack_Loops_Trash_WAV/One-shots/SL Foley Sound Effect Carton Box 2.wav using Guid(2b909ca5badd4bd40826c1c44d3e4e6d) Importer(815301076,1909f56bfc062723c751e8b465ee728b)  -> (artifact id: '2384f256f846a4736adfef7253229d77') in 0.011706 seconds 
========================================================================
Received Import Request.
  Time since last request: 0.000019 seconds.
  path: Assets/Music/Soundtrack_Loops_Trash_WAV/One-shots/SL Foley Sound Effect Petrol Can Full.wav
  artifactKey: Guid(d6f506f2601fe584a9d21f90e0fc01bd) Importer(815301076,1909f56bfc062723c751e8b465ee728b)
Start importing Assets/Music/Soundtrack_Loops_Trash_WAV/One-shots/SL Foley Sound Effect Petrol Can Full.wav using Guid(d6f506f2601fe584a9d21f90e0fc01bd) Importer(815301076,1909f56bfc062723c751e8b465ee728b)  -> (artifact id: 'b99d328f2c3669e9b27c40624284b923') in 0.011720 seconds 
========================================================================
Received Import Request.
  Time since last request: 0.000013 seconds.
  path: Assets/Music/Soundtrack_Loops_Trash_WAV/One-shots/SL Foley Sound Effect Dolly.wav
  artifactKey: Guid(fa8f730e95f26144b8f928481e5e5394) Importer(815301076,1909f56bfc062723c751e8b465ee728b)
Start importing Assets/Music/Soundtrack_Loops_Trash_WAV/One-shots/SL Foley Sound Effect Dolly.wav using Guid(fa8f730e95f26144b8f928481e5e5394) Importer(815301076,1909f56bfc062723c751e8b465ee728b)  -> (artifact id: 'dd50bcda81312f29e68c12c0b6004c33') in 0.009630 seconds 
========================================================================
Received Import Request.
  Time since last request: 0.000013 seconds.
  path: Assets/Music/Soundtrack_Loops_Trash_WAV/One-shots/SL Foley Sound Effect Old Grid Guiro 2.wav
  artifactKey: Guid(e19083319551b21438cdef1784b46a41) Importer(815301076,1909f56bfc062723c751e8b465ee728b)
Start importing Assets/Music/Soundtrack_Loops_Trash_WAV/One-shots/SL Foley Sound Effect Old Grid Guiro 2.wav using Guid(e19083319551b21438cdef1784b46a41) Importer(815301076,1909f56bfc062723c751e8b465ee728b)  -> (artifact id: '18f413fa758a84b8da9a3130b240bf36') in 0.010917 seconds 
========================================================================
Received Import Request.
  Time since last request: 0.000013 seconds.
  path: Assets/Music/Soundtrack_Loops_Trash_WAV/One-shots/SL Foley Sound Effect Tuna Can Falling.wav
  artifactKey: Guid(c81b27eb2e185934e9368e3e1d9251f4) Importer(815301076,1909f56bfc062723c751e8b465ee728b)
Start importing Assets/Music/Soundtrack_Loops_Trash_WAV/One-shots/SL Foley Sound Effect Tuna Can Falling.wav using Guid(c81b27eb2e185934e9368e3e1d9251f4) Importer(815301076,1909f56bfc062723c751e8b465ee728b)  -> (artifact id: 'c1f251d6721eb5f6854d5291053ed3e4') in 0.012441 seconds 
========================================================================
Received Import Request.
  Time since last request: 0.000013 seconds.
  path: Assets/Music/Soundtrack_Loops_Trash_WAV/One-shots/SL Foley Sound Effect Trash Can Lid.wav
  artifactKey: Guid(71ed5e0862f7b8540b82414cc574a282) Importer(815301076,1909f56bfc062723c751e8b465ee728b)
Start importing Assets/Music/Soundtrack_Loops_Trash_WAV/One-shots/SL Foley Sound Effect Trash Can Lid.wav using Guid(71ed5e0862f7b8540b82414cc574a282) Importer(815301076,1909f56bfc062723c751e8b465ee728b)  -> (artifact id: '6c37d4bd0b2552d5c77ef76ea89b1cbf') in 0.010793 seconds 
========================================================================
Received Import Request.
  Time since last request: 0.000013 seconds.
  path: Assets/Music/Soundtrack_Loops_Trash_WAV/One-shots/SL Foley Sound Effect Cream Powder Can Hit.wav
  artifactKey: Guid(7b64c0f39dc151f47923e82f29e926fc) Importer(815301076,1909f56bfc062723c751e8b465ee728b)
Start importing Assets/Music/Soundtrack_Loops_Trash_WAV/One-shots/SL Foley Sound Effect Cream Powder Can Hit.wav using Guid(7b64c0f39dc151f47923e82f29e926fc) Importer(815301076,1909f56bfc062723c751e8b465ee728b)  -> (artifact id: 'a4888d1993f0bf66b0c48982caac7d99') in 0.010527 seconds 
========================================================================
Received Import Request.
  Time since last request: 0.000013 seconds.
  path: Assets/Music/Soundtrack_Loops_Trash_WAV/One-shots/SL Foley Sound Effect Bucket 4 Stick Stroke.wav
  artifactKey: Guid(61d8d142cd02c284ca42cc86ae7807e3) Importer(815301076,1909f56bfc062723c751e8b465ee728b)
Start importing Assets/Music/Soundtrack_Loops_Trash_WAV/One-shots/SL Foley Sound Effect Bucket 4 Stick Stroke.wav using Guid(61d8d142cd02c284ca42cc86ae7807e3) Importer(815301076,1909f56bfc062723c751e8b465ee728b)  -> (artifact id: 'bda55b94a871f35c5a53b4477e36a227') in 0.010186 seconds 
========================================================================
Received Import Request.
  Time since last request: 0.000013 seconds.
  path: Assets/Music/Soundtrack_Loops_Trash_WAV/One-shots/SL Foley Sound Effect Supermarket Car Hit.wav
  artifactKey: Guid(e1430ff5b0cecac478e745f066638cac) Importer(815301076,1909f56bfc062723c751e8b465ee728b)
Start importing Assets/Music/Soundtrack_Loops_Trash_WAV/One-shots/SL Foley Sound Effect Supermarket Car Hit.wav using Guid(e1430ff5b0cecac478e745f066638cac) Importer(815301076,1909f56bfc062723c751e8b465ee728b)  -> (artifact id: 'aaed122342923cb22aabe3cfbabdce58') in 0.010999 seconds 
========================================================================
Received Import Request.
  Time since last request: 0.000014 seconds.
  path: Assets/Music/Soundtrack_Loops_Trash_WAV/One-shots/SL Foley Sound Effect Carton Box Falling.wav
  artifactKey: Guid(4a5f7c9d28de5a74e9ddb4ffaa0ab80f) Importer(815301076,1909f56bfc062723c751e8b465ee728b)
Start importing Assets/Music/Soundtrack_Loops_Trash_WAV/One-shots/SL Foley Sound Effect Carton Box Falling.wav using Guid(4a5f7c9d28de5a74e9ddb4ffaa0ab80f) Importer(815301076,1909f56bfc062723c751e8b465ee728b)  -> (artifact id: '7aac4e259413a1527655f5baf6fa1041') in 0.010731 seconds 
========================================================================
Received Import Request.
  Time since last request: 0.000013 seconds.
  path: Assets/Music/Soundtrack_Loops_Trash_WAV/One-shots/SL Foley Sound Effect Bucket 1 Hand Stroke.wav
  artifactKey: Guid(1258ea4aeba52284dbae86dfdcf57fc9) Importer(815301076,1909f56bfc062723c751e8b465ee728b)
Start importing Assets/Music/Soundtrack_Loops_Trash_WAV/One-shots/SL Foley Sound Effect Bucket 1 Hand Stroke.wav using Guid(1258ea4aeba52284dbae86dfdcf57fc9) Importer(815301076,1909f56bfc062723c751e8b465ee728b)  -> (artifact id: 'd13425219791efb78bb2399779659875') in 0.010449 seconds 
========================================================================
Received Import Request.
  Time since last request: 0.000015 seconds.
  path: Assets/Music/Soundtrack_Loops_Trash_WAV/One-shots/SL Foley Sound Effect Cream Powder Can Falling.wav
  artifactKey: Guid(e2da7fbb2e9c54f4c8fb966f92a83f07) Importer(815301076,1909f56bfc062723c751e8b465ee728b)
Start importing Assets/Music/Soundtrack_Loops_Trash_WAV/One-shots/SL Foley Sound Effect Cream Powder Can Falling.wav using Guid(e2da7fbb2e9c54f4c8fb966f92a83f07) Importer(815301076,1909f56bfc062723c751e8b465ee728b)  -> (artifact id: 'b91f5ea45fb68acd52889a8f54dd798a') in 0.013010 seconds 
========================================================================
Received Import Request.
  Time since last request: 0.000019 seconds.
  path: Assets/Music/Soundtrack_Loops_Trash_WAV/One-shots/SL Foley Sound Effect Plastic Bottle Crushed.wav
  artifactKey: Guid(974d983814e1e4748ac952672f1f7be0) Importer(815301076,1909f56bfc062723c751e8b465ee728b)
Start importing Assets/Music/Soundtrack_Loops_Trash_WAV/One-shots/SL Foley Sound Effect Plastic Bottle Crushed.wav using Guid(974d983814e1e4748ac952672f1f7be0) Importer(815301076,1909f56bfc062723c751e8b465ee728b)  -> (artifact id: 'e20f92e360e159531572b47c2d29a50b') in 0.010883 seconds 
========================================================================
Received Import Request.
  Time since last request: 0.000017 seconds.
  path: Assets/Music/Soundtrack_Loops_Trash_WAV/One-shots/SL Foley Sound Effect Carton Box 3.wav
  artifactKey: Guid(359fa344b0580a24cbcfd6d6d574bf1b) Importer(815301076,1909f56bfc062723c751e8b465ee728b)
Start importing Assets/Music/Soundtrack_Loops_Trash_WAV/One-shots/SL Foley Sound Effect Carton Box 3.wav using Guid(359fa344b0580a24cbcfd6d6d574bf1b) Importer(815301076,1909f56bfc062723c751e8b465ee728b)  -> (artifact id: 'b405c74966fd9190dcec1fa81d310fcd') in 0.010343 seconds 
========================================================================
Received Import Request.
  Time since last request: 0.000053 seconds.
  path: Assets/Music/Soundtrack_Loops_Trash_WAV/One-shots/SL Foley Sound Effect Soda Cork Tambourine 3.wav
  artifactKey: Guid(37ecca5acdf0b5a4faaf87560e1a9070) Importer(815301076,1909f56bfc062723c751e8b465ee728b)
Start importing Assets/Music/Soundtrack_Loops_Trash_WAV/One-shots/SL Foley Sound Effect Soda Cork Tambourine 3.wav using Guid(37ecca5acdf0b5a4faaf87560e1a9070) Importer(815301076,1909f56bfc062723c751e8b465ee728b)  -> (artifact id: '76826b1abcaa92b599cf1287815a49a7') in 0.010011 seconds 
========================================================================
Received Import Request.
  Time since last request: 0.000017 seconds.
  path: Assets/Music/Soundtrack_Loops_Trash_WAV/One-shots/SL Foley Sound Effect Bucket 3 Dragged.wav
  artifactKey: Guid(f801b3c0f409f87418a79d208c1d8bf1) Importer(815301076,1909f56bfc062723c751e8b465ee728b)
Start importing Assets/Music/Soundtrack_Loops_Trash_WAV/One-shots/SL Foley Sound Effect Bucket 3 Dragged.wav using Guid(f801b3c0f409f87418a79d208c1d8bf1) Importer(815301076,1909f56bfc062723c751e8b465ee728b)  -> (artifact id: '11ed906807858917e87245921222ffbc') in 0.011154 seconds 
========================================================================
Received Import Request.
  Time since last request: 40.274504 seconds.
  path: Assets/Music/Soundtrack_Loops_LoFi_Cuts_WAV/One-shots/Drum One-shots/SL_LoFi_High_Hat_OS_02.wav
  artifactKey: Guid(7dc5e3722f83e2346b077d00bbf55b4e) Importer(815301076,1909f56bfc062723c751e8b465ee728b)
Start importing Assets/Music/Soundtrack_Loops_LoFi_Cuts_WAV/One-shots/Drum One-shots/SL_LoFi_High_Hat_OS_02.wav using Guid(7dc5e3722f83e2346b077d00bbf55b4e) Importer(815301076,1909f56bfc062723c751e8b465ee728b)  -> (artifact id: 'c048a981d257ef85152aff56d6b88fdb') in 0.012860 seconds 
========================================================================
Received Import Request.
  Time since last request: 0.000013 seconds.
  path: Assets/Music/Soundtrack_Loops_LoFi_Cuts_WAV/One-shots/Drum One-shots/SL_LoFi_High_Hat_OS_06.wav
  artifactKey: Guid(507f5c1ed1ada644aa7a6c82e51db811) Importer(815301076,1909f56bfc062723c751e8b465ee728b)
Start importing Assets/Music/Soundtrack_Loops_LoFi_Cuts_WAV/One-shots/Drum One-shots/SL_LoFi_High_Hat_OS_06.wav using Guid(507f5c1ed1ada644aa7a6c82e51db811) Importer(815301076,1909f56bfc062723c751e8b465ee728b)  -> (artifact id: 'f50ee079ffcfd10322e5dcb4f24acac8') in 0.012062 seconds 
========================================================================
Received Import Request.
  Time since last request: 0.000021 seconds.
  path: Assets/Music/Soundtrack_Loops_LoFi_Cuts_WAV/One-shots/Drum One-shots/SL_LoFi_Kick_OS_01.wav
  artifactKey: Guid(8cab77a28bc9cc14fb6db9437135d17f) Importer(815301076,1909f56bfc062723c751e8b465ee728b)
Start importing Assets/Music/Soundtrack_Loops_LoFi_Cuts_WAV/One-shots/Drum One-shots/SL_LoFi_Kick_OS_01.wav using Guid(8cab77a28bc9cc14fb6db9437135d17f) Importer(815301076,1909f56bfc062723c751e8b465ee728b)  -> (artifact id: '981f670318748a8fd128c12ee25150ca') in 0.010088 seconds 
========================================================================
Received Import Request.
  Time since last request: 0.000031 seconds.
  path: Assets/Music/Soundtrack_Loops_LoFi_Cuts_WAV/One-shots/Drum One-shots/SL_LoFi_Kick_OS_08.wav
  artifactKey: Guid(45ff7980e4174444c849c6e5633ba140) Importer(815301076,1909f56bfc062723c751e8b465ee728b)
Start importing Assets/Music/Soundtrack_Loops_LoFi_Cuts_WAV/One-shots/Drum One-shots/SL_LoFi_Kick_OS_08.wav using Guid(45ff7980e4174444c849c6e5633ba140) Importer(815301076,1909f56bfc062723c751e8b465ee728b)  -> (artifact id: 'e5a9de070e702274d1d93b10959fddf0') in 0.010655 seconds 
========================================================================
Received Import Request.
  Time since last request: 0.000016 seconds.
  path: Assets/Music/Soundtrack_Loops_LoFi_Cuts_WAV/One-shots/Drum One-shots/SL_LoFi_Perc_OS_01.wav
  artifactKey: Guid(73c6c4c8b27b3264384c5b0b3c0cccb1) Importer(815301076,1909f56bfc062723c751e8b465ee728b)
Start importing Assets/Music/Soundtrack_Loops_LoFi_Cuts_WAV/One-shots/Drum One-shots/SL_LoFi_Perc_OS_01.wav using Guid(73c6c4c8b27b3264384c5b0b3c0cccb1) Importer(815301076,1909f56bfc062723c751e8b465ee728b)  -> (artifact id: 'dfb3d38bbcc06f1ae21c8cbb149fd532') in 0.011592 seconds 
========================================================================
Received Import Request.
  Time since last request: 0.000016 seconds.
  path: Assets/Music/Soundtrack_Loops_LoFi_Cuts_WAV/One-shots/Drum One-shots/SL_LoFi_High_Hat_OS_07.wav
  artifactKey: Guid(0440874791585fd49b4cd3f919a24e81) Importer(815301076,1909f56bfc062723c751e8b465ee728b)
Start importing Assets/Music/Soundtrack_Loops_LoFi_Cuts_WAV/One-shots/Drum One-shots/SL_LoFi_High_Hat_OS_07.wav using Guid(0440874791585fd49b4cd3f919a24e81) Importer(815301076,1909f56bfc062723c751e8b465ee728b)  -> (artifact id: 'e43432fc4e90ffc86e3c4e391066581c') in 0.017802 seconds 
========================================================================
Received Import Request.
  Time since last request: 0.000015 seconds.
  path: Assets/Music/Soundtrack_Loops_LoFi_Cuts_WAV/One-shots/Drum One-shots/SL_LoFi_Kick_OS_02.wav
  artifactKey: Guid(ec553f51f9e93fa479c22d6f0d0fcd41) Importer(815301076,1909f56bfc062723c751e8b465ee728b)
Start importing Assets/Music/Soundtrack_Loops_LoFi_Cuts_WAV/One-shots/Drum One-shots/SL_LoFi_Kick_OS_02.wav using Guid(ec553f51f9e93fa479c22d6f0d0fcd41) Importer(815301076,1909f56bfc062723c751e8b465ee728b)  -> (artifact id: '32993aecfa3165e2941079dc9bc3e9b5') in 0.015262 seconds 
========================================================================
Received Import Request.
  Time since last request: 0.000015 seconds.
  path: Assets/Music/Soundtrack_Loops_LoFi_Cuts_WAV/One-shots/Drum One-shots/SL_LoFi_Perc_OS_03.wav
  artifactKey: Guid(a9c5cf0e78b7cfb4c8caaf33f6f426f0) Importer(815301076,1909f56bfc062723c751e8b465ee728b)
Start importing Assets/Music/Soundtrack_Loops_LoFi_Cuts_WAV/One-shots/Drum One-shots/SL_LoFi_Perc_OS_03.wav using Guid(a9c5cf0e78b7cfb4c8caaf33f6f426f0) Importer(815301076,1909f56bfc062723c751e8b465ee728b)  -> (artifact id: '4f42055ced9d97fd1cd02f4db837b911') in 0.014525 seconds 
========================================================================
Received Import Request.
  Time since last request: 0.000017 seconds.
  path: Assets/Music/Soundtrack_Loops_LoFi_Cuts_WAV/One-shots/Drum One-shots/SL_LoFi_Kick_OS_07.wav
  artifactKey: Guid(89666473aac886147bead5342b1a0233) Importer(815301076,1909f56bfc062723c751e8b465ee728b)
Start importing Assets/Music/Soundtrack_Loops_LoFi_Cuts_WAV/One-shots/Drum One-shots/SL_LoFi_Kick_OS_07.wav using Guid(89666473aac886147bead5342b1a0233) Importer(815301076,1909f56bfc062723c751e8b465ee728b)  -> (artifact id: '917db87712023266fc3aeb98bc4bbf32') in 0.031533 seconds 
========================================================================
Received Import Request.
  Time since last request: 0.000014 seconds.
  path: Assets/Music/Soundtrack_Loops_LoFi_Cuts_WAV/One-shots/Drum One-shots/SL_LoFi_Snare_OS_10.wav
  artifactKey: Guid(863b56982fd511f4f8648e846e0a2ca5) Importer(815301076,1909f56bfc062723c751e8b465ee728b)
Start importing Assets/Music/Soundtrack_Loops_LoFi_Cuts_WAV/One-shots/Drum One-shots/SL_LoFi_Snare_OS_10.wav using Guid(863b56982fd511f4f8648e846e0a2ca5) Importer(815301076,1909f56bfc062723c751e8b465ee728b)  -> (artifact id: 'fc5ecf7029512802fca8c7ae3d339880') in 0.009627 seconds 
========================================================================
Received Import Request.
  Time since last request: 0.000017 seconds.
  path: Assets/Music/Soundtrack_Loops_LoFi_Cuts_WAV/One-shots/Drum One-shots/SL_LoFi_Snare_OS_01.wav
  artifactKey: Guid(09736d52773735a4482b553bb626aca0) Importer(815301076,1909f56bfc062723c751e8b465ee728b)
Start importing Assets/Music/Soundtrack_Loops_LoFi_Cuts_WAV/One-shots/Drum One-shots/SL_LoFi_Snare_OS_01.wav using Guid(09736d52773735a4482b553bb626aca0) Importer(815301076,1909f56bfc062723c751e8b465ee728b)  -> (artifact id: '8b9b21e6dad107e3185ba4eb636823ec') in 0.010897 seconds 
========================================================================
Received Import Request.
  Time since last request: 0.000020 seconds.
  path: Assets/Music/Soundtrack_Loops_LoFi_Cuts_WAV/One-shots/Drum One-shots/SL_LoFi_Perc_OS_09.wav
  artifactKey: Guid(fb661123c87dd5d40807f939bfb05d98) Importer(815301076,1909f56bfc062723c751e8b465ee728b)
Start importing Assets/Music/Soundtrack_Loops_LoFi_Cuts_WAV/One-shots/Drum One-shots/SL_LoFi_Perc_OS_09.wav using Guid(fb661123c87dd5d40807f939bfb05d98) Importer(815301076,1909f56bfc062723c751e8b465ee728b)  -> (artifact id: 'b7baae82f078ffb53f3d0025ab979a1b') in 0.010279 seconds 
========================================================================
Received Import Request.
  Time since last request: 0.000014 seconds.
  path: Assets/Music/Soundtrack_Loops_LoFi_Cuts_WAV/One-shots/Drum One-shots/SL_LoFi_Perc_OS_07.wav
  artifactKey: Guid(cd0f8d8738642ed44b01a9bbad77048c) Importer(815301076,1909f56bfc062723c751e8b465ee728b)
Start importing Assets/Music/Soundtrack_Loops_LoFi_Cuts_WAV/One-shots/Drum One-shots/SL_LoFi_Perc_OS_07.wav using Guid(cd0f8d8738642ed44b01a9bbad77048c) Importer(815301076,1909f56bfc062723c751e8b465ee728b)  -> (artifact id: 'e16aede8a1709188c25907182de1a4a1') in 0.009744 seconds 
========================================================================
Received Import Request.
  Time since last request: 0.000017 seconds.
  path: Assets/Music/Soundtrack_Loops_LoFi_Cuts_WAV/One-shots/Drum One-shots/SL_LoFi_Snare_OS_08.wav
  artifactKey: Guid(dfae880e2227e7c409478356a58bfa3b) Importer(815301076,1909f56bfc062723c751e8b465ee728b)
Start importing Assets/Music/Soundtrack_Loops_LoFi_Cuts_WAV/One-shots/Drum One-shots/SL_LoFi_Snare_OS_08.wav using Guid(dfae880e2227e7c409478356a58bfa3b) Importer(815301076,1909f56bfc062723c751e8b465ee728b)  -> (artifact id: 'c7cfe2ebd5b837c457d1820b1ca057bd') in 0.010500 seconds 
========================================================================
Received Import Request.
  Time since last request: 0.000017 seconds.
  path: Assets/Music/Soundtrack_Loops_LoFi_Cuts_WAV/One-shots/Drum One-shots/SL_LoFi_High_Hat_OS_04.wav
  artifactKey: Guid(40ce6efc5e429364cba0a2763a422714) Importer(815301076,1909f56bfc062723c751e8b465ee728b)
Start importing Assets/Music/Soundtrack_Loops_LoFi_Cuts_WAV/One-shots/Drum One-shots/SL_LoFi_High_Hat_OS_04.wav using Guid(40ce6efc5e429364cba0a2763a422714) Importer(815301076,1909f56bfc062723c751e8b465ee728b)  -> (artifact id: '05fb6aefdc333de10b97810f094d4105') in 0.010481 seconds 
========================================================================
Received Prepare
Registering precompiled user dll's ...
Registered in 0.003830 seconds.
Begin MonoManager ReloadAssembly
Symbol file LoadedFromMemory doesn't match image C:\Users\Benjy\Documents\Unity\Suburb\Library\PackageCache\com.unity.visualscripting@1.7.6\Editor\VisualScripting.Core\Dependencies\YamlDotNet\Unity.VisualScripting.YamlDotNet.dll
Symbol file LoadedFromMemory is not a mono symbol file
Symbol file LoadedFromMemory doesn't match image C:\Users\Benjy\Documents\Unity\Suburb\Library\PackageCache\com.unity.visualscripting@1.7.6\Editor\VisualScripting.Core\Dependencies\DotNetZip\Unity.VisualScripting.IonicZip.dll
Native extension for UWP target not found
Native extension for WindowsStandalone target not found
Native extension for Android target not found
Native extension for WebGL target not found
Refreshing native plugins compatible for Editor in 0.62 ms, found 5 plugins.
Preloading 0 native plugins for Editor in 0.00 ms.
Mono: successfully reloaded assembly
- Completed reload, in  0.761 seconds
Domain Reload Profiling:
	ReloadAssembly (762ms)
		BeginReloadAssembly (107ms)
			ExecutionOrderSort (0ms)
			DisableScriptedObjects (4ms)
			BackupInstance (0ms)
			ReleaseScriptingObjects (0ms)
			CreateAndSetChildDomain (28ms)
		EndReloadAssembly (574ms)
			LoadAssemblies (72ms)
			RebuildTransferFunctionScriptingTraits (0ms)
			SetupTypeCache (182ms)
			ReleaseScriptCaches (1ms)
			RebuildScriptCaches (31ms)
			SetupLoadedEditorAssemblies (262ms)
				LogAssemblyErrors (0ms)
				InitializePlatformSupportModulesInManaged (20ms)
				SetLoadedEditorAssemblies (0ms)
				RefreshPlugins (1ms)
				BeforeProcessingInitializeOnLoad (56ms)
				ProcessInitializeOnLoadAttributes (159ms)
				ProcessInitializeOnLoadMethodAttributes (16ms)
				AfterProcessingInitializeOnLoad (9ms)
				EditorAssembliesLoaded (0ms)
			ExecutionOrderSort2 (0ms)
			AwakeInstancesAfterBackupRestoration (4ms)
Platform modules already initialized, skipping
Refreshing native plugins compatible for Editor in 2.07 ms, found 5 plugins.
Preloading 0 native plugins for Editor in 0.00 ms.
Unloading 3236 Unused Serialized files (Serialized files now loaded: 0)
Unloading 18 unused Assets / (82.4 KB). Loaded Objects now: 3766.
Memory consumption went from 138.4 MB to 138.4 MB.
Total: 2.584100 ms (FindLiveObjects: 0.220300 ms CreateObjectMapping: 0.133800 ms MarkObjects: 2.100300 ms  DeleteObjects: 0.128600 ms)

AssetImportParameters requested are different than current active one (requested -> active):
  custom:video-decoder-ogg-theora: a1e56fd34408186e4bbccfd4996cb3dc -> 
  custom:container-muxer-webm: aa71ff27fc2769a1b78a27578f13a17b -> 
  custom:container-demuxer-webm: 4f35f7cbe854078d1ac9338744f61a02 -> 
  custom:video-encoder-webm-vp8: eb34c28f22e8b96e1ab97ce403110664 -> 
  custom:video-codec-MediaFoundation-h265: 746d11721c4dcdbdad8f713fa42b33f4 -> 
  custom:audio-encoder-webm-vorbis: bf7c407c2cedff20999df2af8eb42d56 -> 
  custom:framework-win-MediaFoundation: 216162199b28c13a410421893ffa2e32 -> 
  custom:container-demuxer-ogg: 62fdf1f143b41e24485cea50d1cbac27 -> 
  custom:video-decoder-webm-vp8: 9c59270c3fd7afecdb556c50c9e8de78 -> 
  custom:audio-decoder-ogg-vorbis: bf7c407c2cedff20999df2af8eb42d56 -> 
========================================================================
Received Prepare
Registering precompiled user dll's ...
Registered in 0.003479 seconds.
Begin MonoManager ReloadAssembly
Symbol file LoadedFromMemory doesn't match image C:\Users\Benjy\Documents\Unity\Suburb\Library\PackageCache\com.unity.visualscripting@1.7.6\Editor\VisualScripting.Core\Dependencies\YamlDotNet\Unity.VisualScripting.YamlDotNet.dll
Symbol file LoadedFromMemory is not a mono symbol file
Symbol file LoadedFromMemory doesn't match image C:\Users\Benjy\Documents\Unity\Suburb\Library\PackageCache\com.unity.visualscripting@1.7.6\Editor\VisualScripting.Core\Dependencies\DotNetZip\Unity.VisualScripting.IonicZip.dll
Native extension for UWP target not found
Native extension for WindowsStandalone target not found
Native extension for Android target not found
Native extension for WebGL target not found
Refreshing native plugins compatible for Editor in 0.53 ms, found 5 plugins.
Preloading 0 native plugins for Editor in 0.00 ms.
Mono: successfully reloaded assembly
- Completed reload, in  0.732 seconds
Domain Reload Profiling:
	ReloadAssembly (733ms)
		BeginReloadAssembly (106ms)
			ExecutionOrderSort (0ms)
			DisableScriptedObjects (4ms)
			BackupInstance (0ms)
			ReleaseScriptingObjects (0ms)
			CreateAndSetChildDomain (26ms)
		EndReloadAssembly (554ms)
			LoadAssemblies (72ms)
			RebuildTransferFunctionScriptingTraits (0ms)
			SetupTypeCache (173ms)
			ReleaseScriptCaches (1ms)
			RebuildScriptCaches (27ms)
			SetupLoadedEditorAssemblies (249ms)
				LogAssemblyErrors (0ms)
				InitializePlatformSupportModulesInManaged (19ms)
				SetLoadedEditorAssemblies (0ms)
				RefreshPlugins (1ms)
				BeforeProcessingInitializeOnLoad (53ms)
				ProcessInitializeOnLoadAttributes (151ms)
				ProcessInitializeOnLoadMethodAttributes (17ms)
				AfterProcessingInitializeOnLoad (7ms)
				EditorAssembliesLoaded (0ms)
			ExecutionOrderSort2 (0ms)
			AwakeInstancesAfterBackupRestoration (4ms)
Platform modules already initialized, skipping
Refreshing native plugins compatible for Editor in 2.11 ms, found 5 plugins.
Preloading 0 native plugins for Editor in 0.00 ms.
Unloading 3236 Unused Serialized files (Serialized files now loaded: 0)
Unloading 18 unused Assets / (82.4 KB). Loaded Objects now: 3769.
Memory consumption went from 138.5 MB to 138.4 MB.
Total: 2.473800 ms (FindLiveObjects: 0.215700 ms CreateObjectMapping: 0.130300 ms MarkObjects: 2.047400 ms  DeleteObjects: 0.079400 ms)

AssetImportParameters requested are different than current active one (requested -> active):
  custom:video-decoder-ogg-theora: a1e56fd34408186e4bbccfd4996cb3dc -> 
  custom:container-muxer-webm: aa71ff27fc2769a1b78a27578f13a17b -> 
  custom:container-demuxer-webm: 4f35f7cbe854078d1ac9338744f61a02 -> 
  custom:video-encoder-webm-vp8: eb34c28f22e8b96e1ab97ce403110664 -> 
  custom:video-codec-MediaFoundation-h265: 746d11721c4dcdbdad8f713fa42b33f4 -> 
  custom:audio-encoder-webm-vorbis: bf7c407c2cedff20999df2af8eb42d56 -> 
  custom:framework-win-MediaFoundation: 216162199b28c13a410421893ffa2e32 -> 
  custom:container-demuxer-ogg: 62fdf1f143b41e24485cea50d1cbac27 -> 
  custom:video-decoder-webm-vp8: 9c59270c3fd7afecdb556c50c9e8de78 -> 
  custom:audio-decoder-ogg-vorbis: bf7c407c2cedff20999df2af8eb42d56 -> 
========================================================================
Received Prepare
Registering precompiled user dll's ...
Registered in 0.004297 seconds.
Begin MonoManager ReloadAssembly
Symbol file LoadedFromMemory doesn't match image C:\Users\Benjy\Documents\Unity\Suburb\Library\PackageCache\com.unity.visualscripting@1.7.6\Editor\VisualScripting.Core\Dependencies\YamlDotNet\Unity.VisualScripting.YamlDotNet.dll
Symbol file LoadedFromMemory is not a mono symbol file
Symbol file LoadedFromMemory doesn't match image C:\Users\Benjy\Documents\Unity\Suburb\Library\PackageCache\com.unity.visualscripting@1.7.6\Editor\VisualScripting.Core\Dependencies\DotNetZip\Unity.VisualScripting.IonicZip.dll
Native extension for UWP target not found
Native extension for WindowsStandalone target not found
Native extension for Android target not found
Native extension for WebGL target not found
Refreshing native plugins compatible for Editor in 0.64 ms, found 5 plugins.
Preloading 0 native plugins for Editor in 0.00 ms.
Mono: successfully reloaded assembly
- Completed reload, in  0.757 seconds
Domain Reload Profiling:
	ReloadAssembly (757ms)
		BeginReloadAssembly (115ms)
			ExecutionOrderSort (0ms)
			DisableScriptedObjects (6ms)
			BackupInstance (0ms)
			ReleaseScriptingObjects (0ms)
			CreateAndSetChildDomain (27ms)
		EndReloadAssembly (562ms)
			LoadAssemblies (68ms)
			RebuildTransferFunctionScriptingTraits (0ms)
			SetupTypeCache (175ms)
			ReleaseScriptCaches (1ms)
			RebuildScriptCaches (34ms)
			SetupLoadedEditorAssemblies (253ms)
				LogAssemblyErrors (0ms)
				InitializePlatformSupportModulesInManaged (20ms)
				SetLoadedEditorAssemblies (0ms)
				RefreshPlugins (1ms)
				BeforeProcessingInitializeOnLoad (56ms)
				ProcessInitializeOnLoadAttributes (151ms)
				ProcessInitializeOnLoadMethodAttributes (18ms)
				AfterProcessingInitializeOnLoad (7ms)
				EditorAssembliesLoaded (0ms)
			ExecutionOrderSort2 (0ms)
			AwakeInstancesAfterBackupRestoration (5ms)
Platform modules already initialized, skipping
Refreshing native plugins compatible for Editor in 1.80 ms, found 5 plugins.
Preloading 0 native plugins for Editor in 0.00 ms.
Unloading 3236 Unused Serialized files (Serialized files now loaded: 0)
Unloading 18 unused Assets / (82.4 KB). Loaded Objects now: 3772.
Memory consumption went from 138.5 MB to 138.4 MB.
Total: 2.323700 ms (FindLiveObjects: 0.218300 ms CreateObjectMapping: 0.137600 ms MarkObjects: 1.884900 ms  DeleteObjects: 0.082100 ms)

AssetImportParameters requested are different than current active one (requested -> active):
  custom:video-decoder-ogg-theora: a1e56fd34408186e4bbccfd4996cb3dc -> 
  custom:container-muxer-webm: aa71ff27fc2769a1b78a27578f13a17b -> 
  custom:container-demuxer-webm: 4f35f7cbe854078d1ac9338744f61a02 -> 
  custom:video-encoder-webm-vp8: eb34c28f22e8b96e1ab97ce403110664 -> 
  custom:video-codec-MediaFoundation-h265: 746d11721c4dcdbdad8f713fa42b33f4 -> 
  custom:audio-encoder-webm-vorbis: bf7c407c2cedff20999df2af8eb42d56 -> 
  custom:framework-win-MediaFoundation: 216162199b28c13a410421893ffa2e32 -> 
  custom:container-demuxer-ogg: 62fdf1f143b41e24485cea50d1cbac27 -> 
  custom:video-decoder-webm-vp8: 9c59270c3fd7afecdb556c50c9e8de78 -> 
  custom:audio-decoder-ogg-vorbis: bf7c407c2cedff20999df2af8eb42d56 -> 
========================================================================
Received Prepare
Registering precompiled user dll's ...
Registered in 0.003296 seconds.
Begin MonoManager ReloadAssembly
Symbol file LoadedFromMemory doesn't match image C:\Users\Benjy\Documents\Unity\Suburb\Library\PackageCache\com.unity.visualscripting@1.7.6\Editor\VisualScripting.Core\Dependencies\YamlDotNet\Unity.VisualScripting.YamlDotNet.dll
Symbol file LoadedFromMemory is not a mono symbol file
Symbol file LoadedFromMemory doesn't match image C:\Users\Benjy\Documents\Unity\Suburb\Library\PackageCache\com.unity.visualscripting@1.7.6\Editor\VisualScripting.Core\Dependencies\DotNetZip\Unity.VisualScripting.IonicZip.dll
Native extension for UWP target not found
Native extension for WindowsStandalone target not found
Native extension for Android target not found
Native extension for WebGL target not found
Refreshing native plugins compatible for Editor in 0.64 ms, found 5 plugins.
Preloading 0 native plugins for Editor in 0.00 ms.
Mono: successfully reloaded assembly
- Completed reload, in  0.711 seconds
Domain Reload Profiling:
	ReloadAssembly (712ms)
		BeginReloadAssembly (101ms)
			ExecutionOrderSort (0ms)
			DisableScriptedObjects (5ms)
			BackupInstance (0ms)
			ReleaseScriptingObjects (0ms)
			CreateAndSetChildDomain (26ms)
		EndReloadAssembly (537ms)
			LoadAssemblies (62ms)
			RebuildTransferFunctionScriptingTraits (0ms)
			SetupTypeCache (168ms)
			ReleaseScriptCaches (1ms)
			RebuildScriptCaches (29ms)
			SetupLoadedEditorAssemblies (245ms)
				LogAssemblyErrors (0ms)
				InitializePlatformSupportModulesInManaged (20ms)
				SetLoadedEditorAssemblies (0ms)
				RefreshPlugins (1ms)
				BeforeProcessingInitializeOnLoad (54ms)
				ProcessInitializeOnLoadAttributes (147ms)
				ProcessInitializeOnLoadMethodAttributes (16ms)
				AfterProcessingInitializeOnLoad (7ms)
				EditorAssembliesLoaded (0ms)
			ExecutionOrderSort2 (0ms)
			AwakeInstancesAfterBackupRestoration (4ms)
Platform modules already initialized, skipping
Refreshing native plugins compatible for Editor in 2.02 ms, found 5 plugins.
Preloading 0 native plugins for Editor in 0.00 ms.
Unloading 3236 Unused Serialized files (Serialized files now loaded: 0)
Unloading 18 unused Assets / (83.1 KB). Loaded Objects now: 3775.
Memory consumption went from 138.4 MB to 138.3 MB.
Total: 2.323100 ms (FindLiveObjects: 0.185900 ms CreateObjectMapping: 0.081900 ms MarkObjects: 1.966200 ms  DeleteObjects: 0.088200 ms)

AssetImportParameters requested are different than current active one (requested -> active):
  custom:video-decoder-ogg-theora: a1e56fd34408186e4bbccfd4996cb3dc -> 
  custom:container-muxer-webm: aa71ff27fc2769a1b78a27578f13a17b -> 
  custom:container-demuxer-webm: 4f35f7cbe854078d1ac9338744f61a02 -> 
  custom:video-encoder-webm-vp8: eb34c28f22e8b96e1ab97ce403110664 -> 
  custom:video-codec-MediaFoundation-h265: 746d11721c4dcdbdad8f713fa42b33f4 -> 
  custom:audio-encoder-webm-vorbis: bf7c407c2cedff20999df2af8eb42d56 -> 
  custom:framework-win-MediaFoundation: 216162199b28c13a410421893ffa2e32 -> 
  custom:container-demuxer-ogg: 62fdf1f143b41e24485cea50d1cbac27 -> 
  custom:video-decoder-webm-vp8: 9c59270c3fd7afecdb556c50c9e8de78 -> 
  custom:audio-decoder-ogg-vorbis: bf7c407c2cedff20999df2af8eb42d56 -> 
========================================================================
Received Prepare
Registering precompiled user dll's ...
Registered in 0.003642 seconds.
Begin MonoManager ReloadAssembly
Symbol file LoadedFromMemory doesn't match image C:\Users\Benjy\Documents\Unity\Suburb\Library\PackageCache\com.unity.visualscripting@1.7.6\Editor\VisualScripting.Core\Dependencies\YamlDotNet\Unity.VisualScripting.YamlDotNet.dll
Symbol file LoadedFromMemory is not a mono symbol file
Symbol file LoadedFromMemory doesn't match image C:\Users\Benjy\Documents\Unity\Suburb\Library\PackageCache\com.unity.visualscripting@1.7.6\Editor\VisualScripting.Core\Dependencies\DotNetZip\Unity.VisualScripting.IonicZip.dll
Native extension for UWP target not found
Native extension for WindowsStandalone target not found
Native extension for Android target not found
Native extension for WebGL target not found
Refreshing native plugins compatible for Editor in 0.47 ms, found 5 plugins.
Preloading 0 native plugins for Editor in 0.00 ms.
Mono: successfully reloaded assembly
- Completed reload, in  0.726 seconds
Domain Reload Profiling:
	ReloadAssembly (727ms)
		BeginReloadAssembly (106ms)
			ExecutionOrderSort (0ms)
			DisableScriptedObjects (5ms)
			BackupInstance (0ms)
			ReleaseScriptingObjects (0ms)
			CreateAndSetChildDomain (26ms)
		EndReloadAssembly (548ms)
			LoadAssemblies (67ms)
			RebuildTransferFunctionScriptingTraits (0ms)
			SetupTypeCache (172ms)
			ReleaseScriptCaches (1ms)
			RebuildScriptCaches (31ms)
			SetupLoadedEditorAssemblies (248ms)
				LogAssemblyErrors (0ms)
				InitializePlatformSupportModulesInManaged (20ms)
				SetLoadedEditorAssemblies (0ms)
				RefreshPlugins (1ms)
				BeforeProcessingInitializeOnLoad (56ms)
				ProcessInitializeOnLoadAttributes (148ms)
				ProcessInitializeOnLoadMethodAttributes (17ms)
				AfterProcessingInitializeOnLoad (7ms)
				EditorAssembliesLoaded (0ms)
			ExecutionOrderSort2 (0ms)
			AwakeInstancesAfterBackupRestoration (5ms)
Platform modules already initialized, skipping
Refreshing native plugins compatible for Editor in 2.09 ms, found 5 plugins.
Preloading 0 native plugins for Editor in 0.00 ms.
Unloading 3236 Unused Serialized files (Serialized files now loaded: 0)
Unloading 18 unused Assets / (83.6 KB). Loaded Objects now: 3778.
Memory consumption went from 138.4 MB to 138.3 MB.
Total: 2.900500 ms (FindLiveObjects: 0.248600 ms CreateObjectMapping: 0.193600 ms MarkObjects: 2.359300 ms  DeleteObjects: 0.098300 ms)

AssetImportParameters requested are different than current active one (requested -> active):
  custom:video-decoder-ogg-theora: a1e56fd34408186e4bbccfd4996cb3dc -> 
  custom:container-muxer-webm: aa71ff27fc2769a1b78a27578f13a17b -> 
  custom:container-demuxer-webm: 4f35f7cbe854078d1ac9338744f61a02 -> 
  custom:video-encoder-webm-vp8: eb34c28f22e8b96e1ab97ce403110664 -> 
  custom:video-codec-MediaFoundation-h265: 746d11721c4dcdbdad8f713fa42b33f4 -> 
  custom:audio-encoder-webm-vorbis: bf7c407c2cedff20999df2af8eb42d56 -> 
  custom:framework-win-MediaFoundation: 216162199b28c13a410421893ffa2e32 -> 
  custom:container-demuxer-ogg: 62fdf1f143b41e24485cea50d1cbac27 -> 
  custom:video-decoder-webm-vp8: 9c59270c3fd7afecdb556c50c9e8de78 -> 
  custom:audio-decoder-ogg-vorbis: bf7c407c2cedff20999df2af8eb42d56 -> 
========================================================================
Received Prepare
Registering precompiled user dll's ...
Registered in 0.003445 seconds.
Begin MonoManager ReloadAssembly
Symbol file LoadedFromMemory doesn't match image C:\Users\Benjy\Documents\Unity\Suburb\Library\PackageCache\com.unity.visualscripting@1.7.6\Editor\VisualScripting.Core\Dependencies\YamlDotNet\Unity.VisualScripting.YamlDotNet.dll
Symbol file LoadedFromMemory is not a mono symbol file
Symbol file LoadedFromMemory doesn't match image C:\Users\Benjy\Documents\Unity\Suburb\Library\PackageCache\com.unity.visualscripting@1.7.6\Editor\VisualScripting.Core\Dependencies\DotNetZip\Unity.VisualScripting.IonicZip.dll
Native extension for UWP target not found
Native extension for WindowsStandalone target not found
Native extension for Android target not found
Native extension for WebGL target not found
Refreshing native plugins compatible for Editor in 0.65 ms, found 5 plugins.
Preloading 0 native plugins for Editor in 0.00 ms.
Mono: successfully reloaded assembly
- Completed reload, in  0.746 seconds
Domain Reload Profiling:
	ReloadAssembly (747ms)
		BeginReloadAssembly (102ms)
			ExecutionOrderSort (0ms)
			DisableScriptedObjects (5ms)
			BackupInstance (0ms)
			ReleaseScriptingObjects (0ms)
			CreateAndSetChildDomain (26ms)
		EndReloadAssembly (576ms)
			LoadAssemblies (64ms)
			RebuildTransferFunctionScriptingTraits (0ms)
			SetupTypeCache (172ms)
			ReleaseScriptCaches (1ms)
			RebuildScriptCaches (32ms)
			SetupLoadedEditorAssemblies (273ms)
				LogAssemblyErrors (0ms)
				InitializePlatformSupportModulesInManaged (25ms)
				SetLoadedEditorAssemblies (0ms)
				RefreshPlugins (1ms)
				BeforeProcessingInitializeOnLoad (70ms)
				ProcessInitializeOnLoadAttributes (153ms)
				ProcessInitializeOnLoadMethodAttributes (17ms)
				AfterProcessingInitializeOnLoad (8ms)
				EditorAssembliesLoaded (0ms)
			ExecutionOrderSort2 (0ms)
			AwakeInstancesAfterBackupRestoration (4ms)
Platform modules already initialized, skipping
Refreshing native plugins compatible for Editor in 1.98 ms, found 5 plugins.
Preloading 0 native plugins for Editor in 0.00 ms.
Unloading 3236 Unused Serialized files (Serialized files now loaded: 0)
Unloading 18 unused Assets / (83.4 KB). Loaded Objects now: 3781.
Memory consumption went from 138.4 MB to 138.3 MB.
Total: 2.434400 ms (FindLiveObjects: 0.200300 ms CreateObjectMapping: 0.127200 ms MarkObjects: 2.000100 ms  DeleteObjects: 0.106300 ms)

AssetImportParameters requested are different than current active one (requested -> active):
  custom:video-decoder-ogg-theora: a1e56fd34408186e4bbccfd4996cb3dc -> 
  custom:container-muxer-webm: aa71ff27fc2769a1b78a27578f13a17b -> 
  custom:container-demuxer-webm: 4f35f7cbe854078d1ac9338744f61a02 -> 
  custom:video-encoder-webm-vp8: eb34c28f22e8b96e1ab97ce403110664 -> 
  custom:video-codec-MediaFoundation-h265: 746d11721c4dcdbdad8f713fa42b33f4 -> 
  custom:audio-encoder-webm-vorbis: bf7c407c2cedff20999df2af8eb42d56 -> 
  custom:framework-win-MediaFoundation: 216162199b28c13a410421893ffa2e32 -> 
  custom:container-demuxer-ogg: 62fdf1f143b41e24485cea50d1cbac27 -> 
  custom:video-decoder-webm-vp8: 9c59270c3fd7afecdb556c50c9e8de78 -> 
  custom:audio-decoder-ogg-vorbis: bf7c407c2cedff20999df2af8eb42d56 -> 
========================================================================
Received Prepare
Registering precompiled user dll's ...
Registered in 0.003320 seconds.
Begin MonoManager ReloadAssembly
Symbol file LoadedFromMemory doesn't match image C:\Users\Benjy\Documents\Unity\Suburb\Library\PackageCache\com.unity.visualscripting@1.7.6\Editor\VisualScripting.Core\Dependencies\YamlDotNet\Unity.VisualScripting.YamlDotNet.dll
Symbol file LoadedFromMemory is not a mono symbol file
Symbol file LoadedFromMemory doesn't match image C:\Users\Benjy\Documents\Unity\Suburb\Library\PackageCache\com.unity.visualscripting@1.7.6\Editor\VisualScripting.Core\Dependencies\DotNetZip\Unity.VisualScripting.IonicZip.dll
Native extension for UWP target not found
Native extension for WindowsStandalone target not found
Native extension for Android target not found
Native extension for WebGL target not found
Refreshing native plugins compatible for Editor in 0.57 ms, found 5 plugins.
Preloading 0 native plugins for Editor in 0.00 ms.
Mono: successfully reloaded assembly
- Completed reload, in  0.719 seconds
Domain Reload Profiling:
	ReloadAssembly (719ms)
		BeginReloadAssembly (100ms)
			ExecutionOrderSort (0ms)
			DisableScriptedObjects (4ms)
			BackupInstance (0ms)
			ReleaseScriptingObjects (0ms)
			CreateAndSetChildDomain (25ms)
		EndReloadAssembly (543ms)
			LoadAssemblies (66ms)
			RebuildTransferFunctionScriptingTraits (0ms)
			SetupTypeCache (178ms)
			ReleaseScriptCaches (1ms)
			RebuildScriptCaches (27ms)
			SetupLoadedEditorAssemblies (242ms)
				LogAssemblyErrors (0ms)
				InitializePlatformSupportModulesInManaged (20ms)
				SetLoadedEditorAssemblies (0ms)
				RefreshPlugins (1ms)
				BeforeProcessingInitializeOnLoad (51ms)
				ProcessInitializeOnLoadAttributes (147ms)
				ProcessInitializeOnLoadMethodAttributes (16ms)
				AfterProcessingInitializeOnLoad (7ms)
				EditorAssembliesLoaded (0ms)
			ExecutionOrderSort2 (0ms)
			AwakeInstancesAfterBackupRestoration (4ms)
Platform modules already initialized, skipping
Refreshing native plugins compatible for Editor in 1.96 ms, found 5 plugins.
Preloading 0 native plugins for Editor in 0.00 ms.
Unloading 3236 Unused Serialized files (Serialized files now loaded: 0)
Unloading 18 unused Assets / (83.5 KB). Loaded Objects now: 3784.
Memory consumption went from 138.4 MB to 138.3 MB.
Total: 2.609100 ms (FindLiveObjects: 0.188100 ms CreateObjectMapping: 0.097500 ms MarkObjects: 2.170600 ms  DeleteObjects: 0.152400 ms)

AssetImportParameters requested are different than current active one (requested -> active):
  custom:video-decoder-ogg-theora: a1e56fd34408186e4bbccfd4996cb3dc -> 
  custom:container-muxer-webm: aa71ff27fc2769a1b78a27578f13a17b -> 
  custom:container-demuxer-webm: 4f35f7cbe854078d1ac9338744f61a02 -> 
  custom:video-encoder-webm-vp8: eb34c28f22e8b96e1ab97ce403110664 -> 
  custom:video-codec-MediaFoundation-h265: 746d11721c4dcdbdad8f713fa42b33f4 -> 
  custom:audio-encoder-webm-vorbis: bf7c407c2cedff20999df2af8eb42d56 -> 
  custom:framework-win-MediaFoundation: 216162199b28c13a410421893ffa2e32 -> 
  custom:container-demuxer-ogg: 62fdf1f143b41e24485cea50d1cbac27 -> 
  custom:video-decoder-webm-vp8: 9c59270c3fd7afecdb556c50c9e8de78 -> 
  custom:audio-decoder-ogg-vorbis: bf7c407c2cedff20999df2af8eb42d56 -> 
========================================================================
Received Prepare
Registering precompiled user dll's ...
Registered in 0.004119 seconds.
Begin MonoManager ReloadAssembly
Symbol file LoadedFromMemory doesn't match image C:\Users\Benjy\Documents\Unity\Suburb\Library\PackageCache\com.unity.visualscripting@1.7.6\Editor\VisualScripting.Core\Dependencies\YamlDotNet\Unity.VisualScripting.YamlDotNet.dll
Symbol file LoadedFromMemory is not a mono symbol file
Symbol file LoadedFromMemory doesn't match image C:\Users\Benjy\Documents\Unity\Suburb\Library\PackageCache\com.unity.visualscripting@1.7.6\Editor\VisualScripting.Core\Dependencies\DotNetZip\Unity.VisualScripting.IonicZip.dll
Native extension for UWP target not found
Native extension for WindowsStandalone target not found
Native extension for Android target not found
Native extension for WebGL target not found
Refreshing native plugins compatible for Editor in 0.64 ms, found 5 plugins.
Preloading 0 native plugins for Editor in 0.00 ms.
Mono: successfully reloaded assembly
- Completed reload, in  0.732 seconds
Domain Reload Profiling:
	ReloadAssembly (733ms)
		BeginReloadAssembly (105ms)
			ExecutionOrderSort (0ms)
			DisableScriptedObjects (5ms)
			BackupInstance (0ms)
			ReleaseScriptingObjects (0ms)
			CreateAndSetChildDomain (25ms)
		EndReloadAssembly (553ms)
			LoadAssemblies (67ms)
			RebuildTransferFunctionScriptingTraits (0ms)
			SetupTypeCache (179ms)
			ReleaseScriptCaches (1ms)
			RebuildScriptCaches (28ms)
			SetupLoadedEditorAssemblies (251ms)
				LogAssemblyErrors (0ms)
				InitializePlatformSupportModulesInManaged (19ms)
				SetLoadedEditorAssemblies (0ms)
				RefreshPlugins (1ms)
				BeforeProcessingInitializeOnLoad (55ms)
				ProcessInitializeOnLoadAttributes (153ms)
				ProcessInitializeOnLoadMethodAttributes (16ms)
				AfterProcessingInitializeOnLoad (8ms)
				EditorAssembliesLoaded (0ms)
			ExecutionOrderSort2 (0ms)
			AwakeInstancesAfterBackupRestoration (5ms)
Platform modules already initialized, skipping
Refreshing native plugins compatible for Editor in 1.84 ms, found 5 plugins.
Preloading 0 native plugins for Editor in 0.00 ms.
Unloading 3236 Unused Serialized files (Serialized files now loaded: 0)
Unloading 18 unused Assets / (83.6 KB). Loaded Objects now: 3787.
Memory consumption went from 138.4 MB to 138.3 MB.
Total: 2.401300 ms (FindLiveObjects: 0.227000 ms CreateObjectMapping: 0.129000 ms MarkObjects: 1.960600 ms  DeleteObjects: 0.083700 ms)

AssetImportParameters requested are different than current active one (requested -> active):
  custom:video-decoder-ogg-theora: a1e56fd34408186e4bbccfd4996cb3dc -> 
  custom:container-muxer-webm: aa71ff27fc2769a1b78a27578f13a17b -> 
  custom:container-demuxer-webm: 4f35f7cbe854078d1ac9338744f61a02 -> 
  custom:video-encoder-webm-vp8: eb34c28f22e8b96e1ab97ce403110664 -> 
  custom:video-codec-MediaFoundation-h265: 746d11721c4dcdbdad8f713fa42b33f4 -> 
  custom:audio-encoder-webm-vorbis: bf7c407c2cedff20999df2af8eb42d56 -> 
  custom:framework-win-MediaFoundation: 216162199b28c13a410421893ffa2e32 -> 
  custom:container-demuxer-ogg: 62fdf1f143b41e24485cea50d1cbac27 -> 
  custom:video-decoder-webm-vp8: 9c59270c3fd7afecdb556c50c9e8de78 -> 
  custom:audio-decoder-ogg-vorbis: bf7c407c2cedff20999df2af8eb42d56 -> 
========================================================================
Received Prepare
Registering precompiled user dll's ...
Registered in 0.003352 seconds.
Begin MonoManager ReloadAssembly
Symbol file LoadedFromMemory doesn't match image C:\Users\Benjy\Documents\Unity\Suburb\Library\PackageCache\com.unity.visualscripting@1.7.6\Editor\VisualScripting.Core\Dependencies\YamlDotNet\Unity.VisualScripting.YamlDotNet.dll
Symbol file LoadedFromMemory is not a mono symbol file
Symbol file LoadedFromMemory doesn't match image C:\Users\Benjy\Documents\Unity\Suburb\Library\PackageCache\com.unity.visualscripting@1.7.6\Editor\VisualScripting.Core\Dependencies\DotNetZip\Unity.VisualScripting.IonicZip.dll
Native extension for UWP target not found
Native extension for WindowsStandalone target not found
Native extension for Android target not found
Native extension for WebGL target not found
Refreshing native plugins compatible for Editor in 0.64 ms, found 5 plugins.
Preloading 0 native plugins for Editor in 0.00 ms.
Mono: successfully reloaded assembly
- Completed reload, in  0.718 seconds
Domain Reload Profiling:
	ReloadAssembly (719ms)
		BeginReloadAssembly (102ms)
			ExecutionOrderSort (0ms)
			DisableScriptedObjects (5ms)
			BackupInstance (0ms)
			ReleaseScriptingObjects (0ms)
			CreateAndSetChildDomain (27ms)
		EndReloadAssembly (540ms)
			LoadAssemblies (64ms)
			RebuildTransferFunctionScriptingTraits (0ms)
			SetupTypeCache (165ms)
			ReleaseScriptCaches (1ms)
			RebuildScriptCaches (29ms)
			SetupLoadedEditorAssemblies (248ms)
				LogAssemblyErrors (0ms)
				InitializePlatformSupportModulesInManaged (22ms)
				SetLoadedEditorAssemblies (0ms)
				RefreshPlugins (1ms)
				BeforeProcessingInitializeOnLoad (53ms)
				ProcessInitializeOnLoadAttributes (149ms)
				ProcessInitializeOnLoadMethodAttributes (16ms)
				AfterProcessingInitializeOnLoad (7ms)
				EditorAssembliesLoaded (0ms)
			ExecutionOrderSort2 (0ms)
			AwakeInstancesAfterBackupRestoration (4ms)
Platform modules already initialized, skipping
Refreshing native plugins compatible for Editor in 1.80 ms, found 5 plugins.
Preloading 0 native plugins for Editor in 0.00 ms.
Unloading 3236 Unused Serialized files (Serialized files now loaded: 0)
Unloading 18 unused Assets / (83.4 KB). Loaded Objects now: 3790.
Memory consumption went from 138.4 MB to 138.3 MB.
Total: 2.226200 ms (FindLiveObjects: 0.206300 ms CreateObjectMapping: 0.108600 ms MarkObjects: 1.819600 ms  DeleteObjects: 0.090800 ms)

AssetImportParameters requested are different than current active one (requested -> active):
  custom:video-decoder-ogg-theora: a1e56fd34408186e4bbccfd4996cb3dc -> 
  custom:container-muxer-webm: aa71ff27fc2769a1b78a27578f13a17b -> 
  custom:container-demuxer-webm: 4f35f7cbe854078d1ac9338744f61a02 -> 
  custom:video-encoder-webm-vp8: eb34c28f22e8b96e1ab97ce403110664 -> 
  custom:video-codec-MediaFoundation-h265: 746d11721c4dcdbdad8f713fa42b33f4 -> 
  custom:audio-encoder-webm-vorbis: bf7c407c2cedff20999df2af8eb42d56 -> 
  custom:framework-win-MediaFoundation: 216162199b28c13a410421893ffa2e32 -> 
  custom:container-demuxer-ogg: 62fdf1f143b41e24485cea50d1cbac27 -> 
  custom:video-decoder-webm-vp8: 9c59270c3fd7afecdb556c50c9e8de78 -> 
  custom:audio-decoder-ogg-vorbis: bf7c407c2cedff20999df2af8eb42d56 -> 
========================================================================
Received Import Request.
  Time since last request: 790.058021 seconds.
  path: Assets/Music/SquareDrop SFX 1.wav
  artifactKey: Guid(8d4ad76abffe5f642b830814cb20a66d) Importer(815301076,1909f56bfc062723c751e8b465ee728b)
Start importing Assets/Music/SquareDrop SFX 1.wav using Guid(8d4ad76abffe5f642b830814cb20a66d) Importer(815301076,1909f56bfc062723c751e8b465ee728b)  -> (artifact id: '0e840a810627cb2a8a7a52d5ea40aac7') in 0.078720 seconds 
========================================================================
Received Import Request.
  Time since last request: 0.000023 seconds.
  path: Assets/Music/SquareDrop Victory.wav
  artifactKey: Guid(36a2c8ddf8046624db5d3b32cf90593e) Importer(815301076,1909f56bfc062723c751e8b465ee728b)
Start importing Assets/Music/SquareDrop Victory.wav using Guid(36a2c8ddf8046624db5d3b32cf90593e) Importer(815301076,1909f56bfc062723c751e8b465ee728b)  -> (artifact id: 'd61364d1476e6989c9fe264647c543ec') in 0.011113 seconds 
========================================================================
Received Import Request.
  Time since last request: 0.000022 seconds.
  path: Assets/Music/TechnoloShe.mp3
  artifactKey: Guid(21b0b632e1aa9794fa4e3ef1f7381502) Importer(815301076,1909f56bfc062723c751e8b465ee728b)
Start importing Assets/Music/TechnoloShe.mp3 using Guid(21b0b632e1aa9794fa4e3ef1f7381502) Importer(815301076,1909f56bfc062723c751e8b465ee728b)  -> (artifact id: '16b75839dad5457311f88447846cbe33') in 0.019366 seconds 
Editor requested this worker to shutdown with reason: Scaling down because of idle timeout
AssetImportWorker is now disconnected from the server
Process exiting
Exiting without the bug reporter. Application will terminate with return code 0