Using pre-set license
Built from '2021.2/staging' branch; Version is '2021.2.19f1 (602ecdbb2fb0) revision 6303437'; Using compiler version '192829333'; Build Type 'Release'
OS: 'Windows 10  (10.0.19043) 64bit Professional' Language: 'en' Physical Memory: 32694 MB
BatchMode: 1, IsHumanControllingUs: 0, StartBugReporterOnCrash: 0, Is64bit: 1, IsPro: 1

COMMAND LINE ARGUMENTS:
C:\Program Files\Unity\Hub\Editor\2021.2.19f1\Editor\Unity.exe
-adb2
-batchMode
-noUpm
-name
AssetImportWorker1
-projectPath
C:/Users/Benjy/Documents/Unity/Suburb
-logFile
Logs/AssetImportWorker1.log
-srvPort
57998
Successfully changed project path to: C:/Users/Benjy/Documents/Unity/Suburb
C:/Users/Benjy/Documents/Unity/Suburb
[UnityMemory] Configuration Parameters - Can be set up in boot.config
    "memorysetup-bucket-allocator-granularity=16"
    "memorysetup-bucket-allocator-bucket-count=8"
    "memorysetup-bucket-allocator-block-size=33554432"
    "memorysetup-bucket-allocator-block-count=8"
    "memorysetup-main-allocator-block-size=16777216"
    "memorysetup-thread-allocator-block-size=16777216"
    "memorysetup-gfx-main-allocator-block-size=16777216"
    "memorysetup-gfx-thread-allocator-block-size=16777216"
    "memorysetup-cache-allocator-block-size=4194304"
    "memorysetup-typetree-allocator-block-size=2097152"
    "memorysetup-profiler-bucket-allocator-granularity=16"
    "memorysetup-profiler-bucket-allocator-bucket-count=8"
    "memorysetup-profiler-bucket-allocator-block-size=33554432"
    "memorysetup-profiler-bucket-allocator-block-count=8"
    "memorysetup-profiler-allocator-block-size=16777216"
    "memorysetup-profiler-editor-allocator-block-size=1048576"
    "memorysetup-temp-allocator-size-main=16777216"
    "memorysetup-job-temp-allocator-block-size=2097152"
    "memorysetup-job-temp-allocator-block-size-background=1048576"
    "memorysetup-job-temp-allocator-reduction-small-platforms=262144"
    "memorysetup-temp-allocator-size-background-worker=32768"
    "memorysetup-temp-allocator-size-job-worker=262144"
    "memorysetup-temp-allocator-size-preload-manager=33554432"
    "memorysetup-temp-allocator-size-nav-mesh-worker=65536"
    "memorysetup-temp-allocator-size-audio-worker=65536"
    "memorysetup-temp-allocator-size-cloud-worker=32768"
    "memorysetup-temp-allocator-size-gi-baking-worker=262144"
    "memorysetup-temp-allocator-size-gfx=262144"
Refreshing native plugins compatible for Editor in 73.18 ms, found 5 plugins.
Preloading 0 native plugins for Editor in 0.00 ms.
Initialize engine version: 2021.2.19f1 (602ecdbb2fb0)
[Subsystems] Discovering subsystems at path C:/Program Files/Unity/Hub/Editor/2021.2.19f1/Editor/Data/Resources/UnitySubsystems
[Subsystems] Discovering subsystems at path C:/Users/Benjy/Documents/Unity/Suburb/Assets
GfxDevice: creating device client; threaded=0; jobified=0
Direct3D:
    Version:  Direct3D 11.0 [level 11.1]
    Renderer: NVIDIA GeForce RTX 3060 (ID=0x2487)
    Vendor:   NVIDIA
    VRAM:     12137 MB
    Driver:   31.0.15.1640
Initialize mono
Mono path[0] = 'C:/Program Files/Unity/Hub/Editor/2021.2.19f1/Editor/Data/Managed'
Mono path[1] = 'C:/Program Files/Unity/Hub/Editor/2021.2.19f1/Editor/Data/MonoBleedingEdge/lib/mono/unityjit-win32'
Mono config path = 'C:/Program Files/Unity/Hub/Editor/2021.2.19f1/Editor/Data/MonoBleedingEdge/etc'
Using monoOptions --debugger-agent=transport=dt_socket,embedding=1,server=y,suspend=n,address=127.0.0.1:56652
Begin MonoManager ReloadAssembly
Registering precompiled unity dll's ...
Register platform support module: C:/Program Files/Unity/Hub/Editor/2021.2.19f1/Editor/Data/PlaybackEngines/WebGLSupport/UnityEditor.WebGL.Extensions.dll
Register platform support module: C:/Program Files/Unity/Hub/Editor/2021.2.19f1/Editor/Data/PlaybackEngines/AndroidPlayer/UnityEditor.Android.Extensions.dll
Register platform support module: C:/Program Files/Unity/Hub/Editor/2021.2.19f1/Editor/Data/PlaybackEngines/WindowsStandaloneSupport/UnityEditor.WindowsStandalone.Extensions.dll
Register platform support module: C:/Program Files/Unity/Hub/Editor/2021.2.19f1/Editor/Data/PlaybackEngines/MetroSupport/UnityEditor.UWP.Extensions.dll
Registered in 0.008527 seconds.
Native extension for UWP target not found
Native extension for WindowsStandalone target not found
Native extension for Android target not found
Native extension for WebGL target not found
Refreshing native plugins compatible for Editor in 64.34 ms, found 5 plugins.
Preloading 0 native plugins for Editor in 0.00 ms.
Mono: successfully reloaded assembly
- Completed reload, in  0.495 seconds
Domain Reload Profiling:
	ReloadAssembly (495ms)
		BeginReloadAssembly (55ms)
			ExecutionOrderSort (0ms)
			DisableScriptedObjects (0ms)
			BackupInstance (0ms)
			ReleaseScriptingObjects (0ms)
			CreateAndSetChildDomain (0ms)
		EndReloadAssembly (352ms)
			LoadAssemblies (53ms)
			RebuildTransferFunctionScriptingTraits (0ms)
			SetupTypeCache (83ms)
			ReleaseScriptCaches (0ms)
			RebuildScriptCaches (18ms)
			SetupLoadedEditorAssemblies (213ms)
				LogAssemblyErrors (0ms)
				InitializePlatformSupportModulesInManaged (44ms)
				SetLoadedEditorAssemblies (0ms)
				RefreshPlugins (64ms)
				BeforeProcessingInitializeOnLoad (1ms)
				ProcessInitializeOnLoadAttributes (73ms)
				ProcessInitializeOnLoadMethodAttributes (30ms)
				AfterProcessingInitializeOnLoad (0ms)
				EditorAssembliesLoaded (0ms)
			ExecutionOrderSort2 (0ms)
			AwakeInstancesAfterBackupRestoration (0ms)
Platform modules already initialized, skipping
Registering precompiled user dll's ...
Registered in 0.004045 seconds.
Android Extension - Scanning For ADB Devices 646 ms
Begin MonoManager ReloadAssembly
Symbol file LoadedFromMemory doesn't match image C:\Users\Benjy\Documents\Unity\Suburb\Library\PackageCache\com.unity.visualscripting@1.7.6\Editor\VisualScripting.Core\Dependencies\YamlDotNet\Unity.VisualScripting.YamlDotNet.dll
Symbol file LoadedFromMemory is not a mono symbol file
Symbol file LoadedFromMemory doesn't match image C:\Users\Benjy\Documents\Unity\Suburb\Library\PackageCache\com.unity.visualscripting@1.7.6\Editor\VisualScripting.Core\Dependencies\DotNetZip\Unity.VisualScripting.IonicZip.dll
Native extension for UWP target not found
Native extension for WindowsStandalone target not found
Native extension for Android target not found
Native extension for WebGL target not found
Refreshing native plugins compatible for Editor in 0.44 ms, found 5 plugins.
Preloading 0 native plugins for Editor in 0.00 ms.
Mono: successfully reloaded assembly
- Completed reload, in  0.749 seconds
Domain Reload Profiling:
	ReloadAssembly (750ms)
		BeginReloadAssembly (85ms)
			ExecutionOrderSort (0ms)
			DisableScriptedObjects (4ms)
			BackupInstance (0ms)
			ReleaseScriptingObjects (0ms)
			CreateAndSetChildDomain (16ms)
		EndReloadAssembly (578ms)
			LoadAssemblies (69ms)
			RebuildTransferFunctionScriptingTraits (0ms)
			SetupTypeCache (181ms)
			ReleaseScriptCaches (0ms)
			RebuildScriptCaches (35ms)
			SetupLoadedEditorAssemblies (268ms)
				LogAssemblyErrors (0ms)
				InitializePlatformSupportModulesInManaged (14ms)
				SetLoadedEditorAssemblies (0ms)
				RefreshPlugins (0ms)
				BeforeProcessingInitializeOnLoad (67ms)
				ProcessInitializeOnLoadAttributes (163ms)
				ProcessInitializeOnLoadMethodAttributes (17ms)
				AfterProcessingInitializeOnLoad (6ms)
				EditorAssembliesLoaded (0ms)
			ExecutionOrderSort2 (0ms)
			AwakeInstancesAfterBackupRestoration (4ms)
Platform modules already initialized, skipping
========================================================================
Worker process is ready to serve import requests
Launched and connected shader compiler UnityShaderCompiler.exe after 0.03 seconds
Refreshing native plugins compatible for Editor in 0.65 ms, found 5 plugins.
Preloading 0 native plugins for Editor in 0.00 ms.
Unloading 3254 Unused Serialized files (Serialized files now loaded: 0)
Unloading 25 unused Assets / (113.8 KB). Loaded Objects now: 3749.
Memory consumption went from 135.3 MB to 135.2 MB.
Total: 2.564500 ms (FindLiveObjects: 0.212400 ms CreateObjectMapping: 0.128100 ms MarkObjects: 2.110400 ms  DeleteObjects: 0.113100 ms)

AssetImportParameters requested are different than current active one (requested -> active):
  custom:video-decoder-ogg-theora: a1e56fd34408186e4bbccfd4996cb3dc -> 
  custom:container-muxer-webm: aa71ff27fc2769a1b78a27578f13a17b -> 
  custom:container-demuxer-webm: 4f35f7cbe854078d1ac9338744f61a02 -> 
  custom:video-encoder-webm-vp8: eb34c28f22e8b96e1ab97ce403110664 -> 
  custom:video-codec-MediaFoundation-h265: 746d11721c4dcdbdad8f713fa42b33f4 -> 
  custom:audio-encoder-webm-vorbis: bf7c407c2cedff20999df2af8eb42d56 -> 
  custom:framework-win-MediaFoundation: 216162199b28c13a410421893ffa2e32 -> 
  custom:container-demuxer-ogg: 62fdf1f143b41e24485cea50d1cbac27 -> 
  custom:video-decoder-webm-vp8: 9c59270c3fd7afecdb556c50c9e8de78 -> 
  custom:audio-decoder-ogg-vorbis: bf7c407c2cedff20999df2af8eb42d56 -> 
========================================================================
Received Import Request.
  Time since last request: 100281.310494 seconds.
  path: Assets/Music/Soundtrack_Loops_Industrial_Complex_SFX_WAV/One-shots/SL Foley Metallic Hit Sfx Plasma Cutting (Side Movement).wav
  artifactKey: Guid(3bf8264cc79f52c4bb267dfabf65e7f9) Importer(815301076,1909f56bfc062723c751e8b465ee728b)
Start importing Assets/Music/Soundtrack_Loops_Industrial_Complex_SFX_WAV/One-shots/SL Foley Metallic Hit Sfx Plasma Cutting (Side Movement).wav using Guid(3bf8264cc79f52c4bb267dfabf65e7f9) Importer(815301076,1909f56bfc062723c751e8b465ee728b)  -> (artifact id: '7ba06de2b3cdc25c2803b218ff936eba') in 0.097436 seconds 
========================================================================
Received Import Request.
  Time since last request: 0.000016 seconds.
  path: Assets/Music/Soundtrack_Loops_Industrial_Complex_SFX_WAV/One-shots/SL Foley Metallic Hit Sfx Mini Rotary Drill.wav
  artifactKey: Guid(45356687d66eb614483e2add69348e12) Importer(815301076,1909f56bfc062723c751e8b465ee728b)
Start importing Assets/Music/Soundtrack_Loops_Industrial_Complex_SFX_WAV/One-shots/SL Foley Metallic Hit Sfx Mini Rotary Drill.wav using Guid(45356687d66eb614483e2add69348e12) Importer(815301076,1909f56bfc062723c751e8b465ee728b)  -> (artifact id: '1de61c91408600071ae3618c4e674b9f') in 0.013237 seconds 
========================================================================
Received Import Request.
  Time since last request: 0.000017 seconds.
  path: Assets/Music/Soundtrack_Loops_Industrial_Complex_SFX_WAV/One-shots/SL Foley Metallic Hit Sfx Mild Steel Tube.wav
  artifactKey: Guid(454443887a5e5924fac3abb69ca1d1f5) Importer(815301076,1909f56bfc062723c751e8b465ee728b)
Start importing Assets/Music/Soundtrack_Loops_Industrial_Complex_SFX_WAV/One-shots/SL Foley Metallic Hit Sfx Mild Steel Tube.wav using Guid(454443887a5e5924fac3abb69ca1d1f5) Importer(815301076,1909f56bfc062723c751e8b465ee728b)  -> (artifact id: '1fb53f696ad14200edc4ea47ac047d8b') in 0.009151 seconds 
========================================================================
Received Import Request.
  Time since last request: 0.000016 seconds.
  path: Assets/Music/Soundtrack_Loops_Industrial_Complex_SFX_WAV/One-shots/SL Foley Metallic Hit Sfx Gas Tank 1.wav
  artifactKey: Guid(e5e045acd70a03e4db4e9bd7b239f414) Importer(815301076,1909f56bfc062723c751e8b465ee728b)
Start importing Assets/Music/Soundtrack_Loops_Industrial_Complex_SFX_WAV/One-shots/SL Foley Metallic Hit Sfx Gas Tank 1.wav using Guid(e5e045acd70a03e4db4e9bd7b239f414) Importer(815301076,1909f56bfc062723c751e8b465ee728b)  -> (artifact id: '1efd5b615dea455b811712f05cd65e5e') in 0.009271 seconds 
========================================================================
Received Import Request.
  Time since last request: 0.000018 seconds.
  path: Assets/Music/Soundtrack_Loops_Industrial_Complex_SFX_WAV/One-shots/SL Foley Metallic Hit Sfx Flexometer.wav
  artifactKey: Guid(da90b9b0ec7839641a57fd489283b112) Importer(815301076,1909f56bfc062723c751e8b465ee728b)
Start importing Assets/Music/Soundtrack_Loops_Industrial_Complex_SFX_WAV/One-shots/SL Foley Metallic Hit Sfx Flexometer.wav using Guid(da90b9b0ec7839641a57fd489283b112) Importer(815301076,1909f56bfc062723c751e8b465ee728b)  -> (artifact id: '8f07ed6f18ce6097555eddbaf73f583c') in 0.008721 seconds 
========================================================================
Received Import Request.
  Time since last request: 0.000015 seconds.
  path: Assets/Music/Soundtrack_Loops_Industrial_Complex_SFX_WAV/One-shots/SL Foley Metallic Hit Sfx Hydraulic Sheet Bending (Up).wav
  artifactKey: Guid(b0ffbc954d3474945b3515d8d1ff1653) Importer(815301076,1909f56bfc062723c751e8b465ee728b)
Start importing Assets/Music/Soundtrack_Loops_Industrial_Complex_SFX_WAV/One-shots/SL Foley Metallic Hit Sfx Hydraulic Sheet Bending (Up).wav using Guid(b0ffbc954d3474945b3515d8d1ff1653) Importer(815301076,1909f56bfc062723c751e8b465ee728b)  -> (artifact id: '17b463d7a39eb08d51a07a6454147c6a') in 0.009764 seconds 
========================================================================
Received Import Request.
  Time since last request: 0.000012 seconds.
  path: Assets/Music/Soundtrack_Loops_Industrial_Complex_SFX_WAV/One-shots/SL Foley Metallic Hit Sfx Wire Mesh 1.wav
  artifactKey: Guid(b9b1c5bc2cdd5ed48a094ad7912b816d) Importer(815301076,1909f56bfc062723c751e8b465ee728b)
Start importing Assets/Music/Soundtrack_Loops_Industrial_Complex_SFX_WAV/One-shots/SL Foley Metallic Hit Sfx Wire Mesh 1.wav using Guid(b9b1c5bc2cdd5ed48a094ad7912b816d) Importer(815301076,1909f56bfc062723c751e8b465ee728b)  -> (artifact id: 'ef4837017a503b395b7de54c4035e28e') in 0.009963 seconds 
========================================================================
Received Import Request.
  Time since last request: 0.000017 seconds.
  path: Assets/Music/Soundtrack_Loops_Industrial_Complex_SFX_WAV/One-shots/SL Foley Metallic Hit Sfx Iron Square Tube 3.wav
  artifactKey: Guid(cc6be7a9c53e37f41981963d7df9495e) Importer(815301076,1909f56bfc062723c751e8b465ee728b)
Start importing Assets/Music/Soundtrack_Loops_Industrial_Complex_SFX_WAV/One-shots/SL Foley Metallic Hit Sfx Iron Square Tube 3.wav using Guid(cc6be7a9c53e37f41981963d7df9495e) Importer(815301076,1909f56bfc062723c751e8b465ee728b)  -> (artifact id: '55c84323d7baccfb105130f0fa849e45') in 0.008837 seconds 
========================================================================
Received Import Request.
  Time since last request: 0.000015 seconds.
  path: Assets/Music/Soundtrack_Loops_Industrial_Complex_SFX_WAV/One-shots/SL Foley Metallic Hit Sfx Plasma Cutting (Frontal Movement).wav
  artifactKey: Guid(c29091d153adb9640a72c7544f9d3c8e) Importer(815301076,1909f56bfc062723c751e8b465ee728b)
Start importing Assets/Music/Soundtrack_Loops_Industrial_Complex_SFX_WAV/One-shots/SL Foley Metallic Hit Sfx Plasma Cutting (Frontal Movement).wav using Guid(c29091d153adb9640a72c7544f9d3c8e) Importer(815301076,1909f56bfc062723c751e8b465ee728b)  -> (artifact id: '0232cb1f1e507fcfa92bf3ffc7bcc0fe') in 0.010459 seconds 
========================================================================
Received Import Request.
  Time since last request: 0.000016 seconds.
  path: Assets/Music/Soundtrack_Loops_Industrial_Complex_SFX_WAV/One-shots/SL Foley Metallic Hit Sfx Hydraulic Door (Closing).wav
  artifactKey: Guid(0019c17a69d926a42b58d25efa7c7cc0) Importer(815301076,1909f56bfc062723c751e8b465ee728b)
Start importing Assets/Music/Soundtrack_Loops_Industrial_Complex_SFX_WAV/One-shots/SL Foley Metallic Hit Sfx Hydraulic Door (Closing).wav using Guid(0019c17a69d926a42b58d25efa7c7cc0) Importer(815301076,1909f56bfc062723c751e8b465ee728b)  -> (artifact id: 'ca8260d801b63d3720725338d4c60255') in 0.009087 seconds 
========================================================================
Received Import Request.
  Time since last request: 0.000021 seconds.
  path: Assets/Music/Soundtrack_Loops_Industrial_Complex_SFX_WAV/One-shots/SL Foley Metallic Hit Sfx Hammer Hit On Metal 1.wav
  artifactKey: Guid(1ded51ba3464972428f5950d913250d3) Importer(815301076,1909f56bfc062723c751e8b465ee728b)
Start importing Assets/Music/Soundtrack_Loops_Industrial_Complex_SFX_WAV/One-shots/SL Foley Metallic Hit Sfx Hammer Hit On Metal 1.wav using Guid(1ded51ba3464972428f5950d913250d3) Importer(815301076,1909f56bfc062723c751e8b465ee728b)  -> (artifact id: 'f3f8505f5808c2cb17d1936659bb7e23') in 0.009580 seconds 
========================================================================
Received Import Request.
  Time since last request: 0.000017 seconds.
  path: Assets/Music/Soundtrack_Loops_Industrial_Complex_SFX_WAV/One-shots/SL Foley Metallic Hit Sfx Metal Sheets (Small) 1.wav
  artifactKey: Guid(cc36cf1cc0b257a44972567ec9935f11) Importer(815301076,1909f56bfc062723c751e8b465ee728b)
Start importing Assets/Music/Soundtrack_Loops_Industrial_Complex_SFX_WAV/One-shots/SL Foley Metallic Hit Sfx Metal Sheets (Small) 1.wav using Guid(cc36cf1cc0b257a44972567ec9935f11) Importer(815301076,1909f56bfc062723c751e8b465ee728b)  -> (artifact id: '01fd7d7189b705e843ec45c233ca3e7f') in 0.009480 seconds 
========================================================================
Received Import Request.
  Time since last request: 0.000016 seconds.
  path: Assets/Music/Soundtrack_Loops_Industrial_Complex_SFX_WAV/One-shots/SL Foley Metallic Hit Sfx Aluminium Sliding Ladder.wav
  artifactKey: Guid(29272f472c4e04a4dab2056c557e4a43) Importer(815301076,1909f56bfc062723c751e8b465ee728b)
Start importing Assets/Music/Soundtrack_Loops_Industrial_Complex_SFX_WAV/One-shots/SL Foley Metallic Hit Sfx Aluminium Sliding Ladder.wav using Guid(29272f472c4e04a4dab2056c557e4a43) Importer(815301076,1909f56bfc062723c751e8b465ee728b)  -> (artifact id: 'a911cae64dc51ab40cb0f4c4c4577ed5') in 0.009465 seconds 
========================================================================
Received Import Request.
  Time since last request: 0.000015 seconds.
  path: Assets/Music/Soundtrack_Loops_Industrial_Complex_SFX_WAV/One-shots/SL Foley Metallic Hit Sfx Air Compressor (Turning Off).wav
  artifactKey: Guid(b365d1aa98f6eac4893af51d91aa4bf6) Importer(815301076,1909f56bfc062723c751e8b465ee728b)
Start importing Assets/Music/Soundtrack_Loops_Industrial_Complex_SFX_WAV/One-shots/SL Foley Metallic Hit Sfx Air Compressor (Turning Off).wav using Guid(b365d1aa98f6eac4893af51d91aa4bf6) Importer(815301076,1909f56bfc062723c751e8b465ee728b)  -> (artifact id: 'd8bb6430bebd5e4c907f75fba3813148') in 0.009892 seconds 
========================================================================
Received Import Request.
  Time since last request: 0.000013 seconds.
  path: Assets/Music/Soundtrack_Loops_Industrial_Complex_SFX_WAV/One-shots/SL Foley Metallic Hit Sfx Switch 1.wav
  artifactKey: Guid(7035b78aba138fb41aef86ab34c0e7de) Importer(815301076,1909f56bfc062723c751e8b465ee728b)
Start importing Assets/Music/Soundtrack_Loops_Industrial_Complex_SFX_WAV/One-shots/SL Foley Metallic Hit Sfx Switch 1.wav using Guid(7035b78aba138fb41aef86ab34c0e7de) Importer(815301076,1909f56bfc062723c751e8b465ee728b)  -> (artifact id: 'f8b7f8badbdf34d2605ec9f9739d579b') in 0.010368 seconds 
========================================================================
Received Import Request.
  Time since last request: 0.000013 seconds.
  path: Assets/Music/Soundtrack_Loops_Industrial_Complex_SFX_WAV/One-shots/SL Foley Metallic Hit Sfx Chain Pulley.wav
  artifactKey: Guid(61914af55ccaeb24e92bdcc6f4aa6cf2) Importer(815301076,1909f56bfc062723c751e8b465ee728b)
Start importing Assets/Music/Soundtrack_Loops_Industrial_Complex_SFX_WAV/One-shots/SL Foley Metallic Hit Sfx Chain Pulley.wav using Guid(61914af55ccaeb24e92bdcc6f4aa6cf2) Importer(815301076,1909f56bfc062723c751e8b465ee728b)  -> (artifact id: '4bf4a49f302b546a21169750acd24d67') in 0.009540 seconds 
========================================================================
Received Import Request.
  Time since last request: 0.000013 seconds.
  path: Assets/Music/Soundtrack_Loops_Industrial_Complex_SFX_WAV/One-shots/SL Foley Metallic Hit Sfx Metal Sheets (Small) 2.wav
  artifactKey: Guid(b673ff24948d5804091ec65f8eb911fb) Importer(815301076,1909f56bfc062723c751e8b465ee728b)
Start importing Assets/Music/Soundtrack_Loops_Industrial_Complex_SFX_WAV/One-shots/SL Foley Metallic Hit Sfx Metal Sheets (Small) 2.wav using Guid(b673ff24948d5804091ec65f8eb911fb) Importer(815301076,1909f56bfc062723c751e8b465ee728b)  -> (artifact id: 'a9cdad2097619f9681ba9851390148c9') in 0.009672 seconds 
========================================================================
Received Import Request.
  Time since last request: 0.000014 seconds.
  path: Assets/Music/Soundtrack_Loops_Industrial_Complex_SFX_WAV/One-shots/SL Foley Metallic Hit Sfx Gas Tank 2.wav
  artifactKey: Guid(87bb97974f1b04945a19281551c33ec2) Importer(815301076,1909f56bfc062723c751e8b465ee728b)
Start importing Assets/Music/Soundtrack_Loops_Industrial_Complex_SFX_WAV/One-shots/SL Foley Metallic Hit Sfx Gas Tank 2.wav using Guid(87bb97974f1b04945a19281551c33ec2) Importer(815301076,1909f56bfc062723c751e8b465ee728b)  -> (artifact id: '956e47c9b0f0a16c4f1a9736beb1d0c6') in 0.010247 seconds 
========================================================================
Received Import Request.
  Time since last request: 0.000013 seconds.
  path: Assets/Music/Soundtrack_Loops_Industrial_Complex_SFX_WAV/One-shots/SL Foley Metallic Hit Sfx Heavy Air Compressor (Working).wav
  artifactKey: Guid(1c2499cccb4e636488930d1d8dc9ade8) Importer(815301076,1909f56bfc062723c751e8b465ee728b)
Start importing Assets/Music/Soundtrack_Loops_Industrial_Complex_SFX_WAV/One-shots/SL Foley Metallic Hit Sfx Heavy Air Compressor (Working).wav using Guid(1c2499cccb4e636488930d1d8dc9ade8) Importer(815301076,1909f56bfc062723c751e8b465ee728b)  -> (artifact id: 'ad0268090b07d09044a6bc051d5f4490') in 0.010379 seconds 
========================================================================
Received Import Request.
  Time since last request: 0.000014 seconds.
  path: Assets/Music/Soundtrack_Loops_Industrial_Complex_SFX_WAV/One-shots/SL Foley Metallic Hit Sfx Iron Square Tube 2.wav
  artifactKey: Guid(8337030da4856d045a4028fdce343985) Importer(815301076,1909f56bfc062723c751e8b465ee728b)
Start importing Assets/Music/Soundtrack_Loops_Industrial_Complex_SFX_WAV/One-shots/SL Foley Metallic Hit Sfx Iron Square Tube 2.wav using Guid(8337030da4856d045a4028fdce343985) Importer(815301076,1909f56bfc062723c751e8b465ee728b)  -> (artifact id: 'ed214e3f9da3ae538c41c373858a001a') in 0.010871 seconds 
========================================================================
Received Import Request.
  Time since last request: 0.000014 seconds.
  path: Assets/Music/Soundtrack_Loops_Industrial_Complex_SFX_WAV/One-shots/SL Foley Metallic Hit Sfx Air Extractor (Side).wav
  artifactKey: Guid(6d4609b6ffe8a83418ce3faa7511ad62) Importer(815301076,1909f56bfc062723c751e8b465ee728b)
Start importing Assets/Music/Soundtrack_Loops_Industrial_Complex_SFX_WAV/One-shots/SL Foley Metallic Hit Sfx Air Extractor (Side).wav using Guid(6d4609b6ffe8a83418ce3faa7511ad62) Importer(815301076,1909f56bfc062723c751e8b465ee728b)  -> (artifact id: '43b8cc5254d8a7ff103ec7bb607ca57e') in 0.009248 seconds 
========================================================================
Received Import Request.
  Time since last request: 0.000015 seconds.
  path: Assets/Music/Soundtrack_Loops_Industrial_Complex_SFX_WAV/One-shots/SL Foley Metallic Hit Sfx Helmets.wav
  artifactKey: Guid(f5b28334939036342a485c3ddec44031) Importer(815301076,1909f56bfc062723c751e8b465ee728b)
Start importing Assets/Music/Soundtrack_Loops_Industrial_Complex_SFX_WAV/One-shots/SL Foley Metallic Hit Sfx Helmets.wav using Guid(f5b28334939036342a485c3ddec44031) Importer(815301076,1909f56bfc062723c751e8b465ee728b)  -> (artifact id: 'ab6fa17c093060e80c1e1170ed182f40') in 0.009522 seconds 
========================================================================
Received Import Request.
  Time since last request: 0.000018 seconds.
  path: Assets/Music/Soundtrack_Loops_Industrial_Complex_SFX_WAV/One-shots/SL Foley Metallic Hit Sfx Heavy Mechanism (Hit).wav
  artifactKey: Guid(5b2d84d0c29eb4442b93508c34a7b79f) Importer(815301076,1909f56bfc062723c751e8b465ee728b)
Start importing Assets/Music/Soundtrack_Loops_Industrial_Complex_SFX_WAV/One-shots/SL Foley Metallic Hit Sfx Heavy Mechanism (Hit).wav using Guid(5b2d84d0c29eb4442b93508c34a7b79f) Importer(815301076,1909f56bfc062723c751e8b465ee728b)  -> (artifact id: '996164d2eb5afd3f8ed9c43f9da23a01') in 0.008301 seconds 
Editor requested this worker to shutdown with reason: Scaling down because of idle timeout
AssetImportWorker is now disconnected from the server
Process exiting
Exiting without the bug reporter. Application will terminate with return code 0