Using pre-set license
Built from '2021.2/staging' branch; Version is '2021.2.19f1 (602ecdbb2fb0) revision 6303437'; Using compiler version '192829333'; Build Type 'Release'
OS: 'Windows 10  (10.0.19043) 64bit Professional' Language: 'en' Physical Memory: 32694 MB
BatchMode: 1, IsHumanControllingUs: 0, StartBugReporterOnCrash: 0, Is64bit: 1, IsPro: 1

COMMAND LINE ARGUMENTS:
C:\Program Files\Unity\Hub\Editor\2021.2.19f1\Editor\Unity.exe
-adb2
-batchMode
-noUpm
-name
AssetImportWorker4
-projectPath
C:/Users/Benjy/Documents/Unity/Suburb
-logFile
Logs/AssetImportWorker4.log
-srvPort
62827
Successfully changed project path to: C:/Users/Benjy/Documents/Unity/Suburb
C:/Users/Benjy/Documents/Unity/Suburb
[UnityMemory] Configuration Parameters - Can be set up in boot.config
    "memorysetup-bucket-allocator-granularity=16"
    "memorysetup-bucket-allocator-bucket-count=8"
    "memorysetup-bucket-allocator-block-size=33554432"
    "memorysetup-bucket-allocator-block-count=8"
    "memorysetup-main-allocator-block-size=16777216"
    "memorysetup-thread-allocator-block-size=16777216"
    "memorysetup-gfx-main-allocator-block-size=16777216"
    "memorysetup-gfx-thread-allocator-block-size=16777216"
    "memorysetup-cache-allocator-block-size=4194304"
    "memorysetup-typetree-allocator-block-size=2097152"
    "memorysetup-profiler-bucket-allocator-granularity=16"
    "memorysetup-profiler-bucket-allocator-bucket-count=8"
    "memorysetup-profiler-bucket-allocator-block-size=33554432"
    "memorysetup-profiler-bucket-allocator-block-count=8"
    "memorysetup-profiler-allocator-block-size=16777216"
    "memorysetup-profiler-editor-allocator-block-size=1048576"
    "memorysetup-temp-allocator-size-main=16777216"
    "memorysetup-job-temp-allocator-block-size=2097152"
    "memorysetup-job-temp-allocator-block-size-background=1048576"
    "memorysetup-job-temp-allocator-reduction-small-platforms=262144"
    "memorysetup-temp-allocator-size-background-worker=32768"
    "memorysetup-temp-allocator-size-job-worker=262144"
    "memorysetup-temp-allocator-size-preload-manager=33554432"
    "memorysetup-temp-allocator-size-nav-mesh-worker=65536"
    "memorysetup-temp-allocator-size-audio-worker=65536"
    "memorysetup-temp-allocator-size-cloud-worker=32768"
    "memorysetup-temp-allocator-size-gi-baking-worker=262144"
    "memorysetup-temp-allocator-size-gfx=262144"
Refreshing native plugins compatible for Editor in 76.09 ms, found 5 plugins.
Preloading 0 native plugins for Editor in 0.00 ms.
Initialize engine version: 2021.2.19f1 (602ecdbb2fb0)
[Subsystems] Discovering subsystems at path C:/Program Files/Unity/Hub/Editor/2021.2.19f1/Editor/Data/Resources/UnitySubsystems
[Subsystems] Discovering subsystems at path C:/Users/Benjy/Documents/Unity/Suburb/Assets
GfxDevice: creating device client; threaded=0; jobified=0
Direct3D:
    Version:  Direct3D 11.0 [level 11.1]
    Renderer: NVIDIA GeForce RTX 3060 (ID=0x2487)
    Vendor:   NVIDIA
    VRAM:     12137 MB
    Driver:   31.0.15.1659
Initialize mono
Mono path[0] = 'C:/Program Files/Unity/Hub/Editor/2021.2.19f1/Editor/Data/Managed'
Mono path[1] = 'C:/Program Files/Unity/Hub/Editor/2021.2.19f1/Editor/Data/MonoBleedingEdge/lib/mono/unityjit-win32'
Mono config path = 'C:/Program Files/Unity/Hub/Editor/2021.2.19f1/Editor/Data/MonoBleedingEdge/etc'
Using monoOptions --debugger-agent=transport=dt_socket,embedding=1,server=y,suspend=n,address=127.0.0.1:56028
Begin MonoManager ReloadAssembly
Registering precompiled unity dll's ...
Register platform support module: C:/Program Files/Unity/Hub/Editor/2021.2.19f1/Editor/Data/PlaybackEngines/WebGLSupport/UnityEditor.WebGL.Extensions.dll
Register platform support module: C:/Program Files/Unity/Hub/Editor/2021.2.19f1/Editor/Data/PlaybackEngines/AndroidPlayer/UnityEditor.Android.Extensions.dll
Register platform support module: C:/Program Files/Unity/Hub/Editor/2021.2.19f1/Editor/Data/PlaybackEngines/WindowsStandaloneSupport/UnityEditor.WindowsStandalone.Extensions.dll
Register platform support module: C:/Program Files/Unity/Hub/Editor/2021.2.19f1/Editor/Data/PlaybackEngines/MetroSupport/UnityEditor.UWP.Extensions.dll
Registered in 0.008446 seconds.
Native extension for UWP target not found
Native extension for WindowsStandalone target not found
Native extension for Android target not found
Native extension for WebGL target not found
Refreshing native plugins compatible for Editor in 63.21 ms, found 5 plugins.
Preloading 0 native plugins for Editor in 0.00 ms.
Mono: successfully reloaded assembly
- Completed reload, in  0.469 seconds
Domain Reload Profiling:
	ReloadAssembly (469ms)
		BeginReloadAssembly (54ms)
			ExecutionOrderSort (0ms)
			DisableScriptedObjects (0ms)
			BackupInstance (0ms)
			ReleaseScriptingObjects (0ms)
			CreateAndSetChildDomain (1ms)
		EndReloadAssembly (333ms)
			LoadAssemblies (53ms)
			RebuildTransferFunctionScriptingTraits (0ms)
			SetupTypeCache (72ms)
			ReleaseScriptCaches (0ms)
			RebuildScriptCaches (17ms)
			SetupLoadedEditorAssemblies (207ms)
				LogAssemblyErrors (0ms)
				InitializePlatformSupportModulesInManaged (42ms)
				SetLoadedEditorAssemblies (0ms)
				RefreshPlugins (63ms)
				BeforeProcessingInitializeOnLoad (1ms)
				ProcessInitializeOnLoadAttributes (70ms)
				ProcessInitializeOnLoadMethodAttributes (30ms)
				AfterProcessingInitializeOnLoad (0ms)
				EditorAssembliesLoaded (0ms)
			ExecutionOrderSort2 (0ms)
			AwakeInstancesAfterBackupRestoration (0ms)
Platform modules already initialized, skipping
Registering precompiled user dll's ...
Registered in 0.003799 seconds.
Android Extension - Scanning For ADB Devices 628 ms
Begin MonoManager ReloadAssembly
Symbol file LoadedFromMemory doesn't match image C:\Users\Benjy\Documents\Unity\Suburb\Library\PackageCache\com.unity.visualscripting@1.7.6\Editor\VisualScripting.Core\Dependencies\YamlDotNet\Unity.VisualScripting.YamlDotNet.dll
Symbol file LoadedFromMemory is not a mono symbol file
Symbol file LoadedFromMemory doesn't match image C:\Users\Benjy\Documents\Unity\Suburb\Library\PackageCache\com.unity.visualscripting@1.7.6\Editor\VisualScripting.Core\Dependencies\DotNetZip\Unity.VisualScripting.IonicZip.dll
Native extension for UWP target not found
Native extension for WindowsStandalone target not found
Native extension for Android target not found
Native extension for WebGL target not found
Refreshing native plugins compatible for Editor in 0.68 ms, found 5 plugins.
Preloading 0 native plugins for Editor in 0.00 ms.
Mono: successfully reloaded assembly
- Completed reload, in  0.786 seconds
Domain Reload Profiling:
	ReloadAssembly (786ms)
		BeginReloadAssembly (150ms)
			ExecutionOrderSort (0ms)
			DisableScriptedObjects (68ms)
			BackupInstance (0ms)
			ReleaseScriptingObjects (0ms)
			CreateAndSetChildDomain (15ms)
		EndReloadAssembly (548ms)
			LoadAssemblies (72ms)
			RebuildTransferFunctionScriptingTraits (0ms)
			SetupTypeCache (165ms)
			ReleaseScriptCaches (1ms)
			RebuildScriptCaches (33ms)
			SetupLoadedEditorAssemblies (258ms)
				LogAssemblyErrors (0ms)
				InitializePlatformSupportModulesInManaged (14ms)
				SetLoadedEditorAssemblies (0ms)
				RefreshPlugins (1ms)
				BeforeProcessingInitializeOnLoad (63ms)
				ProcessInitializeOnLoadAttributes (158ms)
				ProcessInitializeOnLoadMethodAttributes (16ms)
				AfterProcessingInitializeOnLoad (7ms)
				EditorAssembliesLoaded (0ms)
			ExecutionOrderSort2 (0ms)
			AwakeInstancesAfterBackupRestoration (4ms)
Platform modules already initialized, skipping
========================================================================
Worker process is ready to serve import requests
Launched and connected shader compiler UnityShaderCompiler.exe after 0.03 seconds
Refreshing native plugins compatible for Editor in 0.62 ms, found 5 plugins.
Preloading 0 native plugins for Editor in 0.00 ms.
Unloading 3255 Unused Serialized files (Serialized files now loaded: 0)
Unloading 25 unused Assets / (113.3 KB). Loaded Objects now: 3750.
Memory consumption went from 135.4 MB to 135.3 MB.
Total: 2.449300 ms (FindLiveObjects: 0.227100 ms CreateObjectMapping: 0.130500 ms MarkObjects: 1.996200 ms  DeleteObjects: 0.094700 ms)

AssetImportParameters requested are different than current active one (requested -> active):
  custom:video-decoder-ogg-theora: a1e56fd34408186e4bbccfd4996cb3dc -> 
  custom:container-muxer-webm: aa71ff27fc2769a1b78a27578f13a17b -> 
  custom:container-demuxer-webm: 4f35f7cbe854078d1ac9338744f61a02 -> 
  custom:video-encoder-webm-vp8: eb34c28f22e8b96e1ab97ce403110664 -> 
  custom:video-codec-MediaFoundation-h265: 746d11721c4dcdbdad8f713fa42b33f4 -> 
  custom:audio-encoder-webm-vorbis: bf7c407c2cedff20999df2af8eb42d56 -> 
  custom:framework-win-MediaFoundation: 216162199b28c13a410421893ffa2e32 -> 
  custom:container-demuxer-ogg: 62fdf1f143b41e24485cea50d1cbac27 -> 
  custom:video-decoder-webm-vp8: 9c59270c3fd7afecdb556c50c9e8de78 -> 
  custom:audio-decoder-ogg-vorbis: bf7c407c2cedff20999df2af8eb42d56 -> 
========================================================================
Received Prepare
Refreshing native plugins compatible for Editor in 5.27 ms, found 5 plugins.
Preloading 0 native plugins for Editor in 0.00 ms.
Unloading 18 Unused Serialized files (Serialized files now loaded: 0)
Unloading 18 unused Assets / (79.1 KB). Loaded Objects now: 3750.
Memory consumption went from 69.5 MB to 69.4 MB.
Total: 3.809600 ms (FindLiveObjects: 0.398800 ms CreateObjectMapping: 0.116000 ms MarkObjects: 3.181200 ms  DeleteObjects: 0.112800 ms)

AssetImportParameters requested are different than current active one (requested -> active):
  custom:video-decoder-ogg-theora: a1e56fd34408186e4bbccfd4996cb3dc -> 
  custom:container-muxer-webm: aa71ff27fc2769a1b78a27578f13a17b -> 
  custom:container-demuxer-webm: 4f35f7cbe854078d1ac9338744f61a02 -> 
  custom:video-encoder-webm-vp8: eb34c28f22e8b96e1ab97ce403110664 -> 
  custom:video-codec-MediaFoundation-h265: 746d11721c4dcdbdad8f713fa42b33f4 -> 
  custom:audio-encoder-webm-vorbis: bf7c407c2cedff20999df2af8eb42d56 -> 
  custom:framework-win-MediaFoundation: 216162199b28c13a410421893ffa2e32 -> 
  custom:container-demuxer-ogg: 62fdf1f143b41e24485cea50d1cbac27 -> 
  custom:video-decoder-webm-vp8: 9c59270c3fd7afecdb556c50c9e8de78 -> 
  custom:audio-decoder-ogg-vorbis: bf7c407c2cedff20999df2af8eb42d56 -> 
========================================================================
Received Import Request.
  Time since last request: 1051089.003381 seconds.
  path: Assets/Music/casualbackgroundmusicpack/Casual Theme #1 (Looped).mp3
  artifactKey: Guid(7eeac792e65db83489ca4d35bac92a97) Importer(815301076,1909f56bfc062723c751e8b465ee728b)
Start importing Assets/Music/casualbackgroundmusicpack/Casual Theme #1 (Looped).mp3 using Guid(7eeac792e65db83489ca4d35bac92a97) Importer(815301076,1909f56bfc062723c751e8b465ee728b)  -> (artifact id: '17bd8a2f8baccb73cbfeeb09d4c2290e') in 0.272842 seconds 
========================================================================
Received Import Request.
  Time since last request: 0.000029 seconds.
  path: Assets/Music/casualbackgroundmusicpack/Casual Theme #2 (Looped).mp3
  artifactKey: Guid(30c50caa185d0af49b8f44cd706b4c57) Importer(815301076,1909f56bfc062723c751e8b465ee728b)
Start importing Assets/Music/casualbackgroundmusicpack/Casual Theme #2 (Looped).mp3 using Guid(30c50caa185d0af49b8f44cd706b4c57) Importer(815301076,1909f56bfc062723c751e8b465ee728b)  -> (artifact id: 'bf1e2fe6623c1f5a0a5cad25629ba643') in 0.047918 seconds 
========================================================================
Received Import Request.
  Time since last request: 0.000023 seconds.
  path: Assets/Music/casualbackgroundmusicpack/Casual Theme #3.mp3
  artifactKey: Guid(e35032cd11d0c5d49aed32e0c237871c) Importer(815301076,1909f56bfc062723c751e8b465ee728b)
Start importing Assets/Music/casualbackgroundmusicpack/Casual Theme #3.mp3 using Guid(e35032cd11d0c5d49aed32e0c237871c) Importer(815301076,1909f56bfc062723c751e8b465ee728b)  -> (artifact id: '4891ec221d9be412eb62f253a59731f5') in 0.072899 seconds 
========================================================================
Received Import Request.
  Time since last request: 0.000020 seconds.
  path: Assets/Music/casualbackgroundmusicpack/Casual Theme #3 - Acoustic Version.mp3
  artifactKey: Guid(7dbe076c9ada7f646af090e181d00f44) Importer(815301076,1909f56bfc062723c751e8b465ee728b)
Start importing Assets/Music/casualbackgroundmusicpack/Casual Theme #3 - Acoustic Version.mp3 using Guid(7dbe076c9ada7f646af090e181d00f44) Importer(815301076,1909f56bfc062723c751e8b465ee728b)  -> (artifact id: 'd57c7fd56407b2d41ff2edcf032a9002') in 0.029001 seconds 
========================================================================
Received Import Request.
  Time since last request: 0.000068 seconds.
  path: Assets/Music/casualbackgroundmusicpack/Casual Theme #3 (Looped).mp3
  artifactKey: Guid(5242d62f86afbad43a3884dc7b1719ff) Importer(815301076,1909f56bfc062723c751e8b465ee728b)
Start importing Assets/Music/casualbackgroundmusicpack/Casual Theme #3 (Looped).mp3 using Guid(5242d62f86afbad43a3884dc7b1719ff) Importer(815301076,1909f56bfc062723c751e8b465ee728b)  -> (artifact id: '2dbcfae3070c99ac69d8ecdcd6d11767') in 0.051988 seconds 
========================================================================
Received Import Request.
  Time since last request: 0.000021 seconds.
  path: Assets/Music/casualbackgroundmusicpack/Casual Theme #5 - Acoustic Version.mp3
  artifactKey: Guid(21ccb9b506af43441a4d160067679a7d) Importer(815301076,1909f56bfc062723c751e8b465ee728b)
Start importing Assets/Music/casualbackgroundmusicpack/Casual Theme #5 - Acoustic Version.mp3 using Guid(21ccb9b506af43441a4d160067679a7d) Importer(815301076,1909f56bfc062723c751e8b465ee728b)  -> (artifact id: 'c5a166b6fb9aae44c1608ef89d078b48') in 0.026005 seconds 
========================================================================
Received Import Request.
  Time since last request: 0.000022 seconds.
  path: Assets/Music/casualbackgroundmusicpack/Casual Theme #4 - Acoustic Version (Looped).mp3
  artifactKey: Guid(0e8683cb8eb2fec49b32ed2280da0144) Importer(815301076,1909f56bfc062723c751e8b465ee728b)
Start importing Assets/Music/casualbackgroundmusicpack/Casual Theme #4 - Acoustic Version (Looped).mp3 using Guid(0e8683cb8eb2fec49b32ed2280da0144) Importer(815301076,1909f56bfc062723c751e8b465ee728b)  -> (artifact id: 'de9b5aa83c3054c6a20b2b6b7e46771d') in 0.016074 seconds 
========================================================================
Received Import Request.
  Time since last request: 0.000021 seconds.
  path: Assets/Music/casualbackgroundmusicpack/Casual Theme #1 - Acoustic Version.mp3
  artifactKey: Guid(9a19e2f3207eacf4bba334b8a5de8065) Importer(815301076,1909f56bfc062723c751e8b465ee728b)
Start importing Assets/Music/casualbackgroundmusicpack/Casual Theme #1 - Acoustic Version.mp3 using Guid(9a19e2f3207eacf4bba334b8a5de8065) Importer(815301076,1909f56bfc062723c751e8b465ee728b)  -> (artifact id: 'fb03d9a031bd226088dc7e616b653e61') in 0.021447 seconds 
========================================================================
Received Import Request.
  Time since last request: 11.693991 seconds.
  path: Assets/Prefabs/Grass Base.prefab
  artifactKey: Guid(4c050a91b5923194cbc124006549b4a7) Importer(815301076,1909f56bfc062723c751e8b465ee728b)
Start importing Assets/Prefabs/Grass Base.prefab using Guid(4c050a91b5923194cbc124006549b4a7) Importer(815301076,1909f56bfc062723c751e8b465ee728b)  -> (artifact id: '4cd9bedbff3a809b948af3cb0b4e8e3c') in 0.074142 seconds 
========================================================================
Received Import Request.
  Time since last request: 0.000024 seconds.
  path: Assets/Prefabs/Street xRoad.prefab
  artifactKey: Guid(f937a6e8121dce04095c710c417bf4c2) Importer(815301076,1909f56bfc062723c751e8b465ee728b)
Start importing Assets/Prefabs/Street xRoad.prefab using Guid(f937a6e8121dce04095c710c417bf4c2) Importer(815301076,1909f56bfc062723c751e8b465ee728b)  -> (artifact id: '3db5856783af6d763fa442dfe009632e') in 0.096059 seconds 
========================================================================
Received Import Request.
  Time since last request: 0.000020 seconds.
  path: Assets/Prefabs/School xRoads.prefab
  artifactKey: Guid(2b8c8eed7cb04b14ba4c3fd26b3e7d1c) Importer(815301076,1909f56bfc062723c751e8b465ee728b)
Start importing Assets/Prefabs/School xRoads.prefab using Guid(2b8c8eed7cb04b14ba4c3fd26b3e7d1c) Importer(815301076,1909f56bfc062723c751e8b465ee728b)  -> (artifact id: '18cf31e8b1571669216600e542077078') in 0.024327 seconds 
========================================================================
Received Import Request.
  Time since last request: 0.000015 seconds.
  path: Assets/Prefabs/House Straight.prefab
  artifactKey: Guid(2c6f03af72498ab44b62c52f31910387) Importer(815301076,1909f56bfc062723c751e8b465ee728b)
Start importing Assets/Prefabs/House Straight.prefab using Guid(2c6f03af72498ab44b62c52f31910387) Importer(815301076,1909f56bfc062723c751e8b465ee728b)  -> (artifact id: 'fa9ceb6ed7ac6742cbcd98dc83cff915') in 0.025137 seconds 
========================================================================
Received Import Request.
  Time since last request: 0.000014 seconds.
  path: Assets/Prefabs/Street Dead End.prefab
  artifactKey: Guid(b4807de712a0a294286024eac9e6f5ef) Importer(815301076,1909f56bfc062723c751e8b465ee728b)
Start importing Assets/Prefabs/Street Dead End.prefab using Guid(b4807de712a0a294286024eac9e6f5ef) Importer(815301076,1909f56bfc062723c751e8b465ee728b)  -> (artifact id: '316f1ff63a7cd2347665fc68758b50fd') in 0.031990 seconds 
========================================================================
Received Import Request.
  Time since last request: 0.000016 seconds.
  path: Assets/Prefabs/Suburb.blend
  artifactKey: Guid(8379a3391be8fc34490bef303e080301) Importer(815301076,1909f56bfc062723c751e8b465ee728b)
Start importing Assets/Prefabs/Suburb.blend using Guid(8379a3391be8fc34490bef303e080301) Importer(815301076,1909f56bfc062723c751e8b465ee728b)  -> (artifact id: '70b8adf8fa2d10e60e02e4da9ed54f9b') in 0.130812 seconds 
========================================================================
Received Import Request.
  Time since last request: 24.529785 seconds.
  path: Assets/Plane.prefab
  artifactKey: Guid(bbf969bd460c739489e6316e12449aa5) Importer(815301076,1909f56bfc062723c751e8b465ee728b)
Start importing Assets/Plane.prefab using Guid(bbf969bd460c739489e6316e12449aa5) Importer(815301076,1909f56bfc062723c751e8b465ee728b)  -> (artifact id: '301882c85c4402bb4a1da87b2bee3777') in 0.014560 seconds 
========================================================================
Received Prepare
Registering precompiled user dll's ...
Registered in 0.003660 seconds.
Begin MonoManager ReloadAssembly
Symbol file LoadedFromMemory doesn't match image C:\Users\Benjy\Documents\Unity\Suburb\Library\PackageCache\com.unity.visualscripting@1.7.6\Editor\VisualScripting.Core\Dependencies\YamlDotNet\Unity.VisualScripting.YamlDotNet.dll
Symbol file LoadedFromMemory is not a mono symbol file
Symbol file LoadedFromMemory doesn't match image C:\Users\Benjy\Documents\Unity\Suburb\Library\PackageCache\com.unity.visualscripting@1.7.6\Editor\VisualScripting.Core\Dependencies\DotNetZip\Unity.VisualScripting.IonicZip.dll
Native extension for UWP target not found
Native extension for WindowsStandalone target not found
Native extension for Android target not found
Native extension for WebGL target not found
Refreshing native plugins compatible for Editor in 0.60 ms, found 3 plugins.
Preloading 0 native plugins for Editor in 0.00 ms.
Mono: successfully reloaded assembly
- Completed reload, in  0.824 seconds
Domain Reload Profiling:
	ReloadAssembly (825ms)
		BeginReloadAssembly (124ms)
			ExecutionOrderSort (0ms)
			DisableScriptedObjects (4ms)
			BackupInstance (0ms)
			ReleaseScriptingObjects (0ms)
			CreateAndSetChildDomain (38ms)
		EndReloadAssembly (598ms)
			LoadAssemblies (78ms)
			RebuildTransferFunctionScriptingTraits (0ms)
			SetupTypeCache (232ms)
			ReleaseScriptCaches (1ms)
			RebuildScriptCaches (34ms)
			SetupLoadedEditorAssemblies (231ms)
				LogAssemblyErrors (0ms)
				InitializePlatformSupportModulesInManaged (19ms)
				SetLoadedEditorAssemblies (0ms)
				RefreshPlugins (1ms)
				BeforeProcessingInitializeOnLoad (49ms)
				ProcessInitializeOnLoadAttributes (140ms)
				ProcessInitializeOnLoadMethodAttributes (15ms)
				AfterProcessingInitializeOnLoad (7ms)
				EditorAssembliesLoaded (0ms)
			ExecutionOrderSort2 (0ms)
			AwakeInstancesAfterBackupRestoration (4ms)
Platform modules already initialized, skipping
Refreshing native plugins compatible for Editor in 1.50 ms, found 3 plugins.
Preloading 0 native plugins for Editor in 0.00 ms.
Unloading 3235 Unused Serialized files (Serialized files now loaded: 0)
Unloading 16 unused Assets / (82.1 KB). Loaded Objects now: 3765.
Memory consumption went from 138.7 MB to 138.6 MB.
Total: 2.301100 ms (FindLiveObjects: 0.188500 ms CreateObjectMapping: 0.104200 ms MarkObjects: 1.903900 ms  DeleteObjects: 0.103800 ms)

AssetImportParameters requested are different than current active one (requested -> active):
  custom:video-decoder-ogg-theora: a1e56fd34408186e4bbccfd4996cb3dc -> 
  custom:container-muxer-webm: aa71ff27fc2769a1b78a27578f13a17b -> 
  custom:container-demuxer-webm: 4f35f7cbe854078d1ac9338744f61a02 -> 
  custom:video-encoder-webm-vp8: eb34c28f22e8b96e1ab97ce403110664 -> 
  custom:video-codec-MediaFoundation-h265: 746d11721c4dcdbdad8f713fa42b33f4 -> 
  custom:audio-encoder-webm-vorbis: bf7c407c2cedff20999df2af8eb42d56 -> 
  custom:framework-win-MediaFoundation: 216162199b28c13a410421893ffa2e32 -> 
  custom:container-demuxer-ogg: 62fdf1f143b41e24485cea50d1cbac27 -> 
  custom:video-decoder-webm-vp8: 9c59270c3fd7afecdb556c50c9e8de78 -> 
  custom:audio-decoder-ogg-vorbis: bf7c407c2cedff20999df2af8eb42d56 -> 
========================================================================
Received Import Request.
  Time since last request: 239.100947 seconds.
  path: Assets/Music/Soundtrack_Loops_Industrial_Complex_SFX_WAV/One-shots
  artifactKey: Guid(ad59354f9df5a0c40a18de8ec2ad5790) Importer(815301076,1909f56bfc062723c751e8b465ee728b)
Start importing Assets/Music/Soundtrack_Loops_Industrial_Complex_SFX_WAV/One-shots using Guid(ad59354f9df5a0c40a18de8ec2ad5790) Importer(815301076,1909f56bfc062723c751e8b465ee728b)  -> (artifact id: '4fe52d3dd25a69c6e081c2ac2dd5a3ed') in 0.009228 seconds 
========================================================================
Received Import Request.
  Time since last request: 741.104422 seconds.
  path: Assets/Music/Soundtrack_Loops_LoFi_Cuts_WAV/One-shots/Synth One-shots
  artifactKey: Guid(2d66d3cd1bd8a944cb6ca522bacb8a12) Importer(815301076,1909f56bfc062723c751e8b465ee728b)
Start importing Assets/Music/Soundtrack_Loops_LoFi_Cuts_WAV/One-shots/Synth One-shots using Guid(2d66d3cd1bd8a944cb6ca522bacb8a12) Importer(815301076,1909f56bfc062723c751e8b465ee728b)  -> (artifact id: 'fcc8b89fa3c477619d0de645f90928b6') in 0.005556 seconds 
========================================================================
Received Import Request.
  Time since last request: 64.663470 seconds.
  path: Assets/Music/Soundtrack_Loops_Sounds_of_Mexico_City_WAV/One-shots/SL Foley Sound Effects Alley Cat.wav
  artifactKey: Guid(aa70c1dc12dff0e4eabb05d4342378a4) Importer(815301076,1909f56bfc062723c751e8b465ee728b)
Start importing Assets/Music/Soundtrack_Loops_Sounds_of_Mexico_City_WAV/One-shots/SL Foley Sound Effects Alley Cat.wav using Guid(aa70c1dc12dff0e4eabb05d4342378a4) Importer(815301076,1909f56bfc062723c751e8b465ee728b)  -> (artifact id: 'd1784a10cc4fdbdae93cf0e7c24b2a2c') in 0.058112 seconds 
========================================================================
Received Prepare
Registering precompiled user dll's ...
Registered in 0.003939 seconds.
Begin MonoManager ReloadAssembly
Symbol file LoadedFromMemory doesn't match image C:\Users\Benjy\Documents\Unity\Suburb\Library\PackageCache\com.unity.visualscripting@1.7.6\Editor\VisualScripting.Core\Dependencies\YamlDotNet\Unity.VisualScripting.YamlDotNet.dll
Symbol file LoadedFromMemory is not a mono symbol file
Symbol file LoadedFromMemory doesn't match image C:\Users\Benjy\Documents\Unity\Suburb\Library\PackageCache\com.unity.visualscripting@1.7.6\Editor\VisualScripting.Core\Dependencies\DotNetZip\Unity.VisualScripting.IonicZip.dll
Native extension for UWP target not found
Native extension for WindowsStandalone target not found
Native extension for Android target not found
Native extension for WebGL target not found
Refreshing native plugins compatible for Editor in 0.62 ms, found 3 plugins.
Preloading 0 native plugins for Editor in 0.00 ms.
Mono: successfully reloaded assembly
- Completed reload, in  0.835 seconds
Domain Reload Profiling:
	ReloadAssembly (836ms)
		BeginReloadAssembly (110ms)
			ExecutionOrderSort (0ms)
			DisableScriptedObjects (4ms)
			BackupInstance (0ms)
			ReleaseScriptingObjects (0ms)
			CreateAndSetChildDomain (28ms)
		EndReloadAssembly (651ms)
			LoadAssemblies (73ms)
			RebuildTransferFunctionScriptingTraits (0ms)
			SetupTypeCache (188ms)
			ReleaseScriptCaches (1ms)
			RebuildScriptCaches (28ms)
			SetupLoadedEditorAssemblies (337ms)
				LogAssemblyErrors (0ms)
				InitializePlatformSupportModulesInManaged (22ms)
				SetLoadedEditorAssemblies (0ms)
				RefreshPlugins (1ms)
				BeforeProcessingInitializeOnLoad (132ms)
				ProcessInitializeOnLoadAttributes (156ms)
				ProcessInitializeOnLoadMethodAttributes (17ms)
				AfterProcessingInitializeOnLoad (8ms)
				EditorAssembliesLoaded (0ms)
			ExecutionOrderSort2 (0ms)
			AwakeInstancesAfterBackupRestoration (5ms)
Platform modules already initialized, skipping
Refreshing native plugins compatible for Editor in 1.49 ms, found 3 plugins.
Preloading 0 native plugins for Editor in 0.00 ms.
Unloading 3235 Unused Serialized files (Serialized files now loaded: 0)
Unloading 16 unused Assets / (82.1 KB). Loaded Objects now: 3768.
Memory consumption went from 138.7 MB to 138.6 MB.
Total: 2.386300 ms (FindLiveObjects: 0.213200 ms CreateObjectMapping: 0.069000 ms MarkObjects: 2.024200 ms  DeleteObjects: 0.079300 ms)

AssetImportParameters requested are different than current active one (requested -> active):
  custom:video-decoder-ogg-theora: a1e56fd34408186e4bbccfd4996cb3dc -> 
  custom:container-muxer-webm: aa71ff27fc2769a1b78a27578f13a17b -> 
  custom:container-demuxer-webm: 4f35f7cbe854078d1ac9338744f61a02 -> 
  custom:video-encoder-webm-vp8: eb34c28f22e8b96e1ab97ce403110664 -> 
  custom:video-codec-MediaFoundation-h265: 746d11721c4dcdbdad8f713fa42b33f4 -> 
  custom:audio-encoder-webm-vorbis: bf7c407c2cedff20999df2af8eb42d56 -> 
  custom:framework-win-MediaFoundation: 216162199b28c13a410421893ffa2e32 -> 
  custom:container-demuxer-ogg: 62fdf1f143b41e24485cea50d1cbac27 -> 
  custom:video-decoder-webm-vp8: 9c59270c3fd7afecdb556c50c9e8de78 -> 
  custom:audio-decoder-ogg-vorbis: bf7c407c2cedff20999df2af8eb42d56 -> 
========================================================================
Received Import Request.
  Time since last request: 97.033824 seconds.
  path: Assets/Imported Mats/Gravel023_2K-JPG/Gravel023_2K_NormalDX.jpg
  artifactKey: Guid(4415dc41d38e51e46873a22637a4bd9a) Importer(815301076,1909f56bfc062723c751e8b465ee728b)
Start importing Assets/Imported Mats/Gravel023_2K-JPG/Gravel023_2K_NormalDX.jpg using Guid(4415dc41d38e51e46873a22637a4bd9a) Importer(815301076,1909f56bfc062723c751e8b465ee728b)  -> (artifact id: '19d26a52c5944da1d09c463e98905ff1') in 0.046868 seconds 
========================================================================
Received Import Request.
  Time since last request: 10.682759 seconds.
  path: Assets/Imported Mats/Gravel023_2K-JPG/Gravel023_2K_NormalGL.jpg
  artifactKey: Guid(c7b93bf12bd8665469211849e2e75842) Importer(815301076,1909f56bfc062723c751e8b465ee728b)
Start importing Assets/Imported Mats/Gravel023_2K-JPG/Gravel023_2K_NormalGL.jpg using Guid(c7b93bf12bd8665469211849e2e75842) Importer(815301076,1909f56bfc062723c751e8b465ee728b)  -> (artifact id: 'bbeb5273b6194e0489bc616f6c891efb') in 0.013102 seconds 
========================================================================
Received Import Request.
  Time since last request: 17.976775 seconds.
  path: Assets/Mats/Grass.mat
  artifactKey: Guid(fe4430250d59b22408216be4e4192e7a) Importer(815301076,1909f56bfc062723c751e8b465ee728b)
Start importing Assets/Mats/Grass.mat using Guid(fe4430250d59b22408216be4e4192e7a) Importer(815301076,1909f56bfc062723c751e8b465ee728b)  -> (artifact id: '00ee6d3b71d74cb99b39983f4b378a26') in 0.063511 seconds 
========================================================================
Received Import Request.
  Time since last request: 14.037814 seconds.
  path: Assets/Prefabs/Street/Mats/Street Asphalt.mat
  artifactKey: Guid(47a1562aa54b7064d9c52dcf484a7aa7) Importer(815301076,1909f56bfc062723c751e8b465ee728b)
Start importing Assets/Prefabs/Street/Mats/Street Asphalt.mat using Guid(47a1562aa54b7064d9c52dcf484a7aa7) Importer(815301076,1909f56bfc062723c751e8b465ee728b)  -> (artifact id: 'a8b45f5dadbae9f61850aba4f286edc0') in 0.016983 seconds 
========================================================================
Received Import Request.
  Time since last request: 9.071404 seconds.
  path: Assets/Imported Mats/Gravel023_2K-JPG/Gravel023_2K_AmbientOcclusion.jpg
  artifactKey: Guid(2c76d0995eed69944b026dc37f0067ff) Importer(815301076,1909f56bfc062723c751e8b465ee728b)
Start importing Assets/Imported Mats/Gravel023_2K-JPG/Gravel023_2K_AmbientOcclusion.jpg using Guid(2c76d0995eed69944b026dc37f0067ff) Importer(815301076,1909f56bfc062723c751e8b465ee728b)  -> (artifact id: '1a3eeaa0c19f71bb11c7221d911e7311') in 0.014609 seconds 
========================================================================
Received Import Request.
  Time since last request: 0.000015 seconds.
  path: Assets/Imported Mats/Gravel023_2K-JPG/Gravel023_2K_Displacement.jpg
  artifactKey: Guid(fd28152de4837e547b39d1e3175424cb) Importer(815301076,1909f56bfc062723c751e8b465ee728b)
Start importing Assets/Imported Mats/Gravel023_2K-JPG/Gravel023_2K_Displacement.jpg using Guid(fd28152de4837e547b39d1e3175424cb) Importer(815301076,1909f56bfc062723c751e8b465ee728b)  -> (artifact id: 'af7f3a52acc0fade092a47121ecb1780') in 0.015379 seconds 
========================================================================
Received Import Request.
  Time since last request: 0.000032 seconds.
  path: Assets/Imported Mats/Gravel023_2K-JPG/Gravel023_PREVIEW.jpg
  artifactKey: Guid(705d832e5624a7849b71a04dab21c143) Importer(815301076,1909f56bfc062723c751e8b465ee728b)
Start importing Assets/Imported Mats/Gravel023_2K-JPG/Gravel023_PREVIEW.jpg using Guid(705d832e5624a7849b71a04dab21c143) Importer(815301076,1909f56bfc062723c751e8b465ee728b)  -> (artifact id: 'bd1e2393fcd44e006535f125388e604c') in 0.083694 seconds 
========================================================================
Received Prepare
Refreshing native plugins compatible for Editor in 3.29 ms, found 3 plugins.
Preloading 0 native plugins for Editor in 0.00 ms.
Unloading 16 Unused Serialized files (Serialized files now loaded: 0)
Unloading 16 unused Assets / (79.5 KB). Loaded Objects now: 3805.
Memory consumption went from 74.7 MB to 74.7 MB.
Total: 3.017100 ms (FindLiveObjects: 0.196900 ms CreateObjectMapping: 0.112300 ms MarkObjects: 2.629300 ms  DeleteObjects: 0.078000 ms)

AssetImportParameters requested are different than current active one (requested -> active):
  custom:video-decoder-ogg-theora: a1e56fd34408186e4bbccfd4996cb3dc -> 
  custom:container-muxer-webm: aa71ff27fc2769a1b78a27578f13a17b -> 
  custom:container-demuxer-webm: 4f35f7cbe854078d1ac9338744f61a02 -> 
  custom:video-encoder-webm-vp8: eb34c28f22e8b96e1ab97ce403110664 -> 
  custom:video-codec-MediaFoundation-h265: 746d11721c4dcdbdad8f713fa42b33f4 -> 
  custom:audio-encoder-webm-vorbis: bf7c407c2cedff20999df2af8eb42d56 -> 
  custom:framework-win-MediaFoundation: 216162199b28c13a410421893ffa2e32 -> 
  custom:container-demuxer-ogg: 62fdf1f143b41e24485cea50d1cbac27 -> 
  custom:video-decoder-webm-vp8: 9c59270c3fd7afecdb556c50c9e8de78 -> 
  custom:audio-decoder-ogg-vorbis: bf7c407c2cedff20999df2af8eb42d56 -> 
========================================================================
Received Import Request.
  Time since last request: 329.278751 seconds.
  path: Assets/TextMesh Pro/Sprites/EmojiOne.png
  artifactKey: Guid(dffef66376be4fa480fb02b19edbe903) Importer(815301076,1909f56bfc062723c751e8b465ee728b)
Start importing Assets/TextMesh Pro/Sprites/EmojiOne.png using Guid(dffef66376be4fa480fb02b19edbe903) Importer(815301076,1909f56bfc062723c751e8b465ee728b)  -> (artifact id: '3fa7e35e7708e32617ab4555a5c07f27') in 0.015930 seconds 
========================================================================
Received Import Request.
  Time since last request: 0.000015 seconds.
  path: Assets/Imported Mats/[2K]Wood08/Wood08_rgh.jpg
  artifactKey: Guid(d9ef46ca986917d44a707240b46eb62f) Importer(815301076,1909f56bfc062723c751e8b465ee728b)
Start importing Assets/Imported Mats/[2K]Wood08/Wood08_rgh.jpg using Guid(d9ef46ca986917d44a707240b46eb62f) Importer(815301076,1909f56bfc062723c751e8b465ee728b)  -> (artifact id: '3ff3c2288b26f4bec7990180846c8827') in 0.023268 seconds 
========================================================================
Received Import Request.
  Time since last request: 0.000013 seconds.
  path: Assets/Imported Mats/Ground037_2K-JPG/Ground037_2K_Normal.jpg
  artifactKey: Guid(a0521c881cd45714d8209369740c1710) Importer(815301076,1909f56bfc062723c751e8b465ee728b)
Start importing Assets/Imported Mats/Ground037_2K-JPG/Ground037_2K_Normal.jpg using Guid(a0521c881cd45714d8209369740c1710) Importer(815301076,1909f56bfc062723c751e8b465ee728b)  -> (artifact id: 'c25e4c4cc421edf77bae4c67df57e484') in 0.012177 seconds 
========================================================================
Received Import Request.
  Time since last request: 0.000012 seconds.
  path: Assets/Imported Mats/[2K]Ground01/Ground01_col_var2.jpg
  artifactKey: Guid(a26fe2779d4bc0f4fbd22d5c42d32cc0) Importer(815301076,1909f56bfc062723c751e8b465ee728b)
Start importing Assets/Imported Mats/[2K]Ground01/Ground01_col_var2.jpg using Guid(a26fe2779d4bc0f4fbd22d5c42d32cc0) Importer(815301076,1909f56bfc062723c751e8b465ee728b)  -> (artifact id: '2b81d14b00116b2a09d902efc200b9f9') in 0.010670 seconds 
========================================================================
Received Import Request.
  Time since last request: 0.000016 seconds.
  path: Assets/Imported Mats/Metal012_2K-JPG/Metal012_2K_Roughness.jpg
  artifactKey: Guid(2aa93a4842700f94f89be86c13502fb3) Importer(815301076,1909f56bfc062723c751e8b465ee728b)
Start importing Assets/Imported Mats/Metal012_2K-JPG/Metal012_2K_Roughness.jpg using Guid(2aa93a4842700f94f89be86c13502fb3) Importer(815301076,1909f56bfc062723c751e8b465ee728b)  -> (artifact id: 'c35f5d5d21220994a104a3c1e5915b60') in 0.026587 seconds 
========================================================================
Received Import Request.
  Time since last request: 0.000012 seconds.
  path: Assets/Imported Mats/Ground037_2K-JPG/Ground037_2K_AmbientOcclusion.jpg
  artifactKey: Guid(07235df006191764b9e323a8e9f8c8e9) Importer(815301076,1909f56bfc062723c751e8b465ee728b)
Start importing Assets/Imported Mats/Ground037_2K-JPG/Ground037_2K_AmbientOcclusion.jpg using Guid(07235df006191764b9e323a8e9f8c8e9) Importer(815301076,1909f56bfc062723c751e8b465ee728b)  -> (artifact id: '60a4135baf3c4557741139d895a3af31') in 0.014191 seconds 
========================================================================
Received Import Request.
  Time since last request: 0.000017 seconds.
  path: Assets/Imported Mats/Metal012_2K-JPG/Metal012_2K_Color.jpg
  artifactKey: Guid(f859ae91fee31704a96d9f7b4ea3aa28) Importer(815301076,1909f56bfc062723c751e8b465ee728b)
Start importing Assets/Imported Mats/Metal012_2K-JPG/Metal012_2K_Color.jpg using Guid(f859ae91fee31704a96d9f7b4ea3aa28) Importer(815301076,1909f56bfc062723c751e8b465ee728b)  -> (artifact id: 'b37ce23228e96e471715bab246957959') in 0.011420 seconds 
========================================================================
Received Import Request.
  Time since last request: 0.000025 seconds.
  path: Assets/Imported Mats/Ground037_2K-JPG/Ground037_2K_Color.jpg
  artifactKey: Guid(647b3f972416749408ced7ebf31d74d1) Importer(815301076,1909f56bfc062723c751e8b465ee728b)
Start importing Assets/Imported Mats/Ground037_2K-JPG/Ground037_2K_Color.jpg using Guid(647b3f972416749408ced7ebf31d74d1) Importer(815301076,1909f56bfc062723c751e8b465ee728b)  -> (artifact id: '1c68f5bf6424c1eee54a422ecb5921e5') in 0.011089 seconds 
========================================================================
Received Import Request.
  Time since last request: 0.000012 seconds.
  path: Assets/Imported Mats/Metal012_2K-JPG/Metal012_2K_Displacement.jpg
  artifactKey: Guid(4772f434c26151c419e30026fb9901e7) Importer(815301076,1909f56bfc062723c751e8b465ee728b)
Start importing Assets/Imported Mats/Metal012_2K-JPG/Metal012_2K_Displacement.jpg using Guid(4772f434c26151c419e30026fb9901e7) Importer(815301076,1909f56bfc062723c751e8b465ee728b)  -> (artifact id: '841f2f3abb9517aafe64167847c0ec5d') in 0.011445 seconds 
========================================================================
Received Import Request.
  Time since last request: 0.000014 seconds.
  path: Assets/LionStatue/ModelAndTextures/LionStatue_s.tga
  artifactKey: Guid(eb28ee8466deab24abd7bd565ab614bd) Importer(815301076,1909f56bfc062723c751e8b465ee728b)
Start importing Assets/LionStatue/ModelAndTextures/LionStatue_s.tga using Guid(eb28ee8466deab24abd7bd565ab614bd) Importer(815301076,1909f56bfc062723c751e8b465ee728b)  -> (artifact id: '82af50f5be93196282b07afd6f0f6107') in 0.012964 seconds 
========================================================================
Received Import Request.
  Time since last request: 0.000017 seconds.
  path: Assets/Imported Mats/[2K]Wood08/Wood08_nrm.jpg
  artifactKey: Guid(a6d4e7406ed377c4b9548be81d047b23) Importer(815301076,1909f56bfc062723c751e8b465ee728b)
Start importing Assets/Imported Mats/[2K]Wood08/Wood08_nrm.jpg using Guid(a6d4e7406ed377c4b9548be81d047b23) Importer(815301076,1909f56bfc062723c751e8b465ee728b)  -> (artifact id: '52a87659b46576f6362dad25eb811c4f') in 0.012760 seconds 
========================================================================
Received Import Request.
  Time since last request: 0.000013 seconds.
  path: Assets/TextMesh Pro/Resources/Fonts & Materials/LiberationSans SDF.asset
  artifactKey: Guid(8f586378b4e144a9851e7b34d9b748ee) Importer(815301076,1909f56bfc062723c751e8b465ee728b)
Start importing Assets/TextMesh Pro/Resources/Fonts & Materials/LiberationSans SDF.asset using Guid(8f586378b4e144a9851e7b34d9b748ee) Importer(815301076,1909f56bfc062723c751e8b465ee728b)  -> (artifact id: '88ffedb4bf19227e436b4625aa24aa32') in 0.041444 seconds 
========================================================================
Received Import Request.
  Time since last request: 0.000013 seconds.
  path: Assets/Imported Mats/[2K]Ground01/Ground01_rgh.jpg
  artifactKey: Guid(4ae5e36ef7076c2499cd596ebf5685dd) Importer(815301076,1909f56bfc062723c751e8b465ee728b)
Start importing Assets/Imported Mats/[2K]Ground01/Ground01_rgh.jpg using Guid(4ae5e36ef7076c2499cd596ebf5685dd) Importer(815301076,1909f56bfc062723c751e8b465ee728b)  -> (artifact id: '6a4283f26c81119210d20a4a7ca8a9bb') in 0.011739 seconds 
========================================================================
Received Import Request.
  Time since last request: 0.000012 seconds.
  path: Assets/Imported Mats/Metal012_2K-JPG/Metal012_2K_Metalness.jpg
  artifactKey: Guid(e5239ba26a0bf564c92574d1f84faf7a) Importer(815301076,1909f56bfc062723c751e8b465ee728b)
Start importing Assets/Imported Mats/Metal012_2K-JPG/Metal012_2K_Metalness.jpg using Guid(e5239ba26a0bf564c92574d1f84faf7a) Importer(815301076,1909f56bfc062723c751e8b465ee728b)  -> (artifact id: '0f0cf129e000e2a674dd49c77759ed9d') in 0.013246 seconds 
========================================================================
Received Import Request.
  Time since last request: 0.000015 seconds.
  path: Assets/Imported Mats/Ground037_2K-JPG/Ground037_2K_Roughness.jpg
  artifactKey: Guid(4974cf1f8f6a30343b3afeddd8dedc0e) Importer(815301076,1909f56bfc062723c751e8b465ee728b)
Start importing Assets/Imported Mats/Ground037_2K-JPG/Ground037_2K_Roughness.jpg using Guid(4974cf1f8f6a30343b3afeddd8dedc0e) Importer(815301076,1909f56bfc062723c751e8b465ee728b)  -> (artifact id: '42376ad6a48df164a95efc246fb613d0') in 0.011427 seconds 
========================================================================
Received Import Request.
  Time since last request: 80.809346 seconds.
  path: Assets/Imported Mats/[2K]Ground01/Ground01_col_var1.jpg
  artifactKey: Guid(ff98d1ba6cc92f749a350421e85cd195) Importer(815301076,1909f56bfc062723c751e8b465ee728b)
Start importing Assets/Imported Mats/[2K]Ground01/Ground01_col_var1.jpg using Guid(ff98d1ba6cc92f749a350421e85cd195) Importer(815301076,1909f56bfc062723c751e8b465ee728b)  -> (artifact id: '2d7f9478622d0b05785c4fae7a955986') in 0.008027 seconds 
========================================================================
Received Import Request.
  Time since last request: 4.661056 seconds.
  path: Assets/Imported Mats/[2K]Ground01/Ground01_col_var1.jpg
  artifactKey: Guid(ff98d1ba6cc92f749a350421e85cd195) Importer(815301076,1909f56bfc062723c751e8b465ee728b)
Start importing Assets/Imported Mats/[2K]Ground01/Ground01_col_var1.jpg using Guid(ff98d1ba6cc92f749a350421e85cd195) Importer(815301076,1909f56bfc062723c751e8b465ee728b)  -> (artifact id: '0629c119d2f31aa138bce26147b7eeea') in 0.009778 seconds 
========================================================================
Received Prepare
Registering precompiled user dll's ...
Registered in 0.003219 seconds.
Begin MonoManager ReloadAssembly
Symbol file LoadedFromMemory doesn't match image C:\Users\Benjy\Documents\Unity\Suburb\Library\PackageCache\com.unity.visualscripting@1.7.6\Editor\VisualScripting.Core\Dependencies\YamlDotNet\Unity.VisualScripting.YamlDotNet.dll
Symbol file LoadedFromMemory is not a mono symbol file
Symbol file LoadedFromMemory doesn't match image C:\Users\Benjy\Documents\Unity\Suburb\Library\PackageCache\com.unity.visualscripting@1.7.6\Editor\VisualScripting.Core\Dependencies\DotNetZip\Unity.VisualScripting.IonicZip.dll
Native extension for UWP target not found
Native extension for WindowsStandalone target not found
Native extension for Android target not found
Native extension for WebGL target not found
Refreshing native plugins compatible for Editor in 0.51 ms, found 3 plugins.
Preloading 0 native plugins for Editor in 0.00 ms.
Mono: successfully reloaded assembly
- Completed reload, in  0.743 seconds
Domain Reload Profiling:
	ReloadAssembly (744ms)
		BeginReloadAssembly (111ms)
			ExecutionOrderSort (0ms)
			DisableScriptedObjects (3ms)
			BackupInstance (0ms)
			ReleaseScriptingObjects (0ms)
			CreateAndSetChildDomain (35ms)
		EndReloadAssembly (559ms)
			LoadAssemblies (69ms)
			RebuildTransferFunctionScriptingTraits (0ms)
			SetupTypeCache (182ms)
			ReleaseScriptCaches (1ms)
			RebuildScriptCaches (29ms)
			SetupLoadedEditorAssemblies (247ms)
				LogAssemblyErrors (0ms)
				InitializePlatformSupportModulesInManaged (20ms)
				SetLoadedEditorAssemblies (0ms)
				RefreshPlugins (1ms)
				BeforeProcessingInitializeOnLoad (53ms)
				ProcessInitializeOnLoadAttributes (148ms)
				ProcessInitializeOnLoadMethodAttributes (17ms)
				AfterProcessingInitializeOnLoad (7ms)
				EditorAssembliesLoaded (0ms)
			ExecutionOrderSort2 (0ms)
			AwakeInstancesAfterBackupRestoration (4ms)
Platform modules already initialized, skipping
Refreshing native plugins compatible for Editor in 1.72 ms, found 3 plugins.
Preloading 0 native plugins for Editor in 0.00 ms.
Unloading 3235 Unused Serialized files (Serialized files now loaded: 0)
Unloading 16 unused Assets / (82.7 KB). Loaded Objects now: 3810.
Memory consumption went from 139.0 MB to 138.9 MB.
Total: 2.430100 ms (FindLiveObjects: 0.208700 ms CreateObjectMapping: 0.068200 ms MarkObjects: 2.045500 ms  DeleteObjects: 0.106800 ms)

AssetImportParameters requested are different than current active one (requested -> active):
  custom:video-decoder-ogg-theora: a1e56fd34408186e4bbccfd4996cb3dc -> 
  custom:container-muxer-webm: aa71ff27fc2769a1b78a27578f13a17b -> 
  custom:container-demuxer-webm: 4f35f7cbe854078d1ac9338744f61a02 -> 
  custom:video-encoder-webm-vp8: eb34c28f22e8b96e1ab97ce403110664 -> 
  custom:video-codec-MediaFoundation-h265: 746d11721c4dcdbdad8f713fa42b33f4 -> 
  custom:audio-encoder-webm-vorbis: bf7c407c2cedff20999df2af8eb42d56 -> 
  custom:framework-win-MediaFoundation: 216162199b28c13a410421893ffa2e32 -> 
  custom:container-demuxer-ogg: 62fdf1f143b41e24485cea50d1cbac27 -> 
  custom:video-decoder-webm-vp8: 9c59270c3fd7afecdb556c50c9e8de78 -> 
  custom:audio-decoder-ogg-vorbis: bf7c407c2cedff20999df2af8eb42d56 -> 
========================================================================
Received Import Request.
  Time since last request: 35.529185 seconds.
  path: Assets/Imported Mats/[2K]Ground01/Ground01_nrm.jpg
  artifactKey: Guid(5473f3ce80405194d82b877701e28041) Importer(815301076,1909f56bfc062723c751e8b465ee728b)
Start importing Assets/Imported Mats/[2K]Ground01/Ground01_nrm.jpg using Guid(5473f3ce80405194d82b877701e28041) Importer(815301076,1909f56bfc062723c751e8b465ee728b)  -> (artifact id: 'e639632e903814e6b743547653660e5f') in 0.037261 seconds 
========================================================================
Received Import Request.
  Time since last request: 0.000017 seconds.
  path: Assets/Imported Mats/[2K]Ground01/Ground01_disp.jpg
  artifactKey: Guid(ace1b329189499d45b9bdf9d4c9f17b3) Importer(815301076,1909f56bfc062723c751e8b465ee728b)
Start importing Assets/Imported Mats/[2K]Ground01/Ground01_disp.jpg using Guid(ace1b329189499d45b9bdf9d4c9f17b3) Importer(815301076,1909f56bfc062723c751e8b465ee728b)  -> (artifact id: '707d03f76dc4a0397e67bb64ef99a077') in 0.008781 seconds 
========================================================================
Received Import Request.
  Time since last request: 0.000018 seconds.
  path: Assets/Imported Mats/[2K]Ground01/Ground01_rgh.jpg
  artifactKey: Guid(4ae5e36ef7076c2499cd596ebf5685dd) Importer(815301076,1909f56bfc062723c751e8b465ee728b)
Start importing Assets/Imported Mats/[2K]Ground01/Ground01_rgh.jpg using Guid(4ae5e36ef7076c2499cd596ebf5685dd) Importer(815301076,1909f56bfc062723c751e8b465ee728b)  -> (artifact id: 'b8f5b9ac3a226d622ab325a4c283b07e') in 0.008534 seconds 
========================================================================
Received Import Request.
  Time since last request: 21.461524 seconds.
  path: Assets/Mats/zBricks - BW S.png
  artifactKey: Guid(94a2e470cf8dd674cb17e46c629ec4a6) Importer(815301076,1909f56bfc062723c751e8b465ee728b)
Start importing Assets/Mats/zBricks - BW S.png using Guid(94a2e470cf8dd674cb17e46c629ec4a6) Importer(815301076,1909f56bfc062723c751e8b465ee728b)  -> (artifact id: '768c60d9312fa1368d44de58b2321be7') in 0.008291 seconds 
========================================================================
Received Import Request.
  Time since last request: 0.018509 seconds.
  path: Assets/Mats/zBricks - BW.png
  artifactKey: Guid(9755747a1f2f9bb4ab547e30744d5ec9) Importer(815301076,1909f56bfc062723c751e8b465ee728b)
Start importing Assets/Mats/zBricks - BW.png using Guid(9755747a1f2f9bb4ab547e30744d5ec9) Importer(815301076,1909f56bfc062723c751e8b465ee728b)  -> (artifact id: '008ab40a877ddb0f086a874eae5b81e4') in 0.011716 seconds 
========================================================================
Received Import Request.
  Time since last request: 0.000019 seconds.
  path: Assets/Mats/zBricks - W S.png
  artifactKey: Guid(2346aa538b765e14caf319d21c5674e7) Importer(815301076,1909f56bfc062723c751e8b465ee728b)
Start importing Assets/Mats/zBricks - W S.png using Guid(2346aa538b765e14caf319d21c5674e7) Importer(815301076,1909f56bfc062723c751e8b465ee728b)  -> (artifact id: 'e2d50d4fbe5657510815df73948b0688') in 0.008949 seconds 
========================================================================
Received Prepare
Registering precompiled user dll's ...
Registered in 0.003311 seconds.
Begin MonoManager ReloadAssembly
Symbol file LoadedFromMemory doesn't match image C:\Users\Benjy\Documents\Unity\Suburb\Library\PackageCache\com.unity.visualscripting@1.7.6\Editor\VisualScripting.Core\Dependencies\YamlDotNet\Unity.VisualScripting.YamlDotNet.dll
Symbol file LoadedFromMemory is not a mono symbol file
Symbol file LoadedFromMemory doesn't match image C:\Users\Benjy\Documents\Unity\Suburb\Library\PackageCache\com.unity.visualscripting@1.7.6\Editor\VisualScripting.Core\Dependencies\DotNetZip\Unity.VisualScripting.IonicZip.dll
Native extension for UWP target not found
Native extension for WindowsStandalone target not found
Native extension for Android target not found
Native extension for WebGL target not found
Refreshing native plugins compatible for Editor in 0.59 ms, found 3 plugins.
Preloading 0 native plugins for Editor in 0.00 ms.
Mono: successfully reloaded assembly
- Completed reload, in  0.828 seconds
Domain Reload Profiling:
	ReloadAssembly (829ms)
		BeginReloadAssembly (106ms)
			ExecutionOrderSort (0ms)
			DisableScriptedObjects (4ms)
			BackupInstance (0ms)
			ReleaseScriptingObjects (0ms)
			CreateAndSetChildDomain (29ms)
		EndReloadAssembly (635ms)
			LoadAssemblies (72ms)
			RebuildTransferFunctionScriptingTraits (0ms)
			SetupTypeCache (199ms)
			ReleaseScriptCaches (1ms)
			RebuildScriptCaches (35ms)
			SetupLoadedEditorAssemblies (286ms)
				LogAssemblyErrors (0ms)
				InitializePlatformSupportModulesInManaged (23ms)
				SetLoadedEditorAssemblies (0ms)
				RefreshPlugins (1ms)
				BeforeProcessingInitializeOnLoad (62ms)
				ProcessInitializeOnLoadAttributes (172ms)
				ProcessInitializeOnLoadMethodAttributes (19ms)
				AfterProcessingInitializeOnLoad (9ms)
				EditorAssembliesLoaded (0ms)
			ExecutionOrderSort2 (0ms)
			AwakeInstancesAfterBackupRestoration (6ms)
Platform modules already initialized, skipping
Refreshing native plugins compatible for Editor in 2.03 ms, found 3 plugins.
Preloading 0 native plugins for Editor in 0.00 ms.
Unloading 3235 Unused Serialized files (Serialized files now loaded: 0)
Unloading 16 unused Assets / (83.1 KB). Loaded Objects now: 3814.
Memory consumption went from 139.0 MB to 139.0 MB.
Total: 2.547000 ms (FindLiveObjects: 0.207000 ms CreateObjectMapping: 0.065500 ms MarkObjects: 2.171600 ms  DeleteObjects: 0.102100 ms)

AssetImportParameters requested are different than current active one (requested -> active):
  custom:video-decoder-ogg-theora: a1e56fd34408186e4bbccfd4996cb3dc -> 
  custom:container-muxer-webm: aa71ff27fc2769a1b78a27578f13a17b -> 
  custom:container-demuxer-webm: 4f35f7cbe854078d1ac9338744f61a02 -> 
  custom:video-encoder-webm-vp8: eb34c28f22e8b96e1ab97ce403110664 -> 
  custom:video-codec-MediaFoundation-h265: 746d11721c4dcdbdad8f713fa42b33f4 -> 
  custom:audio-encoder-webm-vorbis: bf7c407c2cedff20999df2af8eb42d56 -> 
  custom:framework-win-MediaFoundation: 216162199b28c13a410421893ffa2e32 -> 
  custom:container-demuxer-ogg: 62fdf1f143b41e24485cea50d1cbac27 -> 
  custom:video-decoder-webm-vp8: 9c59270c3fd7afecdb556c50c9e8de78 -> 
  custom:audio-decoder-ogg-vorbis: bf7c407c2cedff20999df2af8eb42d56 -> 
========================================================================
Received Import Request.
  Time since last request: 30.599661 seconds.
  path: Assets/Imported Mats/[2K]Wood08/Wood08_col.jpg
  artifactKey: Guid(c0b49fc7998acc54d909ca4c0de9a7dc) Importer(815301076,1909f56bfc062723c751e8b465ee728b)
Start importing Assets/Imported Mats/[2K]Wood08/Wood08_col.jpg using Guid(c0b49fc7998acc54d909ca4c0de9a7dc) Importer(815301076,1909f56bfc062723c751e8b465ee728b)  -> (artifact id: 'c7655c87ba7a3715e607e38202bc091d') in 0.037232 seconds 
========================================================================
Received Import Request.
  Time since last request: 0.000017 seconds.
  path: Assets/Imported Mats/[2K]Wood08/Wood08_disp.jpg
  artifactKey: Guid(022e7880d3f5b6b4bb5d3d7efbd6eb98) Importer(815301076,1909f56bfc062723c751e8b465ee728b)
Start importing Assets/Imported Mats/[2K]Wood08/Wood08_disp.jpg using Guid(022e7880d3f5b6b4bb5d3d7efbd6eb98) Importer(815301076,1909f56bfc062723c751e8b465ee728b)  -> (artifact id: '530694fd0669125c107e07d08abaa18e') in 0.009424 seconds 
========================================================================
Received Import Request.
  Time since last request: 7.595419 seconds.
  path: Assets/Imported Mats/Metal012_2K-JPG/Metal012_2K_Color.jpg
  artifactKey: Guid(f859ae91fee31704a96d9f7b4ea3aa28) Importer(815301076,1909f56bfc062723c751e8b465ee728b)
Start importing Assets/Imported Mats/Metal012_2K-JPG/Metal012_2K_Color.jpg using Guid(f859ae91fee31704a96d9f7b4ea3aa28) Importer(815301076,1909f56bfc062723c751e8b465ee728b)  -> (artifact id: 'be6a4b04160eddf555eb8463d27e078c') in 0.008656 seconds 
========================================================================
Received Import Request.
  Time since last request: 0.017030 seconds.
  path: Assets/Imported Mats/Metal012_2K-JPG/Metal012_2K_Displacement.jpg
  artifactKey: Guid(4772f434c26151c419e30026fb9901e7) Importer(815301076,1909f56bfc062723c751e8b465ee728b)
Start importing Assets/Imported Mats/Metal012_2K-JPG/Metal012_2K_Displacement.jpg using Guid(4772f434c26151c419e30026fb9901e7) Importer(815301076,1909f56bfc062723c751e8b465ee728b)  -> (artifact id: 'f2bbc10eaa1f35576afa23c5ac267ff5') in 0.010311 seconds 
========================================================================
Received Import Request.
  Time since last request: 8.489078 seconds.
  path: Assets/Imported Mats/Ground037_2K-JPG/Ground037_2K_Normal.jpg
  artifactKey: Guid(a0521c881cd45714d8209369740c1710) Importer(815301076,1909f56bfc062723c751e8b465ee728b)
Start importing Assets/Imported Mats/Ground037_2K-JPG/Ground037_2K_Normal.jpg using Guid(a0521c881cd45714d8209369740c1710) Importer(815301076,1909f56bfc062723c751e8b465ee728b)  -> (artifact id: '92a46daf962d850661fe9f8d8b2decd8') in 0.011200 seconds 
========================================================================
Received Import Request.
  Time since last request: 0.013906 seconds.
  path: Assets/Imported Mats/Ground037_2K-JPG/Ground037_2K_AmbientOcclusion.jpg
  artifactKey: Guid(07235df006191764b9e323a8e9f8c8e9) Importer(815301076,1909f56bfc062723c751e8b465ee728b)
Start importing Assets/Imported Mats/Ground037_2K-JPG/Ground037_2K_AmbientOcclusion.jpg using Guid(07235df006191764b9e323a8e9f8c8e9) Importer(815301076,1909f56bfc062723c751e8b465ee728b)  -> (artifact id: '960221899006d17682178a6fdd5b7b00') in 0.009917 seconds 
========================================================================
Received Import Request.
  Time since last request: 0.000016 seconds.
  path: Assets/Imported Mats/Ground037_2K-JPG/Ground037_2K_Roughness.jpg
  artifactKey: Guid(4974cf1f8f6a30343b3afeddd8dedc0e) Importer(815301076,1909f56bfc062723c751e8b465ee728b)
Start importing Assets/Imported Mats/Ground037_2K-JPG/Ground037_2K_Roughness.jpg using Guid(4974cf1f8f6a30343b3afeddd8dedc0e) Importer(815301076,1909f56bfc062723c751e8b465ee728b)  -> (artifact id: '78fd2c079902260ca5ab15549030831b') in 0.009095 seconds 
========================================================================
Received Import Request.
  Time since last request: 16.042364 seconds.
  path: Assets/Imported Mats/Gravel023_2K-JPG/Gravel023_2K_AmbientOcclusion.jpg
  artifactKey: Guid(2c76d0995eed69944b026dc37f0067ff) Importer(815301076,1909f56bfc062723c751e8b465ee728b)
Start importing Assets/Imported Mats/Gravel023_2K-JPG/Gravel023_2K_AmbientOcclusion.jpg using Guid(2c76d0995eed69944b026dc37f0067ff) Importer(815301076,1909f56bfc062723c751e8b465ee728b)  -> (artifact id: 'cb87c789512f6b05e1258f6609b7c121') in 0.010071 seconds 
========================================================================
Received Import Request.
  Time since last request: 0.010263 seconds.
  path: Assets/Imported Mats/Gravel023_2K-JPG/Gravel023_2K_Color.jpg
  artifactKey: Guid(9852a5ff48a72814a9f448e40b12c66d) Importer(815301076,1909f56bfc062723c751e8b465ee728b)
Start importing Assets/Imported Mats/Gravel023_2K-JPG/Gravel023_2K_Color.jpg using Guid(9852a5ff48a72814a9f448e40b12c66d) Importer(815301076,1909f56bfc062723c751e8b465ee728b)  -> (artifact id: 'c3c847125d1a7cb38ad294c7c6e9810c') in 0.008953 seconds 
========================================================================
Received Import Request.
  Time since last request: 0.000019 seconds.
  path: Assets/Imported Mats/Gravel023_2K-JPG/Gravel023_2K_Roughness.jpg
  artifactKey: Guid(f74052811d618dd43856d8528ddfd7c3) Importer(815301076,1909f56bfc062723c751e8b465ee728b)
Start importing Assets/Imported Mats/Gravel023_2K-JPG/Gravel023_2K_Roughness.jpg using Guid(f74052811d618dd43856d8528ddfd7c3) Importer(815301076,1909f56bfc062723c751e8b465ee728b)  -> (artifact id: 'a124c8dbfb6c60b20f4ddf9367e386fe') in 0.008628 seconds 
========================================================================
Received Prepare
Registering precompiled user dll's ...
Registered in 0.003182 seconds.
Begin MonoManager ReloadAssembly
Symbol file LoadedFromMemory doesn't match image C:\Users\Benjy\Documents\Unity\Suburb\Library\PackageCache\com.unity.visualscripting@1.7.6\Editor\VisualScripting.Core\Dependencies\YamlDotNet\Unity.VisualScripting.YamlDotNet.dll
Symbol file LoadedFromMemory is not a mono symbol file
Symbol file LoadedFromMemory doesn't match image C:\Users\Benjy\Documents\Unity\Suburb\Library\PackageCache\com.unity.visualscripting@1.7.6\Editor\VisualScripting.Core\Dependencies\DotNetZip\Unity.VisualScripting.IonicZip.dll
Native extension for UWP target not found
Native extension for WindowsStandalone target not found
Native extension for Android target not found
Native extension for WebGL target not found
Refreshing native plugins compatible for Editor in 0.63 ms, found 3 plugins.
Preloading 0 native plugins for Editor in 0.00 ms.
Mono: successfully reloaded assembly
- Completed reload, in  0.817 seconds
Domain Reload Profiling:
	ReloadAssembly (818ms)
		BeginReloadAssembly (110ms)
			ExecutionOrderSort (0ms)
			DisableScriptedObjects (4ms)
			BackupInstance (0ms)
			ReleaseScriptingObjects (0ms)
			CreateAndSetChildDomain (36ms)
		EndReloadAssembly (620ms)
			LoadAssemblies (71ms)
			RebuildTransferFunctionScriptingTraits (0ms)
			SetupTypeCache (205ms)
			ReleaseScriptCaches (1ms)
			RebuildScriptCaches (32ms)
			SetupLoadedEditorAssemblies (270ms)
				LogAssemblyErrors (0ms)
				InitializePlatformSupportModulesInManaged (21ms)
				SetLoadedEditorAssemblies (0ms)
				RefreshPlugins (1ms)
				BeforeProcessingInitializeOnLoad (58ms)
				ProcessInitializeOnLoadAttributes (164ms)
				ProcessInitializeOnLoadMethodAttributes (18ms)
				AfterProcessingInitializeOnLoad (7ms)
				EditorAssembliesLoaded (0ms)
			ExecutionOrderSort2 (0ms)
			AwakeInstancesAfterBackupRestoration (4ms)
Platform modules already initialized, skipping
Refreshing native plugins compatible for Editor in 1.68 ms, found 3 plugins.
Preloading 0 native plugins for Editor in 0.00 ms.
Unloading 3235 Unused Serialized files (Serialized files now loaded: 0)
Unloading 16 unused Assets / (83.2 KB). Loaded Objects now: 3817.
Memory consumption went from 139.0 MB to 139.0 MB.
Total: 2.187200 ms (FindLiveObjects: 0.208600 ms CreateObjectMapping: 0.084100 ms MarkObjects: 1.809400 ms  DeleteObjects: 0.084300 ms)

AssetImportParameters requested are different than current active one (requested -> active):
  custom:video-decoder-ogg-theora: a1e56fd34408186e4bbccfd4996cb3dc -> 
  custom:container-muxer-webm: aa71ff27fc2769a1b78a27578f13a17b -> 
  custom:container-demuxer-webm: 4f35f7cbe854078d1ac9338744f61a02 -> 
  custom:video-encoder-webm-vp8: eb34c28f22e8b96e1ab97ce403110664 -> 
  custom:video-codec-MediaFoundation-h265: 746d11721c4dcdbdad8f713fa42b33f4 -> 
  custom:audio-encoder-webm-vorbis: bf7c407c2cedff20999df2af8eb42d56 -> 
  custom:framework-win-MediaFoundation: 216162199b28c13a410421893ffa2e32 -> 
  custom:container-demuxer-ogg: 62fdf1f143b41e24485cea50d1cbac27 -> 
  custom:video-decoder-webm-vp8: 9c59270c3fd7afecdb556c50c9e8de78 -> 
  custom:audio-decoder-ogg-vorbis: bf7c407c2cedff20999df2af8eb42d56 -> 
========================================================================
Received Import Request.
  Time since last request: 67.443194 seconds.
  path: Assets/Plane.prefab
  artifactKey: Guid(bbf969bd460c739489e6316e12449aa5) Importer(815301076,1909f56bfc062723c751e8b465ee728b)
Start importing Assets/Plane.prefab using Guid(bbf969bd460c739489e6316e12449aa5) Importer(815301076,1909f56bfc062723c751e8b465ee728b)  -> (artifact id: '5de640d6e97e2c0d79d0eecdc05e488f') in 0.054963 seconds 
========================================================================
Received Import Request.
  Time since last request: 2.639012 seconds.
  path: Assets/Prefabs/House/Mats/House Brick.mat
  artifactKey: Guid(bba7adad2b0449143918b942f34e0818) Importer(815301076,1909f56bfc062723c751e8b465ee728b)
Start importing Assets/Prefabs/House/Mats/House Brick.mat using Guid(bba7adad2b0449143918b942f34e0818) Importer(815301076,1909f56bfc062723c751e8b465ee728b)  -> (artifact id: 'f576e744cb0cd1c58d93eb4539dd94cc') in 0.020604 seconds 
========================================================================
Received Import Request.
  Time since last request: 1.529939 seconds.
  path: Assets/Prefabs/House/Parts/House Corner Roof 1 Mirror.prefab
  artifactKey: Guid(5460c414afabf0342bb9b15b1ba3cbe4) Importer(815301076,1909f56bfc062723c751e8b465ee728b)
Start importing Assets/Prefabs/House/Parts/House Corner Roof 1 Mirror.prefab using Guid(5460c414afabf0342bb9b15b1ba3cbe4) Importer(815301076,1909f56bfc062723c751e8b465ee728b)  -> (artifact id: 'd259e379e41728a0caafe53dee1b8ecc') in 0.012392 seconds 
========================================================================
Received Import Request.
  Time since last request: 0.002997 seconds.
  path: Assets/Prefabs/House/Parts/House Corner Roof 2.prefab
  artifactKey: Guid(7e38a8b5e767cbe41b0d7e4dff61f31a) Importer(815301076,1909f56bfc062723c751e8b465ee728b)
Start importing Assets/Prefabs/House/Parts/House Corner Roof 2.prefab using Guid(7e38a8b5e767cbe41b0d7e4dff61f31a) Importer(815301076,1909f56bfc062723c751e8b465ee728b)  -> (artifact id: '55622949f5585ca55f8529176b070902') in 0.010178 seconds 
========================================================================
Received Import Request.
  Time since last request: 0.000013 seconds.
  path: Assets/Prefabs/House/Parts/House Roof Corner Flap Large.prefab
  artifactKey: Guid(6af91862b8507984e805299fd54b3dc5) Importer(815301076,1909f56bfc062723c751e8b465ee728b)
Start importing Assets/Prefabs/House/Parts/House Roof Corner Flap Large.prefab using Guid(6af91862b8507984e805299fd54b3dc5) Importer(815301076,1909f56bfc062723c751e8b465ee728b)  -> (artifact id: '9988b739bce819d7cc2cc49e316e9e73') in 0.011401 seconds 
========================================================================
Received Import Request.
  Time since last request: 0.000016 seconds.
  path: Assets/Prefabs/House/Parts/Yard Roof 2.prefab
  artifactKey: Guid(09a56ffb4b3d48f4bbfde801a1644f6b) Importer(815301076,1909f56bfc062723c751e8b465ee728b)
Start importing Assets/Prefabs/House/Parts/Yard Roof 2.prefab using Guid(09a56ffb4b3d48f4bbfde801a1644f6b) Importer(815301076,1909f56bfc062723c751e8b465ee728b)  -> (artifact id: 'de3b9ed6d7e11990b0bbd69e3f9bc53b') in 0.009874 seconds 
========================================================================
Received Import Request.
  Time since last request: 0.000017 seconds.
  path: Assets/Prefabs/House/Parts/Yard Roof 1.prefab
  artifactKey: Guid(b8514ed4d94921b43a5761ba3b1f6f03) Importer(815301076,1909f56bfc062723c751e8b465ee728b)
Start importing Assets/Prefabs/House/Parts/Yard Roof 1.prefab using Guid(b8514ed4d94921b43a5761ba3b1f6f03) Importer(815301076,1909f56bfc062723c751e8b465ee728b)  -> (artifact id: 'aa1fcf3a9a63250ec5680f35aa3a153e') in 0.010405 seconds 
========================================================================
Received Import Request.
  Time since last request: 0.000014 seconds.
  path: Assets/Prefabs/House/Parts/House Dead End Roof.prefab
  artifactKey: Guid(859b8d2c27a8aa24fbdfe0a99b5f8604) Importer(815301076,1909f56bfc062723c751e8b465ee728b)
Start importing Assets/Prefabs/House/Parts/House Dead End Roof.prefab using Guid(859b8d2c27a8aa24fbdfe0a99b5f8604) Importer(815301076,1909f56bfc062723c751e8b465ee728b)  -> (artifact id: '4dc80595bb241d59d8f0ed1ecde1ed6a') in 0.010585 seconds 
========================================================================
Received Import Request.
  Time since last request: 0.000013 seconds.
  path: Assets/Prefabs/House/Parts/House Roof Dead End Triangle.prefab
  artifactKey: Guid(437269c9cce7f484fa4e874a67fd8fa3) Importer(815301076,1909f56bfc062723c751e8b465ee728b)
Start importing Assets/Prefabs/House/Parts/House Roof Dead End Triangle.prefab using Guid(437269c9cce7f484fa4e874a67fd8fa3) Importer(815301076,1909f56bfc062723c751e8b465ee728b)  -> (artifact id: '63d914d6584d1cff3f28f8d32cd3a29e') in 0.009476 seconds 
========================================================================
Received Import Request.
  Time since last request: 0.000013 seconds.
  path: Assets/Prefabs/House/Parts/House Wall 07-0.prefab
  artifactKey: Guid(3410666b1f5cb21428be8dd22cab7604) Importer(815301076,1909f56bfc062723c751e8b465ee728b)
Start importing Assets/Prefabs/House/Parts/House Wall 07-0.prefab using Guid(3410666b1f5cb21428be8dd22cab7604) Importer(815301076,1909f56bfc062723c751e8b465ee728b)  -> (artifact id: '36846673457baa8e9d68448ff0b7ebb6') in 0.009725 seconds 
========================================================================
Received Import Request.
  Time since last request: 0.000015 seconds.
  path: Assets/Prefabs/House/Parts/House Dead End Roof 2.prefab
  artifactKey: Guid(1136e52d8a1ca134eb0a93ecb8c43f9e) Importer(815301076,1909f56bfc062723c751e8b465ee728b)
Start importing Assets/Prefabs/House/Parts/House Dead End Roof 2.prefab using Guid(1136e52d8a1ca134eb0a93ecb8c43f9e) Importer(815301076,1909f56bfc062723c751e8b465ee728b)  -> (artifact id: 'ebc946a973b1c07f1d97df185e4b21fa') in 0.011036 seconds 
========================================================================
Received Import Request.
  Time since last request: 4.953915 seconds.
  path: Assets/Prefabs/House/Mats/House Shingles 1.mat
  artifactKey: Guid(6900ff0b6930ef143a3a5807caf56e2c) Importer(815301076,1909f56bfc062723c751e8b465ee728b)
Start importing Assets/Prefabs/House/Mats/House Shingles 1.mat using Guid(6900ff0b6930ef143a3a5807caf56e2c) Importer(815301076,1909f56bfc062723c751e8b465ee728b)  -> (artifact id: 'a64c3400dfdd2a838b944b472d1365e5') in 0.009156 seconds 
========================================================================
Received Import Request.
  Time since last request: 4.698596 seconds.
  path: Assets/Prefabs/House/Mats/House Shingles mini.mat
  artifactKey: Guid(6900ff0b6930ef143a3a5807caf56e2c) Importer(815301076,1909f56bfc062723c751e8b465ee728b)
Start importing Assets/Prefabs/House/Mats/House Shingles mini.mat using Guid(6900ff0b6930ef143a3a5807caf56e2c) Importer(815301076,1909f56bfc062723c751e8b465ee728b)  -> (artifact id: '6e03076db5269a3da5ec5e139d9bca6e') in 0.008929 seconds 
========================================================================
Received Import Request.
  Time since last request: 2.801465 seconds.
  path: Assets/Prefabs/House/Lego House Corner.prefab
  artifactKey: Guid(dc9219c819616d746807701957435636) Importer(815301076,1909f56bfc062723c751e8b465ee728b)
Start importing Assets/Prefabs/House/Lego House Corner.prefab using Guid(dc9219c819616d746807701957435636) Importer(815301076,1909f56bfc062723c751e8b465ee728b)  -> (artifact id: 'f5b9fd6eaf929c3c7ab1a154496c573f') in 0.018580 seconds 
========================================================================
Received Import Request.
  Time since last request: 0.000016 seconds.
  path: Assets/Prefabs/House/Lego House Yard.prefab
  artifactKey: Guid(293d5f49636ddc54cb7b2e8212cf0870) Importer(815301076,1909f56bfc062723c751e8b465ee728b)
Start importing Assets/Prefabs/House/Lego House Yard.prefab using Guid(293d5f49636ddc54cb7b2e8212cf0870) Importer(815301076,1909f56bfc062723c751e8b465ee728b)  -> (artifact id: '3c56728b32bd2c69a70b605e9b12904b') in 0.017267 seconds 
========================================================================
Received Import Request.
  Time since last request: 0.000014 seconds.
  path: Assets/Prefabs/House/Lego House xRoads.prefab
  artifactKey: Guid(70fce4fdd91f43a41bb56111acd6dc6c) Importer(815301076,1909f56bfc062723c751e8b465ee728b)
Start importing Assets/Prefabs/House/Lego House xRoads.prefab using Guid(70fce4fdd91f43a41bb56111acd6dc6c) Importer(815301076,1909f56bfc062723c751e8b465ee728b)  -> (artifact id: 'e0d6e342c10e424b9b9553d3c1d81f2e') in 0.017694 seconds 
Editor requested this worker to shutdown with reason: Scaling down because of idle timeout
AssetImportWorker is now disconnected from the server
Process exiting
Exiting without the bug reporter. Application will terminate with return code 0